2021-03-12 11:18:48,867 [main:24] - Name = /home/stepanov/Kotlin/bbfgradle/tmp/arrays/forInUntilReversedReversed.kt
2021-03-12 11:18:53,319 [main:53] - Start to mutate
2021-03-12 11:18:53,319 [main:54] - BEFORE = import kotlin.test.*

val log = StringBuilder()

fun logged(message: String, value: Int) =
    value.also { log.append(message) }

fun box(): String {
    var sum = 0
    for (i in (logged("start;", 1) until logged("end;", 5)).reversed().reversed()) {
        sum = sum * 10 + i
    }

    assertEquals(1234, sum)

    assertEquals("start;end;", log.toString())

    return "OK"
}
2021-03-12 11:18:54,230 [main:40] - Mutation of tmp/tmp0.kt started
2021-03-12 11:18:54,601 [main:19] - Cur transformation AddDefaultValueToArg
2021-03-12 11:19:01,588 [main:19] - Cur transformation LocalTCE
2021-03-12 11:19:30,000 [main:19] - Cur transformation AddReificationToTypeParam
2021-03-12 11:19:30,022 [main:19] - Cur transformation TCETransformation
