2021-03-12 02:09:35,247 [main:24] - Name = /home/stepanov/Kotlin/bbfgradle/tmp/arrays/localClassCaptureExtensionReceiver.kt
2021-03-12 02:09:38,950 [main:53] - Start to mutate
2021-03-12 02:09:38,951 [main:54] - BEFORE = class Outer {
    val foo = "Foo"

    fun String.id(): String {
        class Local(unused: Long) {
            fun result() = this@id
            fun outer() = this@Outer
        }

        val l = Local(42L)
        return l.result() + l.outer().foo
    }

    fun result(): String = "OK".id()
}

fun box(): String {
    val r = Outer().result()

    if (r != "OKFoo") return "Fail: $r"

    return "OK"
}
2021-03-12 02:09:39,612 [main:40] - Mutation of tmp/tmp0.kt started
2021-03-12 02:09:40,042 [main:19] - Cur transformation AddDefaultValueToArg
2021-03-12 02:09:42,296 [main:19] - Cur transformation LocalTCE
2021-03-12 02:10:05,288 [main:19] - Cur transformation AddReificationToTypeParam
2021-03-12 02:10:05,296 [main:19] - Cur transformation TCETransformation
