2021-03-12 08:05:32,340 [main:24] - Name = /home/stepanov/Kotlin/bbfgradle/tmp/arrays/compoundAssignmentToArrayAccessToExtensionPropertyImportedFromObject.kt
2021-03-12 08:05:36,330 [main:53] - Start to mutate
2021-03-12 08:05:36,330 [main:54] - BEFORE = import Host.x

object A {
    var xx = intArrayOf(0)
}

object Host {
    val A.x get() = A.xx
}

fun box(): String {
    A.x[0] += 1
    if (A.x[0] != 1) return "Fail 1: ${A.x[0]}"

    A.x[0]++
    if (A.x[0] != 2) return "Fail 2: ${A.x[0]}"

    ++A.x[0]
    if (A.x[0] != 3) return "Fail 3: ${A.x[0]}"

    return "OK"
}
2021-03-12 08:05:37,170 [main:40] - Mutation of tmp/tmp0.kt started
2021-03-12 08:05:37,677 [main:19] - Cur transformation AddDefaultValueToArg
2021-03-12 08:05:37,920 [main:19] - Cur transformation LocalTCE
2021-03-12 08:06:34,539 [main:19] - Cur transformation AddReificationToTypeParam
2021-03-12 08:06:34,551 [main:19] - Cur transformation TCETransformation
