2021-03-12 04:39:08,012 [main:24] - Name = /home/stepanov/Kotlin/bbfgradle/tmp/arrays/switchBreakNoLabel.kt
2021-03-12 04:39:11,847 [main:53] - Start to mutate
2021-03-12 04:39:11,847 [main:54] - BEFORE = fun test(): Boolean {
    var flagOuter = false
    var flagInner = false
    for (i in 0..5) {
        when (i) {
            1 -> Unit
            2 -> Unit
            3 -> {
                for (j in 0..5) {
                    when (j) {
                        1 -> Unit
                        2 -> {
                            flagInner = true
                            break
                        }
                        else -> flagInner = false
                    }
                }
            }
            4 -> {
                flagOuter = true
                break
            }
            else -> flagOuter = false
        }
    }

    return flagOuter and flagInner
}

fun box(): String {
    val flag = test()
    return if (flag) "OK" else "fail1"
}
2021-03-12 04:39:12,625 [main:40] - Mutation of tmp/tmp0.kt started
2021-03-12 04:39:13,011 [main:19] - Cur transformation AddDefaultValueToArg
2021-03-12 04:39:13,197 [main:19] - Cur transformation LocalTCE
2021-03-12 04:39:48,994 [main:19] - Cur transformation AddReificationToTypeParam
2021-03-12 04:39:49,002 [main:19] - Cur transformation TCETransformation
