2021-03-12 12:22:02,217 [main:24] - Name = /home/stepanov/Kotlin/bbfgradle/tmp/arrays/kt19723.kt
2021-03-12 12:22:07,738 [main:53] - Start to mutate
2021-03-12 12:22:07,738 [main:54] - BEFORE = 

inline fun String.fire(message: String? = null) {
    val res = this + message!!
}

fun box(): String {
    val receiver = "receiver"
    "".let {
        {
            receiver.fire()
        }
    }
    return "OK"
}


2021-03-12 12:22:08,409 [main:40] - Mutation of tmp/tmp0.kt started
2021-03-12 12:22:08,655 [main:19] - Cur transformation AddDefaultValueToArg
2021-03-12 12:22:08,858 [main:19] - Cur transformation LocalTCE
2021-03-12 12:22:35,386 [main:19] - Cur transformation AddReificationToTypeParam
2021-03-12 12:22:35,394 [main:19] - Cur transformation TCETransformation
