2021-03-12 11:08:36,568 [main:66] - Compilation checking started
2021-03-12 11:08:38,342 [main:45] - Trying to change 14 nodes
2021-03-12 11:08:38,346 [main:53] - replacing (0, Int)
2021-03-12 11:08:38,346 [main:50] - replacing 0 Int
2021-03-12 11:08:38,346 [main:54] - Getting value of type Int
2021-03-12 11:08:38,458 [main:302] - generating value of type = Int true depth = 0
2021-03-12 11:08:38,459 [main:58] - GENERATED VALUE OF TYPE Int = -1377632274
2021-03-12 11:08:38,460 [main:61] - GENERATED IS CALL =false
2021-03-12 11:08:38,463 [main:67] - randomType = Int
2021-03-12 11:08:38,588 [main:302] - generating value of type = Int true depth = 0
2021-03-12 11:08:39,174 [main:149] - GENERATING call of type public final operator fun div(other: kotlin.Double): kotlin.Double defined in kotlin.Int[DeserializedSimpleFunctionDescriptor@7c0ae213]
2021-03-12 11:08:39,268 [main:302] - generating value of type = Double true depth = 0
2021-03-12 11:08:39,270 [main:149] - GENERATING call of type public open fun toInt(): kotlin.Int defined in kotlin.Double[DeserializedSimpleFunctionDescriptor@10c62889]
2021-03-12 11:08:39,271 [main:78] - Generated call from random type = (-1910248407).div(0.5321742287815178).toInt()
2021-03-12 11:08:39,291 [main:106] - GETTING Int from ArrayList<Int>
2021-03-12 11:08:39,570 [main:113] - Case = [protected final var modCount: kotlin.Int defined in kotlin.collections.ArrayList[DeserializedPropertyDescriptor@4a280c62], public final infix fun or(other: kotlin.Int): kotlin.Int defined in kotlin.Int[DeserializedSimpleFunctionDescriptor@1c120935]]
2021-03-12 11:08:39,570 [main:149] - GENERATING call of type public final infix fun or(other: kotlin.Int): kotlin.Int defined in kotlin.Int[DeserializedSimpleFunctionDescriptor@1c120935]
2021-03-12 11:08:39,572 [main:117] - GENERATED CALL = (l).modCount.or(x)
2021-03-12 11:08:39,574 [main:113] - Case = [@kotlin.SinceKotlin @kotlin.WasExperimental public fun <T> kotlin.collections.MutableList<T>.removeFirstOrNull(): T? defined in kotlin.collections[DeserializedSimpleFunctionDescriptor@1180e245]]
2021-03-12 11:08:39,575 [main:149] - GENERATING call of type @kotlin.SinceKotlin @kotlin.WasExperimental public fun <T> kotlin.collections.MutableList<T>.removeFirstOrNull(): T? defined in kotlin.collections[DeserializedSimpleFunctionDescriptor@1180e245]
2021-03-12 11:08:39,576 [main:117] - GENERATED CALL = (l).removeFirstOrNull()
2021-03-12 11:08:39,576 [main:113] - Case = [public abstract val size: kotlin.Int defined in kotlin.collections.MutableList[DeserializedPropertyDescriptor@775c1043], public final infix fun xor(other: kotlin.Int): kotlin.Int defined in kotlin.Int[DeserializedSimpleFunctionDescriptor@37389825]]
2021-03-12 11:08:39,576 [main:149] - GENERATING call of type public final infix fun xor(other: kotlin.Int): kotlin.Int defined in kotlin.Int[DeserializedSimpleFunctionDescriptor@37389825]
2021-03-12 11:08:39,679 [main:302] - generating value of type = Int true depth = 0
2021-03-12 11:08:39,681 [main:117] - GENERATED CALL = (l).size.xor(836315533)
2021-03-12 11:08:39,682 [main:113] - Case = [public open fun subList(fromIndex: kotlin.Int, toIndex: kotlin.Int): kotlin.collections.MutableList<kotlin.Int> defined in kotlin.collections.ArrayList[DeserializedSimpleFunctionDescriptor@257ef7ca], @kotlin.SinceKotlin @kotlin.WasExperimental public fun <T> kotlin.collections.MutableList<T>.removeFirstOrNull(): T? defined in kotlin.collections[DeserializedSimpleFunctionDescriptor@1180e245]]
2021-03-12 11:08:39,682 [main:149] - GENERATING call of type public open fun subList(fromIndex: kotlin.Int, toIndex: kotlin.Int): kotlin.collections.MutableList<kotlin.Int> defined in kotlin.collections.ArrayList[DeserializedSimpleFunctionDescriptor@257ef7ca]
2021-03-12 11:08:39,780 [main:302] - generating value of type = Int true depth = 0
2021-03-12 11:08:39,883 [main:302] - generating value of type = Int true depth = 0
2021-03-12 11:08:39,884 [main:149] - GENERATING call of type @kotlin.SinceKotlin @kotlin.WasExperimental public fun <T> kotlin.collections.MutableList<T>.removeFirstOrNull(): T? defined in kotlin.collections[DeserializedSimpleFunctionDescriptor@1180e245]
2021-03-12 11:08:39,886 [main:117] - GENERATED CALL = (l).subList(214810627, 208255750).removeFirstOrNull()
2021-03-12 11:08:39,886 [main:113] - Case = [public abstract val size: kotlin.Int defined in kotlin.collections.MutableList[DeserializedPropertyDescriptor@775c1043], public final infix fun shr(bitCount: kotlin.Int): kotlin.Int defined in kotlin.Int[DeserializedSimpleFunctionDescriptor@6c9696c5]]
2021-03-12 11:08:39,887 [main:149] - GENERATING call of type public final infix fun shr(bitCount: kotlin.Int): kotlin.Int defined in kotlin.Int[DeserializedSimpleFunctionDescriptor@6c9696c5]
2021-03-12 11:08:40,013 [main:302] - generating value of type = Int true depth = 0
2021-03-12 11:08:40,015 [main:117] - GENERATED CALL = (l).size.shr(-914205476)
2021-03-12 11:08:40,017 [main:113] - Case = [protected open fun toArray(): kotlin.Array<kotlin.Any?> defined in kotlin.collections.ArrayList[DeserializedSimpleFunctionDescriptor@40dba6b1], @kotlin.SinceKotlin @kotlin.OverloadResolutionByLambdaReturnType @kotlin.jvm.JvmName @kotlin.internal.InlineOnly public inline fun <T> kotlin.Array<out T>.sumOf(selector: (T) -> kotlin.Int): kotlin.Int defined in kotlin.collections[DeserializedSimpleFunctionDescriptor@2399575a]]
2021-03-12 11:08:40,018 [main:149] - GENERATING call of type protected open fun toArray(): kotlin.Array<kotlin.Any?> defined in kotlin.collections.ArrayList[DeserializedSimpleFunctionDescriptor@40dba6b1]
2021-03-12 11:08:40,019 [main:149] - GENERATING call of type @kotlin.SinceKotlin @kotlin.OverloadResolutionByLambdaReturnType @kotlin.jvm.JvmName @kotlin.internal.InlineOnly public inline fun <T> kotlin.Array<out T>.sumOf(selector: (T) -> kotlin.Int): kotlin.Int defined in kotlin.collections[DeserializedSimpleFunctionDescriptor@2399575a]
2021-03-12 11:08:40,120 [main:302] - generating value of type = Function1<T, Int> false depth = 0
2021-03-12 11:08:40,121 [main:302] - generating value of type = Int true depth = 1
2021-03-12 11:08:40,125 [main:117] - GENERATED CALL = (l).toArray().sumOf({a: T -> -45533521})
2021-03-12 11:08:40,125 [main:113] - Case = [@kotlin.SinceKotlin @kotlin.WasExperimental public fun <T> kotlin.collections.MutableList<T>.removeFirst(): T defined in kotlin.collections[DeserializedSimpleFunctionDescriptor@7921e6f3]]
2021-03-12 11:08:40,125 [main:149] - GENERATING call of type @kotlin.SinceKotlin @kotlin.WasExperimental public fun <T> kotlin.collections.MutableList<T>.removeFirst(): T defined in kotlin.collections[DeserializedSimpleFunctionDescriptor@7921e6f3]
2021-03-12 11:08:40,127 [main:117] - GENERATED CALL = (l).removeFirst()
2021-03-12 11:08:40,127 [main:113] - Case = [public fun <T> kotlin.collections.Iterable<T>.singleOrNull(): T? defined in kotlin.collections[DeserializedSimpleFunctionDescriptor@584c289b]]
2021-03-12 11:08:40,127 [main:149] - GENERATING call of type public fun <T> kotlin.collections.Iterable<T>.singleOrNull(): T? defined in kotlin.collections[DeserializedSimpleFunctionDescriptor@584c289b]
2021-03-12 11:08:40,128 [main:117] - GENERATED CALL = (l).singleOrNull()
2021-03-12 11:08:40,128 [main:113] - Case = [public abstract val size: kotlin.Int defined in kotlin.collections.MutableList[DeserializedPropertyDescriptor@775c1043], public final operator fun unaryPlus(): kotlin.Int defined in kotlin.Int[DeserializedSimpleFunctionDescriptor@2628b479]]
2021-03-12 11:08:40,128 [main:149] - GENERATING call of type public final operator fun unaryPlus(): kotlin.Int defined in kotlin.Int[DeserializedSimpleFunctionDescriptor@2628b479]
2021-03-12 11:08:40,130 [main:117] - GENERATED CALL = (l).size.unaryPlus()
2021-03-12 11:08:40,130 [main:113] - Case = [public abstract val size: kotlin.Int defined in kotlin.collections.MutableList[DeserializedPropertyDescriptor@775c1043], public final infix fun shl(bitCount: kotlin.Int): kotlin.Int defined in kotlin.Int[DeserializedSimpleFunctionDescriptor@60135b59]]
2021-03-12 11:08:40,130 [main:149] - GENERATING call of type public final infix fun shl(bitCount: kotlin.Int): kotlin.Int defined in kotlin.Int[DeserializedSimpleFunctionDescriptor@60135b59]
2021-03-12 11:08:40,226 [main:302] - generating value of type = Int true depth = 0
2021-03-12 11:08:40,227 [main:117] - GENERATED CALL = (l).size.shl(1193048299)
2021-03-12 11:08:40,227 [main:61] - replacement of 0 of type Int is (-1910248407).div(0.5321742287815178).toInt()
2021-03-12 11:08:40,319 [main:33] - Trying to replace Element(INTEGER_CONSTANT) on Element(DOT_QUALIFIED_EXPRESSION)
2021-03-12 11:08:40,330 [main:66] - Compilation checking started
2021-03-12 11:08:40,772 [main:53] - Result = true
Text:
fun box(): String {
    val l = ArrayList<Int>()
    l.add(1)
    val x = l[(-1910248407).div(0.5321742287815178).toInt()] * 2
    if (x != 2) return "Fail: $x}"
    return "OK"
}
2021-03-12 11:08:40,773 [main:53] - replacing (x, Int)
2021-03-12 11:08:40,773 [main:50] - replacing x Int
2021-03-12 11:08:40,774 [main:54] - Getting value of type Int
2021-03-12 11:08:40,867 [main:302] - generating value of type = Int true depth = 0
2021-03-12 11:08:40,867 [main:58] - GENERATED VALUE OF TYPE Int = -506518201
2021-03-12 11:08:40,868 [main:61] - GENERATED IS CALL =false
2021-03-12 11:08:41,020 [main:67] - randomType = UByte
2021-03-12 11:08:41,140 [main:302] - generating value of type = UByte true depth = 0
2021-03-12 11:08:41,200 [main:149] - GENERATING call of type @kotlin.internal.InlineOnly public open inline fun compareTo(other: kotlin.UByte): kotlin.Int defined in kotlin.UByte[DeserializedSimpleFunctionDescriptor@176d0921]
2021-03-12 11:08:41,289 [main:302] - generating value of type = UByte true depth = 0
2021-03-12 11:08:41,290 [main:149] - GENERATING call of type public final infix fun xor(other: kotlin.Int): kotlin.Int defined in kotlin.Int[DeserializedSimpleFunctionDescriptor@37389825]
2021-03-12 11:08:41,292 [main:78] - Generated call from random type = (68.toUByte()).compareTo(100.toUByte()).xor(x)
2021-03-12 11:08:41,292 [main:106] - GETTING Int from Int
2021-03-12 11:08:41,363 [main:113] - Case = [public final infix fun or(other: kotlin.Int): kotlin.Int defined in kotlin.Int[DeserializedSimpleFunctionDescriptor@1c120935]]
2021-03-12 11:08:41,363 [main:149] - GENERATING call of type public final infix fun or(other: kotlin.Int): kotlin.Int defined in kotlin.Int[DeserializedSimpleFunctionDescriptor@1c120935]
2021-03-12 11:08:41,365 [main:117] - GENERATED CALL = (x).or(x)
2021-03-12 11:08:41,365 [main:113] - Case = [public abstract fun toInt(): kotlin.Int defined in kotlin.Number[DeserializedSimpleFunctionDescriptor@4a687cba], public final operator fun unaryMinus(): kotlin.Int defined in kotlin.Int[DeserializedSimpleFunctionDescriptor@4ec68825]]
2021-03-12 11:08:41,365 [main:149] - GENERATING call of type public abstract fun toInt(): kotlin.Int defined in kotlin.Number[DeserializedSimpleFunctionDescriptor@4a687cba]
2021-03-12 11:08:41,366 [main:149] - GENERATING call of type public final operator fun unaryMinus(): kotlin.Int defined in kotlin.Int[DeserializedSimpleFunctionDescriptor@4ec68825]
2021-03-12 11:08:41,367 [main:117] - GENERATED CALL = (x).toInt().unaryMinus()
2021-03-12 11:08:41,367 [main:113] - Case = [public open fun toByte(): kotlin.Byte defined in kotlin.Int[DeserializedSimpleFunctionDescriptor@1f50d106], public open fun toInt(): kotlin.Int defined in kotlin.Byte[DeserializedSimpleFunctionDescriptor@3b91f637]]
2021-03-12 11:08:41,367 [main:149] - GENERATING call of type public open fun toByte(): kotlin.Byte defined in kotlin.Int[DeserializedSimpleFunctionDescriptor@1f50d106]
2021-03-12 11:08:41,368 [main:149] - GENERATING call of type public open fun toInt(): kotlin.Int defined in kotlin.Byte[DeserializedSimpleFunctionDescriptor@3b91f637]
2021-03-12 11:08:41,369 [main:117] - GENERATED CALL = (x).toByte().toInt()
2021-03-12 11:08:41,370 [main:113] - Case = [public abstract fun toInt(): kotlin.Int defined in kotlin.Number[DeserializedSimpleFunctionDescriptor@4a687cba], public open fun toInt(): kotlin.Int defined in kotlin.Int[DeserializedSimpleFunctionDescriptor@3e7f090b]]
2021-03-12 11:08:41,370 [main:149] - GENERATING call of type public abstract fun toInt(): kotlin.Int defined in kotlin.Number[DeserializedSimpleFunctionDescriptor@4a687cba]
2021-03-12 11:08:41,370 [main:149] - GENERATING call of type public open fun toInt(): kotlin.Int defined in kotlin.Int[DeserializedSimpleFunctionDescriptor@3e7f090b]
2021-03-12 11:08:41,371 [main:117] - GENERATED CALL = (x).toInt().toInt()
2021-03-12 11:08:41,371 [main:113] - Case = [public abstract operator fun compareTo(other: kotlin.Int): kotlin.Int defined in kotlin.Comparable[DeserializedSimpleFunctionDescriptor@4167729a], public open fun toInt(): kotlin.Int defined in kotlin.Int[DeserializedSimpleFunctionDescriptor@3e7f090b]]
2021-03-12 11:08:41,371 [main:149] - GENERATING call of type public abstract operator fun compareTo(other: kotlin.Int): kotlin.Int defined in kotlin.Comparable[DeserializedSimpleFunctionDescriptor@4167729a]
2021-03-12 11:08:41,489 [main:302] - generating value of type = Int true depth = 0
2021-03-12 11:08:41,490 [main:149] - GENERATING call of type public open fun toInt(): kotlin.Int defined in kotlin.Int[DeserializedSimpleFunctionDescriptor@3e7f090b]
2021-03-12 11:08:41,492 [main:117] - GENERATED CALL = (x).compareTo(258932908).toInt()
2021-03-12 11:08:41,492 [main:113] - Case = [public final operator fun unaryMinus(): kotlin.Int defined in kotlin.Int[DeserializedSimpleFunctionDescriptor@4ec68825]]
2021-03-12 11:08:41,492 [main:149] - GENERATING call of type public final operator fun unaryMinus(): kotlin.Int defined in kotlin.Int[DeserializedSimpleFunctionDescriptor@4ec68825]
2021-03-12 11:08:41,493 [main:117] - GENERATED CALL = (x).unaryMinus()
2021-03-12 11:08:41,493 [main:113] - Case = [public abstract operator fun compareTo(other: kotlin.Int): kotlin.Int defined in kotlin.Comparable[DeserializedSimpleFunctionDescriptor@4167729a], @kotlin.SinceKotlin @kotlin.WasExperimental public fun kotlin.Int.countTrailingZeroBits(): kotlin.Int defined in kotlin[DeserializedSimpleFunctionDescriptor@60c69660]]
2021-03-12 11:08:41,493 [main:149] - GENERATING call of type public abstract operator fun compareTo(other: kotlin.Int): kotlin.Int defined in kotlin.Comparable[DeserializedSimpleFunctionDescriptor@4167729a]
2021-03-12 11:08:41,494 [main:149] - GENERATING call of type @kotlin.SinceKotlin @kotlin.WasExperimental public fun kotlin.Int.countTrailingZeroBits(): kotlin.Int defined in kotlin[DeserializedSimpleFunctionDescriptor@60c69660]
2021-03-12 11:08:41,496 [main:117] - GENERATED CALL = (x).compareTo(x).countTrailingZeroBits()
2021-03-12 11:08:41,496 [main:113] - Case = [public open fun toShort(): kotlin.Short defined in kotlin.Int[DeserializedSimpleFunctionDescriptor@5eff0651], public final operator fun times(other: kotlin.Byte): kotlin.Int defined in kotlin.Short[DeserializedSimpleFunctionDescriptor@34049426]]
2021-03-12 11:08:41,496 [main:149] - GENERATING call of type public open fun toShort(): kotlin.Short defined in kotlin.Int[DeserializedSimpleFunctionDescriptor@5eff0651]
2021-03-12 11:08:41,496 [main:149] - GENERATING call of type public final operator fun times(other: kotlin.Byte): kotlin.Int defined in kotlin.Short[DeserializedSimpleFunctionDescriptor@34049426]
2021-03-12 11:08:41,588 [main:302] - generating value of type = Byte true depth = 0
2021-03-12 11:08:41,590 [main:117] - GENERATED CALL = (x).toShort().times(8)
2021-03-12 11:08:41,590 [main:113] - Case = [public open fun toShort(): kotlin.Short defined in kotlin.Int[DeserializedSimpleFunctionDescriptor@5eff0651], public open fun toInt(): kotlin.Int defined in kotlin.Short[DeserializedSimpleFunctionDescriptor@248dfd53]]
2021-03-12 11:08:41,590 [main:149] - GENERATING call of type public open fun toShort(): kotlin.Short defined in kotlin.Int[DeserializedSimpleFunctionDescriptor@5eff0651]
2021-03-12 11:08:41,591 [main:149] - GENERATING call of type public open fun toInt(): kotlin.Int defined in kotlin.Short[DeserializedSimpleFunctionDescriptor@248dfd53]
2021-03-12 11:08:41,592 [main:117] - GENERATED CALL = (x).toShort().toInt()
2021-03-12 11:08:41,592 [main:113] - Case = [public abstract operator fun compareTo(other: kotlin.Int): kotlin.Int defined in kotlin.Comparable[DeserializedSimpleFunctionDescriptor@4167729a], public final operator fun unaryPlus(): kotlin.Int defined in kotlin.Int[DeserializedSimpleFunctionDescriptor@2628b479]]
2021-03-12 11:08:41,592 [main:149] - GENERATING call of type public abstract operator fun compareTo(other: kotlin.Int): kotlin.Int defined in kotlin.Comparable[DeserializedSimpleFunctionDescriptor@4167729a]
2021-03-12 11:08:41,686 [main:302] - generating value of type = Int true depth = 0
2021-03-12 11:08:41,687 [main:149] - GENERATING call of type public final operator fun unaryPlus(): kotlin.Int defined in kotlin.Int[DeserializedSimpleFunctionDescriptor@2628b479]
2021-03-12 11:08:41,688 [main:117] - GENERATED CALL = (x).compareTo(1379291573).unaryPlus()
2021-03-12 11:08:41,688 [main:61] - replacement of x of type Int is (x).compareTo(1379291573).unaryPlus()
2021-03-12 11:08:41,793 [main:33] - Trying to replace Element(REFERENCE_EXPRESSION) on Element(DOT_QUALIFIED_EXPRESSION)
2021-03-12 11:08:41,793 [main:66] - Compilation checking started
2021-03-12 11:08:42,289 [main:53] - Result = true
Text:
fun box(): String {
    val l = ArrayList<Int>()
    l.add(1)
    val x = l[(-1910248407).div(0.5321742287815178).toInt()] * 2
    if (x != 2) return "Fail: $(x).compareTo(1379291573).unaryPlus()}"
    return "OK"
}
2021-03-12 11:08:42,291 [main:53] - replacing (l[(-1910248407).div(0.5321742287815178).toInt()] * 2, Int)
2021-03-12 11:08:42,291 [main:50] - replacing l[(-1910248407).div(0.5321742287815178).toInt()] * 2 Int
2021-03-12 11:08:42,291 [main:54] - Getting value of type Int
2021-03-12 11:08:42,402 [main:302] - generating value of type = Int true depth = 0
2021-03-12 11:08:42,403 [main:58] - GENERATED VALUE OF TYPE Int = -1990406653
2021-03-12 11:08:42,403 [main:61] - GENERATED IS CALL =false
2021-03-12 11:08:42,504 [main:67] - randomType = ULong
2021-03-12 11:08:42,589 [main:302] - generating value of type = ULong true depth = 0
2021-03-12 11:08:42,642 [main:149] - GENERATING call of type @kotlin.internal.InlineOnly public final inline fun toFloat(): kotlin.Float defined in kotlin.ULong[DeserializedSimpleFunctionDescriptor@37310e63]
2021-03-12 11:08:42,643 [main:149] - GENERATING call of type public open fun toInt(): kotlin.Int defined in kotlin.Float[DeserializedSimpleFunctionDescriptor@607d36d5]
2021-03-12 11:08:42,644 [main:78] - Generated call from random type = (6602362570947365830.toULong()).toFloat().toInt()
2021-03-12 11:08:42,646 [main:106] - GETTING Int from ArrayList<Int>
2021-03-12 11:08:42,859 [main:113] - Case = [protected final var modCount: kotlin.Int defined in kotlin.collections.ArrayList[DeserializedPropertyDescriptor@4a280c62], @kotlin.SinceKotlin @kotlin.ExperimentalStdlibApi public fun kotlin.Int.rotateRight(bitCount: kotlin.Int): kotlin.Int defined in kotlin[DeserializedSimpleFunctionDescriptor@7c8d4a94]]
2021-03-12 11:08:42,860 [main:149] - GENERATING call of type @kotlin.SinceKotlin @kotlin.ExperimentalStdlibApi public fun kotlin.Int.rotateRight(bitCount: kotlin.Int): kotlin.Int defined in kotlin[DeserializedSimpleFunctionDescriptor@7c8d4a94]
2021-03-12 11:08:42,861 [main:117] - GENERATED CALL = (l).modCount.rotateRight(x)
2021-03-12 11:08:42,862 [main:113] - Case = [protected final var modCount: kotlin.Int defined in kotlin.collections.ArrayList[DeserializedPropertyDescriptor@4a280c62], @kotlin.SinceKotlin @kotlin.ExperimentalStdlibApi public fun kotlin.Int.rotateLeft(bitCount: kotlin.Int): kotlin.Int defined in kotlin[DeserializedSimpleFunctionDescriptor@3a360264]]
2021-03-12 11:08:42,862 [main:149] - GENERATING call of type @kotlin.SinceKotlin @kotlin.ExperimentalStdlibApi public fun kotlin.Int.rotateLeft(bitCount: kotlin.Int): kotlin.Int defined in kotlin[DeserializedSimpleFunctionDescriptor@3a360264]
2021-03-12 11:08:42,958 [main:302] - generating value of type = Int true depth = 0
2021-03-12 11:08:42,959 [main:117] - GENERATED CALL = (l).modCount.rotateLeft(910019583)
2021-03-12 11:08:42,960 [main:113] - Case = [protected final var modCount: kotlin.Int defined in kotlin.collections.ArrayList[DeserializedPropertyDescriptor@4a280c62], public open fun toInt(): kotlin.Int defined in kotlin.Int[DeserializedSimpleFunctionDescriptor@3e7f090b]]
2021-03-12 11:08:42,960 [main:149] - GENERATING call of type public open fun toInt(): kotlin.Int defined in kotlin.Int[DeserializedSimpleFunctionDescriptor@3e7f090b]
2021-03-12 11:08:42,961 [main:117] - GENERATED CALL = (l).modCount.toInt()
2021-03-12 11:08:42,961 [main:113] - Case = [protected open fun toArray(): kotlin.Array<kotlin.Any?> defined in kotlin.collections.ArrayList[DeserializedSimpleFunctionDescriptor@40dba6b1], @kotlin.SinceKotlin @kotlin.internal.LowPriorityInOverloadResolution public fun <T> kotlin.Array<out T>.contentDeepHashCode(): kotlin.Int defined in kotlin.collections[DeserializedSimpleFunctionDescriptor@35aaa5df]]
2021-03-12 11:08:42,961 [main:149] - GENERATING call of type protected open fun toArray(): kotlin.Array<kotlin.Any?> defined in kotlin.collections.ArrayList[DeserializedSimpleFunctionDescriptor@40dba6b1]
2021-03-12 11:08:42,962 [main:149] - GENERATING call of type @kotlin.SinceKotlin @kotlin.internal.LowPriorityInOverloadResolution public fun <T> kotlin.Array<out T>.contentDeepHashCode(): kotlin.Int defined in kotlin.collections[DeserializedSimpleFunctionDescriptor@35aaa5df]
2021-03-12 11:08:42,963 [main:117] - GENERATED CALL = (l).toArray().contentDeepHashCode()
2021-03-12 11:08:42,963 [main:113] - Case = [protected open fun toArray(): kotlin.Array<kotlin.Any?> defined in kotlin.collections.ArrayList[DeserializedSimpleFunctionDescriptor@40dba6b1], public val <T> kotlin.Array<out T>.lastIndex: kotlin.Int defined in kotlin.collections[DeserializedPropertyDescriptor@1b0ff95b]]
2021-03-12 11:08:42,963 [main:149] - GENERATING call of type protected open fun toArray(): kotlin.Array<kotlin.Any?> defined in kotlin.collections.ArrayList[DeserializedSimpleFunctionDescriptor@40dba6b1]
2021-03-12 11:08:42,964 [main:117] - GENERATED CALL = (l).toArray().lastIndex
2021-03-12 11:08:42,964 [main:113] - Case = [protected open fun toArray(): kotlin.Array<kotlin.Any?> defined in kotlin.collections.ArrayList[DeserializedSimpleFunctionDescriptor@40dba6b1], @kotlin.jvm.JvmName public fun kotlin.Array<out kotlin.Byte>.sum(): kotlin.Int defined in kotlin.collections[DeserializedSimpleFunctionDescriptor@7568df9c]]
2021-03-12 11:08:42,964 [main:149] - GENERATING call of type protected open fun toArray(): kotlin.Array<kotlin.Any?> defined in kotlin.collections.ArrayList[DeserializedSimpleFunctionDescriptor@40dba6b1]
2021-03-12 11:08:42,965 [main:149] - GENERATING call of type @kotlin.jvm.JvmName public fun kotlin.Array<out kotlin.Byte>.sum(): kotlin.Int defined in kotlin.collections[DeserializedSimpleFunctionDescriptor@7568df9c]
2021-03-12 11:08:42,965 [main:117] - GENERATED CALL = (l).toArray().sum()
2021-03-12 11:08:42,965 [main:113] - Case = [protected final var modCount: kotlin.Int defined in kotlin.collections.ArrayList[DeserializedPropertyDescriptor@4a280c62], public final operator fun dec(): kotlin.Int defined in kotlin.Int[DeserializedSimpleFunctionDescriptor@e6939]]
2021-03-12 11:08:42,965 [main:149] - GENERATING call of type public final operator fun dec(): kotlin.Int defined in kotlin.Int[DeserializedSimpleFunctionDescriptor@e6939]
2021-03-12 11:08:42,966 [main:117] - GENERATED CALL = (l).modCount.dec()
2021-03-12 11:08:42,966 [main:113] - Case = [protected final var modCount: kotlin.Int defined in kotlin.collections.ArrayList[DeserializedPropertyDescriptor@4a280c62], public final operator fun compareTo(other: kotlin.Byte): kotlin.Int defined in kotlin.Int[DeserializedSimpleFunctionDescriptor@a429406]]
2021-03-12 11:08:42,966 [main:149] - GENERATING call of type public final operator fun compareTo(other: kotlin.Byte): kotlin.Int defined in kotlin.Int[DeserializedSimpleFunctionDescriptor@a429406]
2021-03-12 11:08:43,063 [main:302] - generating value of type = Byte true depth = 0
2021-03-12 11:08:43,064 [main:117] - GENERATED CALL = (l).modCount.compareTo(101)
2021-03-12 11:08:43,065 [main:113] - Case = [public abstract val size: kotlin.Int defined in kotlin.collections.MutableList[DeserializedPropertyDescriptor@4263f02f], public final operator fun dec(): kotlin.Int defined in kotlin.Int[DeserializedSimpleFunctionDescriptor@e6939]]
2021-03-12 11:08:43,065 [main:149] - GENERATING call of type public final operator fun dec(): kotlin.Int defined in kotlin.Int[DeserializedSimpleFunctionDescriptor@e6939]
2021-03-12 11:08:43,066 [main:117] - GENERATED CALL = (l).size.dec()
2021-03-12 11:08:43,066 [main:113] - Case = [public abstract val size: kotlin.Int defined in kotlin.collections.MutableList[DeserializedPropertyDescriptor@4263f02f], @kotlin.SinceKotlin public final operator fun rem(other: kotlin.Byte): kotlin.Int defined in kotlin.Int[DeserializedSimpleFunctionDescriptor@57d2623b]]
2021-03-12 11:08:43,066 [main:149] - GENERATING call of type @kotlin.SinceKotlin public final operator fun rem(other: kotlin.Byte): kotlin.Int defined in kotlin.Int[DeserializedSimpleFunctionDescriptor@57d2623b]
2021-03-12 11:08:43,169 [main:302] - generating value of type = Byte true depth = 0
2021-03-12 11:08:43,171 [main:117] - GENERATED CALL = (l).size.rem(10)
2021-03-12 11:08:43,171 [main:61] - replacement of l[(-1910248407).div(0.5321742287815178).toInt()] * 2 of type Int is (l).size.dec()
2021-03-12 11:08:43,270 [main:33] - Trying to replace Element(BINARY_EXPRESSION) on Element(DOT_QUALIFIED_EXPRESSION)
2021-03-12 11:08:43,271 [main:66] - Compilation checking started
2021-03-12 11:08:43,594 [main:53] - Result = true
Text:
fun box(): String {
    val l = ArrayList<Int>()
    l.add(1)
    val x = (l).size.dec()
    if (x != 2) return "Fail: $(x).compareTo(1379291573).unaryPlus()}"
    return "OK"
}
2021-03-12 11:08:43,594 [main:53] - replacing (0, Int)
2021-03-12 11:08:43,594 [main:50] - replacing 0 Int
2021-03-12 11:08:43,594 [main:54] - Getting value of type Int
2021-03-12 11:08:43,683 [main:302] - generating value of type = Int true depth = 0
2021-03-12 11:08:43,684 [main:58] - GENERATED VALUE OF TYPE Int = 1846151308
2021-03-12 11:08:43,684 [main:61] - GENERATED IS CALL =false
2021-03-12 11:08:44,022 [main:67] - randomType = Array<UInt?>
2021-03-12 11:08:44,108 [main:302] - generating value of type = Array<UInt?> false depth = 0
2021-03-12 11:08:44,231 [main:43] - GENERATING CALL OF fun <T> arrayOf(elements: UInt?): Array<UInt?> = TODO()
2021-03-12 11:08:44,235 [main:61] - WITHOUT TYPE PARAMS = fun <T> arrayOf(elements: UInt?): Array<UInt?> = TODO()
2021-03-12 11:08:44,341 [main:302] - generating value of type = UInt true depth = 3
2021-03-12 11:08:44,342 [main:95] - GENERATED = arrayOf<UInt?>(250503224.toUInt())
2021-03-12 11:08:44,368 [main:149] - GENERATING call of type public final operator fun inc(): kotlin.Int defined in kotlin.Int[DeserializedSimpleFunctionDescriptor@2b37a0dd]
2021-03-12 11:08:44,369 [main:78] - Generated call from random type = (arrayOf<UInt?>(250503224.toUInt())).size.inc()
2021-03-12 11:08:44,369 [main:61] - replacement of 0 of type Int is 1846151308
2021-03-12 11:08:44,449 [main:33] - Trying to replace Element(INTEGER_CONSTANT) on Element(INTEGER_CONSTANT)
2021-03-12 11:08:44,450 [main:53] - replacing (1, Int)
2021-03-12 11:08:44,450 [main:50] - replacing 1 Int
2021-03-12 11:08:44,450 [main:54] - Getting value of type Int
2021-03-12 11:08:44,528 [main:302] - generating value of type = Int true depth = 0
2021-03-12 11:08:44,528 [main:58] - GENERATED VALUE OF TYPE Int = -1361515183
2021-03-12 11:08:44,528 [main:61] - GENERATED IS CALL =false
2021-03-12 11:08:44,718 [main:67] - randomType = ArrayDeque<ULong>
2021-03-12 11:08:44,809 [main:302] - generating value of type = ArrayDeque<ULong> false depth = 0
2021-03-12 11:08:44,907 [main:43] - GENERATING CALL OF fun <E> ArrayDeque(initialCapacity: kotlin.Int): ArrayDeque<ULong> = TODO()
2021-03-12 11:08:44,909 [main:61] - WITHOUT TYPE PARAMS = fun <E> ArrayDeque(initialCapacity: kotlin.Int): ArrayDeque<ULong> = TODO()
2021-03-12 11:08:45,078 [main:302] - generating value of type = Int true depth = 3
2021-03-12 11:08:45,078 [main:95] - GENERATED = ArrayDeque<ULong>(1540059575)
2021-03-12 11:08:45,313 [main:149] - GENERATING call of type public open fun indexOf(element: kotlin.ULong): kotlin.Int defined in kotlin.collections.ArrayDeque[DeserializedSimpleFunctionDescriptor@3f0b2b5b]
2021-03-12 11:08:45,396 [main:302] - generating value of type = ULong true depth = 0
2021-03-12 11:08:45,398 [main:78] - Generated call from random type = (ArrayDeque<ULong>(1540059575)).indexOf(4125044947257887989.toULong())
2021-03-12 11:08:45,399 [main:106] - GETTING Int from ArrayList<Int>
2021-03-12 11:08:45,591 [main:113] - Case = [protected open fun toArray(): kotlin.Array<kotlin.Any?> defined in kotlin.collections.ArrayList[DeserializedSimpleFunctionDescriptor@40dba6b1], public final val size: kotlin.Int defined in kotlin.Array[DeserializedPropertyDescriptor@5c4890f8]]
2021-03-12 11:08:45,592 [main:149] - GENERATING call of type protected open fun toArray(): kotlin.Array<kotlin.Any?> defined in kotlin.collections.ArrayList[DeserializedSimpleFunctionDescriptor@40dba6b1]
2021-03-12 11:08:45,593 [main:117] - GENERATED CALL = (l).toArray().size
2021-03-12 11:08:45,593 [main:113] - Case = [public fun <T> kotlin.collections.Iterable<T>.firstOrNull(): T? defined in kotlin.collections[DeserializedSimpleFunctionDescriptor@2836ead]]
2021-03-12 11:08:45,593 [main:149] - GENERATING call of type public fun <T> kotlin.collections.Iterable<T>.firstOrNull(): T? defined in kotlin.collections[DeserializedSimpleFunctionDescriptor@2836ead]
2021-03-12 11:08:45,594 [main:117] - GENERATED CALL = (l).firstOrNull()
2021-03-12 11:08:45,594 [main:113] - Case = [public open fun listIterator(): kotlin.collections.MutableListIterator<kotlin.Int> defined in kotlin.collections.ArrayList[DeserializedSimpleFunctionDescriptor@7ad62f04], public abstract fun nextIndex(): kotlin.Int defined in kotlin.collections.MutableListIterator[DeserializedSimpleFunctionDescriptor@5bcdbb5a]]
2021-03-12 11:08:45,595 [main:149] - GENERATING call of type public open fun listIterator(): kotlin.collections.MutableListIterator<kotlin.Int> defined in kotlin.collections.ArrayList[DeserializedSimpleFunctionDescriptor@7ad62f04]
2021-03-12 11:08:45,595 [main:149] - GENERATING call of type public abstract fun nextIndex(): kotlin.Int defined in kotlin.collections.MutableListIterator[DeserializedSimpleFunctionDescriptor@5bcdbb5a]
2021-03-12 11:08:45,596 [main:117] - GENERATED CALL = (l).listIterator().nextIndex()
2021-03-12 11:08:45,596 [main:113] - Case = [public open fun contains(element: kotlin.Int): kotlin.Boolean defined in kotlin.collections.AbstractCollection[DeserializedSimpleFunctionDescriptor@3ac9e8b8], public open fun compareTo(other: kotlin.Boolean): kotlin.Int defined in kotlin.Boolean[DeserializedSimpleFunctionDescriptor@360c88f1]]
2021-03-12 11:08:45,596 [main:149] - GENERATING call of type public open fun contains(element: kotlin.Int): kotlin.Boolean defined in kotlin.collections.AbstractCollection[DeserializedSimpleFunctionDescriptor@3ac9e8b8]
2021-03-12 11:08:45,681 [main:302] - generating value of type = Int true depth = 0
2021-03-12 11:08:45,682 [main:149] - GENERATING call of type public open fun compareTo(other: kotlin.Boolean): kotlin.Int defined in kotlin.Boolean[DeserializedSimpleFunctionDescriptor@360c88f1]
2021-03-12 11:08:45,764 [main:302] - generating value of type = Boolean true depth = 0
2021-03-12 11:08:45,765 [main:117] - GENERATED CALL = (l).contains(1261246148).compareTo(true)
2021-03-12 11:08:45,766 [main:113] - Case = [protected open fun toArray(): kotlin.Array<kotlin.Any?> defined in kotlin.collections.ArrayList[DeserializedSimpleFunctionDescriptor@40dba6b1], public inline fun <T> kotlin.Array<out T>.sumBy(selector: (T) -> kotlin.Int): kotlin.Int defined in kotlin.collections[DeserializedSimpleFunctionDescriptor@3e83943c]]
2021-03-12 11:08:45,766 [main:149] - GENERATING call of type protected open fun toArray(): kotlin.Array<kotlin.Any?> defined in kotlin.collections.ArrayList[DeserializedSimpleFunctionDescriptor@40dba6b1]
2021-03-12 11:08:45,766 [main:149] - GENERATING call of type public inline fun <T> kotlin.Array<out T>.sumBy(selector: (T) -> kotlin.Int): kotlin.Int defined in kotlin.collections[DeserializedSimpleFunctionDescriptor@3e83943c]
2021-03-12 11:08:45,847 [main:302] - generating value of type = Function1<T, Int> false depth = 0
2021-03-12 11:08:45,847 [main:302] - generating value of type = Int true depth = 1
2021-03-12 11:08:45,848 [main:117] - GENERATED CALL = (l).toArray().sumBy({a: T -> -743131872})
2021-03-12 11:08:45,849 [main:113] - Case = [@kotlin.SinceKotlin public fun <T> kotlin.collections.Iterable<T>.minWithOrNull(comparator: kotlin.Comparator<in T>): T? defined in kotlin.collections[DeserializedSimpleFunctionDescriptor@4ec35e4a]]
2021-03-12 11:08:45,849 [main:149] - GENERATING call of type @kotlin.SinceKotlin public fun <T> kotlin.collections.Iterable<T>.minWithOrNull(comparator: kotlin.Comparator<in T>): T? defined in kotlin.collections[DeserializedSimpleFunctionDescriptor@4ec35e4a]
2021-03-12 11:08:45,938 [main:302] - generating value of type = Comparator<in T> false depth = 0
2021-03-12 11:08:46,023 [main:43] - GENERATING CALL OF fun <T> compareBy(selectors: Function1<T, Comparable<*>?>): Comparator<T> = TODO()
2021-03-12 11:08:46,025 [main:61] - WITHOUT TYPE PARAMS = fun <T> compareBy(selectors: Function1<T, Comparable<*>?>): Comparator<T> = TODO()
2021-03-12 11:08:46,107 [main:302] - generating value of type = Function1<T, Comparable<*>?> false depth = 3
2021-03-12 11:08:46,107 [main:302] - generating value of type = Comparable<*> false depth = 4
2021-03-12 11:08:46,192 [main:43] - GENERATING CALL OF fun KotlinVersion(major: kotlin.Int, minor: kotlin.Int): Comparable<*> = TODO()
2021-03-12 11:08:46,194 [main:61] - WITHOUT TYPE PARAMS = fun KotlinVersion(major: kotlin.Int, minor: kotlin.Int): Comparable<*> = TODO()
2021-03-12 11:08:46,492 [main:302] - generating value of type = Int true depth = 7
2021-03-12 11:08:46,492 [main:302] - generating value of type = Int true depth = 7
2021-03-12 11:08:46,493 [main:95] - GENERATED = KotlinVersion(627425469, -665403300)
2021-03-12 11:08:46,493 [main:95] - GENERATED = compareBy<T>({a: T -> KotlinVersion(627425469, -665403300)})
2021-03-12 11:08:46,495 [main:117] - GENERATED CALL = (l).minWithOrNull(compareBy<T>({a: T -> KotlinVersion(627425469, -665403300)}))
2021-03-12 11:08:46,495 [main:113] - Case = [protected open fun toArray(): kotlin.Array<kotlin.Any?> defined in kotlin.collections.ArrayList[DeserializedSimpleFunctionDescriptor@40dba6b1], public fun <@kotlin.internal.OnlyInputTypes T> kotlin.Array<out T>.indexOf(element: T): kotlin.Int defined in kotlin.collections[DeserializedSimpleFunctionDescriptor@53568b43]]
2021-03-12 11:08:46,496 [main:149] - GENERATING call of type protected open fun toArray(): kotlin.Array<kotlin.Any?> defined in kotlin.collections.ArrayList[DeserializedSimpleFunctionDescriptor@40dba6b1]
2021-03-12 11:08:46,496 [main:149] - GENERATING call of type public fun <@kotlin.internal.OnlyInputTypes T> kotlin.Array<out T>.indexOf(element: T): kotlin.Int defined in kotlin.collections[DeserializedSimpleFunctionDescriptor@53568b43]
2021-03-12 11:08:46,580 [main:302] - generating value of type = T false depth = 0
2021-03-12 11:08:46,665 [main:43] - GENERATING CALL OF fun <T> maxOf(a: Comparable<T>, b: Comparable<T>): T = TODO()
2021-03-12 11:08:46,667 [main:61] - WITHOUT TYPE PARAMS = fun <T> maxOf(a: Comparable<T>, b: Comparable<T>): T = TODO()
2021-03-12 11:08:46,750 [main:302] - generating value of type = Comparable<T> false depth = 3
2021-03-12 11:08:46,755 [main:302] - generating value of type = Comparable<T> false depth = 3
2021-03-12 11:08:46,839 [main:43] - GENERATING CALL OF fun <E> Enum(name: kotlin.String, ordinal: kotlin.Int): Comparable<T> = TODO()
2021-03-12 11:08:46,840 [main:61] - WITHOUT TYPE PARAMS = fun <E> Enum(name: kotlin.String, ordinal: kotlin.Int): Comparable<T> = TODO()
2021-03-12 11:08:47,115 [main:302] - generating value of type = String true depth = 6
2021-03-12 11:08:47,117 [main:302] - generating value of type = Int true depth = 6
2021-03-12 11:08:47,118 [main:95] - GENERATED = Enum<Enum<E>>("frbce", -235573491)
2021-03-12 11:08:47,118 [main:95] - GENERATED = maxOf<Comparable<T>>(6345207329325750895, Enum<Enum<E>>("frbce", -235573491))
2021-03-12 11:08:47,119 [main:117] - GENERATED CALL = (l).toArray().indexOf(maxOf<Comparable<T>>(6345207329325750895, Enum<Enum<E>>("frbce", -235573491)))
2021-03-12 11:08:47,119 [main:113] - Case = [@kotlin.SinceKotlin @kotlin.internal.InlineOnly public inline fun <T> kotlin.collections.Collection<T>.random(): T defined in kotlin.collections[DeserializedSimpleFunctionDescriptor@56fae55c]]
2021-03-12 11:08:47,119 [main:149] - GENERATING call of type @kotlin.SinceKotlin @kotlin.internal.InlineOnly public inline fun <T> kotlin.collections.Collection<T>.random(): T defined in kotlin.collections[DeserializedSimpleFunctionDescriptor@56fae55c]
2021-03-12 11:08:47,120 [main:117] - GENERATED CALL = (l).random()
2021-03-12 11:08:47,120 [main:113] - Case = [protected open fun toArray(): kotlin.Array<kotlin.Any?> defined in kotlin.collections.ArrayList[DeserializedSimpleFunctionDescriptor@40dba6b1], @kotlin.SinceKotlin @kotlin.OverloadResolutionByLambdaReturnType @kotlin.jvm.JvmName @kotlin.internal.InlineOnly public inline fun <T> kotlin.Array<out T>.sumOf(selector: (T) -> kotlin.Int): kotlin.Int defined in kotlin.collections[DeserializedSimpleFunctionDescriptor@2399575a]]
2021-03-12 11:08:47,120 [main:149] - GENERATING call of type protected open fun toArray(): kotlin.Array<kotlin.Any?> defined in kotlin.collections.ArrayList[DeserializedSimpleFunctionDescriptor@40dba6b1]
2021-03-12 11:08:47,121 [main:149] - GENERATING call of type @kotlin.SinceKotlin @kotlin.OverloadResolutionByLambdaReturnType @kotlin.jvm.JvmName @kotlin.internal.InlineOnly public inline fun <T> kotlin.Array<out T>.sumOf(selector: (T) -> kotlin.Int): kotlin.Int defined in kotlin.collections[DeserializedSimpleFunctionDescriptor@2399575a]
2021-03-12 11:08:47,204 [main:302] - generating value of type = Function1<T, Int> false depth = 0
2021-03-12 11:08:47,204 [main:302] - generating value of type = Int true depth = 1
2021-03-12 11:08:47,205 [main:117] - GENERATED CALL = (l).toArray().sumOf({a: T -> -438421662})
2021-03-12 11:08:47,206 [main:113] - Case = [@kotlin.SinceKotlin public inline fun <T, R : kotlin.Comparable<R>> kotlin.collections.Iterable<T>.minByOrNull(selector: (T) -> R): T? defined in kotlin.collections[DeserializedSimpleFunctionDescriptor@58d7b8d2]]
2021-03-12 11:08:47,206 [main:149] - GENERATING call of type @kotlin.SinceKotlin public inline fun <T, R : kotlin.Comparable<R>> kotlin.collections.Iterable<T>.minByOrNull(selector: (T) -> R): T? defined in kotlin.collections[DeserializedSimpleFunctionDescriptor@58d7b8d2]
2021-03-12 11:08:47,289 [main:302] - generating value of type = Function1<T, R> false depth = 0
2021-03-12 11:08:47,289 [main:302] - generating value of type = R false depth = 1
2021-03-12 11:08:47,815 [main:43] - GENERATING CALL OF fun <R> synchronized(lock: kotlin.Any, block: ()->Function1<ArrayList<Long>, LinkedHashSet<UInt>>): R = TODO()
2021-03-12 11:08:47,816 [main:61] - WITHOUT TYPE PARAMS = fun <R> synchronized(lock: kotlin.Any, block: ()->Function1<ArrayList<Long>, LinkedHashSet<UInt>>): R = TODO()
2021-03-12 11:08:48,090 [main:302] - generating value of type = Any false depth = 4
2021-03-12 11:08:48,090 [main:302] - generating value of type = Function0<Function1<ArrayList<Long>, LinkedHashSet<UInt>>> false depth = 4
2021-03-12 11:08:48,091 [main:302] - generating value of type = Function1<ArrayList<Long>, LinkedHashSet<UInt>> false depth = 5
2021-03-12 11:08:48,091 [main:302] - generating value of type = LinkedHashSet<UInt> false depth = 6
2021-03-12 11:08:48,176 [main:43] - GENERATING CALL OF fun <T> linkedSetOf(): LkedHashSet<UInt> = TODO()
2021-03-12 11:08:48,177 [main:61] - WITHOUT TYPE PARAMS = fun <T> linkedSetOf(): LkedHashSet<UInt> = TODO()
2021-03-12 11:08:48,257 [main:95] - GENERATED = linkedSetOf<UInt>()
2021-03-12 11:08:48,257 [main:95] - GENERATED = synchronized<Function1<ArrayList<Long>, LinkedHashSet<UInt>>>("wdtol", { {a: ArrayList<Long> -> linkedSetOf<UInt>()}})
2021-03-12 11:08:48,259 [main:117] - GENERATED CALL = (l).minByOrNull({a: T -> synchronized<Function1<ArrayList<Long>, LinkedHashSet<UInt>>>("wdtol", { {a: ArrayList<Long> -> linkedSetOf<UInt>()}})})
2021-03-12 11:08:48,259 [main:61] - replacement of 1 of type Int is (l).minByOrNull({a: T -> synchronized<Function1<ArrayList<Long>, LinkedHashSet<UInt>>>("wdtol", { {a: ArrayList<Long> -> linkedSetOf<UInt>()}})})
2021-03-12 11:08:48,348 [main:33] - Trying to replace Element(INTEGER_CONSTANT) on Element(DOT_QUALIFIED_EXPRESSION)
2021-03-12 11:08:48,349 [main:66] - Compilation checking started
2021-03-12 11:08:48,849 [main:49] - Result = false
Text:
fun box(): String {
    val l = ArrayList<Int>()
    l.add((l).minByOrNull({a: T -> synchronized<Function1<ArrayList<Long>, LinkedHashSet<UInt>>>("wdtol", { {a: ArrayList<Long> -> linkedSetOf<UInt>()}})}))
    val x = (l).size.dec()
    if (x != 2) return "Fail: $(x).compareTo(1379291573).unaryPlus()}"
    return "OK"
}


2021-03-12 11:08:48,850 [main:53] - replacing (0, Int)
2021-03-12 11:08:48,850 [main:50] - replacing 0 Int
2021-03-12 11:08:48,850 [main:54] - Getting value of type Int
2021-03-12 11:08:48,948 [main:302] - generating value of type = Int true depth = 0
2021-03-12 11:08:48,949 [main:58] - GENERATED VALUE OF TYPE Int = 1378249374
2021-03-12 11:08:48,949 [main:61] - GENERATED IS CALL =false
2021-03-12 11:08:49,112 [main:67] - randomType = UShort?
2021-03-12 11:08:49,204 [main:302] - generating value of type = UShort true depth = 0
2021-03-12 11:08:49,258 [main:149] - GENERATING call of type @kotlin.internal.InlineOnly public final inline operator fun compareTo(other: kotlin.UByte): kotlin.Int defined in kotlin.UShort[DeserializedSimpleFunctionDescriptor@4fbc585a]
2021-03-12 11:08:49,335 [main:302] - generating value of type = UByte true depth = 0
2021-03-12 11:08:49,336 [main:149] - GENERATING call of type public final operator fun minus(other: kotlin.Byte): kotlin.Int defined in kotlin.Int[DeserializedSimpleFunctionDescriptor@bf1681a]
2021-03-12 11:08:49,416 [main:302] - generating value of type = Byte true depth = 0
2021-03-12 11:08:49,417 [main:78] - Generated call from random type = (13171.toUShort())?.compareTo(2.toUByte()).minus(-85)
2021-03-12 11:08:49,418 [main:61] - replacement of 0 of type Int is 1378249374
2021-03-12 11:08:49,500 [main:33] - Trying to replace Element(INTEGER_CONSTANT) on Element(INTEGER_CONSTANT)
2021-03-12 11:08:49,501 [main:53] - replacing (l[(-1910248407).div(0.5321742287815178).toInt()] * 2, Int)
2021-03-12 11:08:49,501 [main:50] - replacing l[(-1910248407).div(0.5321742287815178).toInt()] * 2 Int
2021-03-12 11:08:49,501 [main:54] - Getting value of type Int
2021-03-12 11:08:49,576 [main:302] - generating value of type = Int true depth = 0
2021-03-12 11:08:49,577 [main:58] - GENERATED VALUE OF TYPE Int = -255752557
2021-03-12 11:08:49,577 [main:61] - GENERATED IS CALL =false
2021-03-12 11:08:49,577 [main:67] - randomType = String
2021-03-12 11:08:49,652 [main:302] - generating value of type = String true depth = 0
2021-03-12 11:08:49,687 [main:149] - GENERATING call of type public abstract operator fun compareTo(other: kotlin.String): kotlin.Int defined in kotlin.Comparable[DeserializedSimpleFunctionDescriptor@773e2c35]
2021-03-12 11:08:49,789 [main:302] - generating value of type = String true depth = 0
2021-03-12 11:08:49,790 [main:149] - GENERATING call of type public fun kotlin.Int.coerceAtLeast(minimumValue: kotlin.Int): kotlin.Int defined in kotlin.ranges[DeserializedSimpleFunctionDescriptor@d6b8329]
2021-03-12 11:08:49,895 [main:302] - generating value of type = Int true depth = 0
2021-03-12 11:08:49,896 [main:78] - Generated call from random type = ("ordkw").compareTo("esbjg").coerceAtLeast(-742897341)
2021-03-12 11:08:49,896 [main:61] - replacement of l[(-1910248407).div(0.5321742287815178).toInt()] * 2 of type Int is -255752557
2021-03-12 11:08:49,979 [main:33] - Trying to replace Element(BINARY_EXPRESSION) on Element(PREFIX_EXPRESSION)
2021-03-12 11:08:49,980 [main:53] - replacing (ArrayList<Int>(), ArrayList<Int>)
2021-03-12 11:08:49,980 [main:50] - replacing ArrayList<Int>() ArrayList<Int>
2021-03-12 11:08:49,980 [main:54] - Getting value of type ArrayList<Int>
2021-03-12 11:08:50,058 [main:302] - generating value of type = ArrayList<Int> false depth = 0
2021-03-12 11:08:50,141 [main:43] - GENERATING CALL OF fun <E> ArrayList(initialCapacity: kotlin.Int): ArrayList<Int> = TODO()
2021-03-12 11:08:50,143 [main:61] - WITHOUT TYPE PARAMS = fun <E> ArrayList(initialCapacity: kotlin.Int): ArrayList<Int> = TODO()
2021-03-12 11:08:50,328 [main:302] - generating value of type = Int true depth = 3
2021-03-12 11:08:50,329 [main:95] - GENERATED = ArrayList<Int>(-1369139601)
2021-03-12 11:08:50,329 [main:58] - GENERATED VALUE OF TYPE ArrayList<Int> = ArrayList<Int>(-1369139601)
2021-03-12 11:08:50,330 [main:61] - GENERATED IS CALL =true
2021-03-12 11:08:50,509 [main:67] - randomType = Float?
2021-03-12 11:08:50,587 [main:302] - generating value of type = Float true depth = 0
2021-03-12 11:08:50,635 [main:106] - GETTING ArrayList<Int> from ArrayList<Int>
2021-03-12 11:08:50,823 [main:61] - replacement of ArrayList<Int>() of type ArrayList<Int> is l
2021-03-12 11:08:50,940 [main:33] - Trying to replace Element(CALL_EXPRESSION) on Element(REFERENCE_EXPRESSION)
2021-03-12 11:08:50,940 [main:66] - Compilation checking started
2021-03-12 11:08:51,177 [main:49] - Result = false
Text:
fun box(): String {
    val l = l
    l.add(1)
    val x = (l).size.dec()
    if (x != 2) return "Fail: $(x).compareTo(1379291573).unaryPlus()}"
    return "OK"
}


2021-03-12 11:08:51,178 [main:53] - replacing ("Fail: $(x).compareTo(1379291573).unaryPlus()}", String)
2021-03-12 11:08:51,179 [main:50] - replacing "Fail: $(x).compareTo(1379291573).unaryPlus()}" String
2021-03-12 11:08:51,179 [main:54] - Getting value of type String
2021-03-12 11:08:51,260 [main:302] - generating value of type = String true depth = 0
2021-03-12 11:08:51,261 [main:58] - GENERATED VALUE OF TYPE String = "pdlpd"
2021-03-12 11:08:51,261 [main:61] - GENERATED IS CALL =false
2021-03-12 11:08:51,342 [main:67] - randomType = Float
2021-03-12 11:08:51,419 [main:302] - generating value of type = Float true depth = 0
2021-03-12 11:08:51,467 [main:149] - GENERATING call of type @kotlin.Deprecated public open fun toShort(): kotlin.Short defined in kotlin.Float[DeserializedSimpleFunctionDescriptor@1403f6d3]
2021-03-12 11:08:51,468 [main:149] - GENERATING call of type @kotlin.SinceKotlin @kotlin.internal.InlineOnly public inline fun kotlin.Short.toString(radix: kotlin.Int): kotlin.String defined in kotlin.text[DeserializedSimpleFunctionDescriptor@4becd17a]
2021-03-12 11:08:51,542 [main:302] - generating value of type = Int true depth = 0
2021-03-12 11:08:51,543 [main:78] - Generated call from random type = (0.4725052f).toShort().toString(710851802)
2021-03-12 11:08:51,543 [main:106] - GETTING String from ArrayList<Int>
2021-03-12 11:08:51,732 [main:113] - Case = [protected open fun toArray(): kotlin.Array<kotlin.Any?> defined in kotlin.collections.ArrayList[DeserializedSimpleFunctionDescriptor@40dba6b1], public fun <T> kotlin.Array<out T>.joinToString(separator: kotlin.CharSequence = ..., prefix: kotlin.CharSequence = ..., postfix: kotlin.CharSequence = ..., limit: kotlin.Int = ..., truncated: kotlin.CharSequence = ..., transform: ((T) -> kotlin.CharSequence)? = ...): kotlin.String defined in kotlin.collections[DeserializedSimpleFunctionDescriptor@3365c413]]
2021-03-12 11:08:51,732 [main:149] - GENERATING call of type protected open fun toArray(): kotlin.Array<kotlin.Any?> defined in kotlin.collections.ArrayList[DeserializedSimpleFunctionDescriptor@40dba6b1]
2021-03-12 11:08:51,733 [main:149] - GENERATING call of type public fun <T> kotlin.Array<out T>.joinToString(separator: kotlin.CharSequence = ..., prefix: kotlin.CharSequence = ..., postfix: kotlin.CharSequence = ..., limit: kotlin.Int = ..., truncated: kotlin.CharSequence = ..., transform: ((T) -> kotlin.CharSequence)? = ...): kotlin.String defined in kotlin.collections[DeserializedSimpleFunctionDescriptor@3365c413]
2021-03-12 11:08:51,809 [main:302] - generating value of type = CharSequence false depth = 0
2021-03-12 11:08:51,906 [main:43] - GENERATING CALL OF fun StringBuilder(content: kotlin.String): CharSequence = TODO()
2021-03-12 11:08:51,908 [main:61] - WITHOUT TYPE PARAMS = fun StringBuilder(content: kotlin.String): CharSequence = TODO()
2021-03-12 11:08:52,088 [main:302] - generating value of type = String true depth = 3
2021-03-12 11:08:52,088 [main:95] - GENERATED = StringBuilder("dniwj")
2021-03-12 11:08:52,167 [main:302] - generating value of type = CharSequence false depth = 0
2021-03-12 11:08:52,270 [main:302] - generating value of type = CharSequence false depth = 0
2021-03-12 11:08:52,359 [main:302] - generating value of type = Int true depth = 0
2021-03-12 11:08:52,438 [main:302] - generating value of type = CharSequence false depth = 0
2021-03-12 11:08:52,516 [main:302] - generating value of type = Function1<T, CharSequence> false depth = 0
2021-03-12 11:08:52,516 [main:302] - generating value of type = CharSequence false depth = 1
2021-03-12 11:08:52,523 [main:117] - GENERATED CALL = (l).toArray().joinToString(StringBuilder("dniwj"), StringBuilder(), "azjtk", -1609598209, "ygufm", {a: T -> "cowaw"})
2021-03-12 11:08:52,523 [main:113] - Case = [protected open fun toArray(): kotlin.Array<kotlin.Any?> defined in kotlin.collections.ArrayList[DeserializedSimpleFunctionDescriptor@40dba6b1], @kotlin.SinceKotlin @kotlin.internal.LowPriorityInOverloadResolution public fun <T> kotlin.Array<out T>.contentDeepToString(): kotlin.String defined in kotlin.collections[DeserializedSimpleFunctionDescriptor@57db6c52]]
2021-03-12 11:08:52,523 [main:149] - GENERATING call of type protected open fun toArray(): kotlin.Array<kotlin.Any?> defined in kotlin.collections.ArrayList[DeserializedSimpleFunctionDescriptor@40dba6b1]
2021-03-12 11:08:52,524 [main:149] - GENERATING call of type @kotlin.SinceKotlin @kotlin.internal.LowPriorityInOverloadResolution public fun <T> kotlin.Array<out T>.contentDeepToString(): kotlin.String defined in kotlin.collections[DeserializedSimpleFunctionDescriptor@57db6c52]
2021-03-12 11:08:52,524 [main:117] - GENERATED CALL = (l).toArray().contentDeepToString()
2021-03-12 11:08:52,525 [main:113] - Case = [protected open fun toArray(): kotlin.Array<kotlin.Any?> defined in kotlin.collections.ArrayList[DeserializedSimpleFunctionDescriptor@40dba6b1], @kotlin.Deprecated @kotlin.SinceKotlin @kotlin.DeprecatedSinceKotlin public fun <T> kotlin.Array<out T>.contentToString(): kotlin.String defined in kotlin.collections[DeserializedSimpleFunctionDescriptor@76ca930d]]
2021-03-12 11:08:52,525 [main:149] - GENERATING call of type protected open fun toArray(): kotlin.Array<kotlin.Any?> defined in kotlin.collections.ArrayList[DeserializedSimpleFunctionDescriptor@40dba6b1]
2021-03-12 11:08:52,525 [main:149] - GENERATING call of type @kotlin.Deprecated @kotlin.SinceKotlin @kotlin.DeprecatedSinceKotlin public fun <T> kotlin.Array<out T>.contentToString(): kotlin.String defined in kotlin.collections[DeserializedSimpleFunctionDescriptor@76ca930d]
2021-03-12 11:08:52,525 [main:117] - GENERATED CALL = (l).toArray().contentToString()
2021-03-12 11:08:52,526 [main:113] - Case = [protected final var modCount: kotlin.Int defined in kotlin.collections.ArrayList[DeserializedPropertyDescriptor@4a280c62], @kotlin.SinceKotlin public fun kotlin.Int.toString(radix: kotlin.Int): kotlin.String defined in kotlin.text[DeserializedSimpleFunctionDescriptor@263549b]]
2021-03-12 11:08:52,526 [main:149] - GENERATING call of type @kotlin.SinceKotlin public fun kotlin.Int.toString(radix: kotlin.Int): kotlin.String defined in kotlin.text[DeserializedSimpleFunctionDescriptor@263549b]
2021-03-12 11:08:52,605 [main:302] - generating value of type = Int true depth = 0
2021-03-12 11:08:52,606 [main:117] - GENERATED CALL = (l).modCount.toString(294382197)
2021-03-12 11:08:52,606 [main:113] - Case = [public abstract val size: kotlin.Int defined in kotlin.collections.MutableList[DeserializedPropertyDescriptor@497282a6], @kotlin.SinceKotlin public fun kotlin.Int.toString(radix: kotlin.Int): kotlin.String defined in kotlin.text[DeserializedSimpleFunctionDescriptor@263549b]]
2021-03-12 11:08:52,606 [main:149] - GENERATING call of type @kotlin.SinceKotlin public fun kotlin.Int.toString(radix: kotlin.Int): kotlin.String defined in kotlin.text[DeserializedSimpleFunctionDescriptor@263549b]
2021-03-12 11:08:52,681 [main:302] - generating value of type = Int true depth = 0
2021-03-12 11:08:52,682 [main:117] - GENERATED CALL = (l).size.toString(-1233694916)
2021-03-12 11:08:52,682 [main:113] - Case = [public fun <T> kotlin.collections.Iterable<T>.joinToString(separator: kotlin.CharSequence = ..., prefix: kotlin.CharSequence = ..., postfix: kotlin.CharSequence = ..., limit: kotlin.Int = ..., truncated: kotlin.CharSequence = ..., transform: ((T) -> kotlin.CharSequence)? = ...): kotlin.String defined in kotlin.collections[DeserializedSimpleFunctionDescriptor@4dccaef5]]
2021-03-12 11:08:52,682 [main:149] - GENERATING call of type public fun <T> kotlin.collections.Iterable<T>.joinToString(separator: kotlin.CharSequence = ..., prefix: kotlin.CharSequence = ..., postfix: kotlin.CharSequence = ..., limit: kotlin.Int = ..., truncated: kotlin.CharSequence = ..., transform: ((T) -> kotlin.CharSequence)? = ...): kotlin.String defined in kotlin.collections[DeserializedSimpleFunctionDescriptor@4dccaef5]
2021-03-12 11:08:52,775 [main:302] - generating value of type = CharSequence false depth = 0
2021-03-12 11:08:52,887 [main:302] - generating value of type = CharSequence false depth = 0
2021-03-12 11:08:52,965 [main:302] - generating value of type = CharSequence false depth = 0
2021-03-12 11:08:53,044 [main:43] - GENERATING CALL OF fun StringBuilder(content: kotlin.CharSequence): CharSequence = TODO()
2021-03-12 11:08:53,046 [main:61] - WITHOUT TYPE PARAMS = fun StringBuilder(content: kotlin.CharSequence): CharSequence = TODO()
2021-03-12 11:08:53,218 [main:302] - generating value of type = CharSequence false depth = 3
2021-03-12 11:08:53,301 [main:43] - GENERATING CALL OF fun StringBuilder(capacity: kotlin.Int): CharSequence = TODO()
2021-03-12 11:08:53,303 [main:61] - WITHOUT TYPE PARAMS = fun StringBuilder(capacity: kotlin.Int): CharSequence = TODO()
2021-03-12 11:08:53,453 [main:302] - generating value of type = Int true depth = 6
2021-03-12 11:08:53,454 [main:95] - GENERATED = StringBuilder(881950778)
2021-03-12 11:08:53,454 [main:95] - GENERATED = StringBuilder(StringBuilder(881950778))
2021-03-12 11:08:53,527 [main:302] - generating value of type = Int true depth = 0
2021-03-12 11:08:53,601 [main:302] - generating value of type = CharSequence false depth = 0
2021-03-12 11:08:53,688 [main:117] - GENERATED CALL = (l).joinToString("hhtni", "xbxlf", StringBuilder(StringBuilder(881950778)), -1732428348, "sicdn", null)
2021-03-12 11:08:53,689 [main:61] - replacement of "Fail: $(x).compareTo(1379291573).unaryPlus()}" of type String is (l).modCount.toString(294382197)
2021-03-12 11:08:53,767 [main:33] - Trying to replace Element(STRING_TEMPLATE) on Element(DOT_QUALIFIED_EXPRESSION)
2021-03-12 11:08:53,767 [main:66] - Compilation checking started
2021-03-12 11:08:53,982 [main:49] - Result = false
Text:
fun box(): String {
    val l = ArrayList<Int>()
    l.add(1)
    val x = (l).size.dec()
    if (x != 2) return (l).modCount.toString(294382197)
    return "OK"
}


2021-03-12 11:08:53,983 [main:53] - replacing (ArrayList<Int>(), ArrayList<Int>)
2021-03-12 11:08:53,983 [main:50] - replacing ArrayList<Int>() ArrayList<Int>
2021-03-12 11:08:53,983 [main:54] - Getting value of type ArrayList<Int>
2021-03-12 11:08:54,056 [main:302] - generating value of type = ArrayList<Int> false depth = 0
2021-03-12 11:08:54,133 [main:43] - GENERATING CALL OF fun <T> arrayListOf(elements: Int): ArrayList<Int> = TODO()
2021-03-12 11:08:54,135 [main:61] - WITHOUT TYPE PARAMS = fun <T> arrayListOf(elements: Int): ArrayList<Int> = TODO()
2021-03-12 11:08:54,210 [main:302] - generating value of type = Int true depth = 3
2021-03-12 11:08:54,211 [main:95] - GENERATED = arrayListOf<Int>(596819936)
2021-03-12 11:08:54,211 [main:58] - GENERATED VALUE OF TYPE ArrayList<Int> = arrayListOf<Int>(596819936)
2021-03-12 11:08:54,211 [main:61] - GENERATED IS CALL =true
2021-03-12 11:08:54,717 [main:67] - randomType = LinkedHashMap<MutableMap<Int, String>, LinkedHashSet<Function1<UByte, Double>>>
2021-03-12 11:08:54,804 [main:302] - generating value of type = LinkedHashMap<MutableMap<Int, String>, LinkedHashSet<Function1<UByte, Double>>> false depth = 0
2021-03-12 11:08:54,890 [main:43] - GENERATING CALL OF fun <K, V> linkedMapOf(): LkedHashMap<MutableMap<Int, Strg>, LkedHashSet<Function1<UByte, Double>>> = TODO()
2021-03-12 11:08:54,892 [main:61] - WITHOUT TYPE PARAMS = fun <K, V> linkedMapOf(): LkedHashMap<MutableMap<Int, Strg>, LkedHashSet<Function1<UByte, Double>>> = TODO()
2021-03-12 11:08:54,970 [main:95] - GENERATED = linkedMapOf<MutableMap<Int, String>, LinkedHashSet<Function1<UByte, Double>>>()
2021-03-12 11:08:55,257 [main:106] - GETTING ArrayList<Int> from ArrayList<Int>
2021-03-12 11:08:55,397 [main:61] - replacement of ArrayList<Int>() of type ArrayList<Int> is arrayListOf<Int>(596819936)
2021-03-12 11:08:55,479 [main:33] - Trying to replace Element(CALL_EXPRESSION) on Element(CALL_EXPRESSION)
2021-03-12 11:08:55,479 [main:66] - Compilation checking started
2021-03-12 11:08:55,771 [main:53] - Result = true
Text:
fun box(): String {
    val l = arrayListOf<Int>(596819936)
    l.add(1)
    val x = (l).size.dec()
    if (x != 2) return "Fail: $(x).compareTo(1379291573).unaryPlus()}"
    return "OK"
}


2021-03-12 11:08:55,849 [main:119] - TRYING TO REPLACE CONSTANT 1379291573
2021-03-12 11:08:55,926 [main:33] - Trying to replace Element(INTEGER_CONSTANT) on Element(INTEGER_CONSTANT)
2021-03-12 11:08:55,926 [main:66] - Compilation checking started
2021-03-12 11:08:56,191 [main:53] - Result = true
Text:
fun box(): String {
    val l = arrayListOf<Int>(596819936)
    l.add(1)
    val x = (l).size.dec()
    if (x != 2) return "Fail: $(x).compareTo(1).unaryPlus()}"
    return "OK"
}


2021-03-12 11:08:56,191 [main:119] - TRYING TO REPLACE CONSTANT 596819936
2021-03-12 11:08:56,293 [main:33] - Trying to replace Element(INTEGER_CONSTANT) on Element(CALL_EXPRESSION)
2021-03-12 11:08:56,293 [main:66] - Compilation checking started
2021-03-12 11:08:56,480 [main:49] - Result = false
Text:
fun box(): String {
    val l = arrayListOf<Int>(dec())
    l.add(1)
    val x = (l).size.dec()
    if (x != 2) return "Fail: $(x).compareTo(1).unaryPlus()}"
    return "OK"
}


2021-03-12 11:08:56,501 [main:41] - AFTER TRY 0 res = fun box(): String {
    val l = ArrayList<Int>()
    l.add(1)
    val x = l[0] * 2
    if (x != 2) return "Fail: $x}"
    return "OK"
}
2021-03-12 11:08:56,796 [main:43] - Try 0
