2021-03-12 06:38:01,781 [main:24] - Name = /home/stepanov/Kotlin/bbfgradle/tmp/arrays/kt3927.kt
2021-03-12 06:38:05,622 [main:53] - Start to mutate
2021-03-12 06:38:05,623 [main:54] - BEFORE = //KT-3927 Inner class cannot be instantiated with child instance of outer class

//KT-3927 Inner class cannot be instantiated with child instance of outer class

abstract class Base {
    inner class Inner {
        fun o() = "O"
        fun k() = "K"
    }
}

class Child : Base()

fun box(): String {
    var result = ""
    result += Child().Inner().o()

    fun Child.f() {
        result += Inner().k()
    }
    Child().f()

    return result
}
2021-03-12 06:38:06,356 [main:40] - Mutation of tmp/tmp0.kt started
2021-03-12 06:38:06,768 [main:19] - Cur transformation AddDefaultValueToArg
2021-03-12 06:38:06,972 [main:19] - Cur transformation LocalTCE
2021-03-12 06:38:18,658 [main:19] - Cur transformation AddReificationToTypeParam
2021-03-12 06:38:18,665 [main:19] - Cur transformation TCETransformation
