2021-03-12 01:02:23,702 [main:24] - Name = /home/stepanov/Kotlin/bbfgradle/tmp/arrays/rangeTo1.kt
2021-03-12 01:02:27,513 [main:53] - Start to mutate
2021-03-12 01:02:27,513 [main:54] - BEFORE = fun box(): String {
    val b: Byte = 42
    val c: Char = 'z'
    val s: Short = 239
    val i: Int = -1
    val j: Long = -42L

    b.rangeTo(b)
    b..b
    b.rangeTo(s)
    b..s
    b.rangeTo(i)
    b..i
    b.rangeTo(j)
    b..j

    c.rangeTo(c)
    c..c

    s.rangeTo(b)
    s..b
    s.rangeTo(s)
    s..s
    s.rangeTo(i)
    s..i
    s.rangeTo(j)
    s..j

    i.rangeTo(b)
    i..b
    i.rangeTo(s)
    i..s
    i.rangeTo(i)
    i..i
    i.rangeTo(j)
    i..j

    j.rangeTo(b)
    j..b
    j.rangeTo(s)
    j..s
    j.rangeTo(i)
    j..i
    j.rangeTo(j)
    j..j

    return "OK"
}

/*
fun main(args: Array<String>) {
    val s = "bcsij"
    for (i in s) {
        for (j in s) {
            if ((i == 'c') != (j == 'c')) continue
            println("    $i.rangeTo($j)")
            println("    $i..$j")
        }
        println()
    }
}
*/
2021-03-12 01:02:28,434 [main:40] - Mutation of tmp/tmp0.kt started
2021-03-12 01:02:28,875 [main:19] - Cur transformation AddDefaultValueToArg
2021-03-12 01:02:29,091 [main:19] - Cur transformation LocalTCE
2021-03-12 01:03:41,136 [main:19] - Cur transformation AddReificationToTypeParam
2021-03-12 01:03:41,143 [main:19] - Cur transformation TCETransformation
