2021-03-11 19:35:02,902 [main:24] - Name = /home/stepanov/Kotlin/bbfgradle/tmp/arrays/toArray.kt
2021-03-11 19:35:07,636 [main:53] - Start to mutate
2021-03-11 19:35:07,636 [main:54] - BEFORE = class MyCollection<T>(val delegate: Collection<T>): Collection<T> by delegate

fun box(): String {
    val collection = MyCollection(listOf(2, 3, 9)) as java.util.Collection<*>

    val array1 = collection.toArray()
    val array2 = collection.toArray(arrayOfNulls<Int>(3) as Array<Int>)

    if (!array1.isArrayOf<Any>()) return (array1 as Object).getClass().toString()
    if (!array2.isArrayOf<Int>()) return (array2 as Object).getClass().toString()

    val s1 = array1.contentToString()
    val s2 = array2.contentToString()

    if (s1 != "[2, 3, 9]") return "s1 = $s1"
    if (s2 != "[2, 3, 9]") return "s2 = $s2"

    return "OK"
}
2021-03-11 19:35:08,792 [main:40] - Mutation of tmp/tmp0.kt started
2021-03-11 19:35:09,184 [main:19] - Cur transformation AddDefaultValueToArg
2021-03-11 19:35:11,057 [main:19] - Cur transformation LocalTCE
2021-03-11 19:35:45,112 [main:19] - Cur transformation AddReificationToTypeParam
2021-03-11 19:35:45,121 [main:19] - Cur transformation TCETransformation
2021-03-11 19:40:16,029 [main:19] - Cur transformation ChangeRandomASTNodesFromAnotherTrees
2021-03-11 19:43:40,777 [main:19] - Cur transformation AddPossibleModifiers
2021-03-11 19:43:55,902 [main:19] - Cur transformation AddDefaultValueToArg
2021-03-11 19:44:18,823 [main:19] - Cur transformation ChangeRandomASTNodesFromAnotherTrees
2021-03-11 19:48:38,936 [main:19] - Cur transformation AddDefaultValueToArg
2021-03-11 19:49:03,970 [main:19] - Cur transformation LocalTCE
2021-03-11 19:49:34,474 [main:19] - Cur transformation AddReificationToTypeParam
2021-03-11 19:49:34,480 [main:19] - Cur transformation TCETransformation
2021-03-11 19:51:30,561 [main:19] - Cur transformation ChangeRandomASTNodesFromAnotherTrees
