2021-03-12 10:51:36,507 [main:24] - Name = /home/stepanov/Kotlin/bbfgradle/tmp/arrays/maxMinByOrNull1.kt
2021-03-12 10:51:42,659 [main:53] - Start to mutate
2021-03-12 10:51:42,659 [main:54] - BEFORE = val intList = listOf(1, 2, 3)
val longList = listOf(1L, 2L, 3L)

fun box(): String {
    val intListMin = intList.minByOrNull { it } ?: -1
    if (intListMin != 1) return "Fail intListMin=$intListMin"

    val intListMax = intList.maxByOrNull { it } ?: -1
    if (intListMax != 3) return "Fail intListMax=$intListMax"

    val longListMin = longList.minByOrNull { it } ?: -1
    if (longListMin != 1L) return "Fail longListMin=$longListMin"

    val longListMax = longList.maxByOrNull { it } ?: -1
    if (longListMax != 3L) return "Fail longListMax=$longListMax"

    return "OK"
}


2021-03-12 10:51:43,687 [main:40] - Mutation of tmp/tmp0.kt started
2021-03-12 10:51:44,200 [main:19] - Cur transformation AddDefaultValueToArg
2021-03-12 10:51:44,402 [main:19] - Cur transformation LocalTCE
2021-03-12 10:53:00,925 [main:19] - Cur transformation AddReificationToTypeParam
2021-03-12 10:53:00,936 [main:19] - Cur transformation TCETransformation
