2021-03-12 09:14:59,749 [main:24] - Name = /home/stepanov/Kotlin/bbfgradle/tmp/arrays/kt4733.kt
2021-03-12 09:15:03,411 [main:53] - Start to mutate
2021-03-12 09:15:03,411 [main:54] - BEFORE = class Test {
    val Long.foo: Long
        get() = this + 1

    val Int.foo: Int
        get() = this + 1

    fun testLong(): Long? {
        var s: Long? = 10;
        return s?.foo
    }

    fun testInt(): Int? {
        var s: Int? = 11;
        return s?.foo
    }
}

fun box(): String {
    val s = Test()

    if (s.testLong() != 11.toLong()) return "fail 1"

    if (s.testInt() != 12) return "fail 1"

    return "OK"
}
2021-03-12 09:15:04,053 [main:40] - Mutation of tmp/tmp0.kt started
2021-03-12 09:15:04,388 [main:19] - Cur transformation AddDefaultValueToArg
2021-03-12 09:15:04,566 [main:19] - Cur transformation LocalTCE
