2021-03-12 09:15:03,413 [main:66] - Compilation checking started
2021-03-12 09:15:04,852 [main:112] - generating klass Test text = class Test {
    val Long.foo: Long
        get() = this + 1

    val Int.foo: Int
        get() = this + 1

    fun testLong(): Long? {
        var s: Long? = 10;
        return s?.foo
    }

    fun testInt(): Int? {
        var s: Int? = 11;
        return s?.foo
    }
}
2021-03-12 09:15:05,169 [main:45] - Trying to change 26 nodes
2021-03-12 09:15:05,174 [main:53] - replacing (this, Int)
2021-03-12 09:15:05,174 [main:50] - replacing this Int
2021-03-12 09:15:05,174 [main:54] - Getting value of type Int
2021-03-12 09:15:05,294 [main:302] - generating value of type = Int true depth = 0
2021-03-12 09:15:05,296 [main:58] - GENERATED VALUE OF TYPE Int = 620224764
2021-03-12 09:15:05,297 [main:61] - GENERATED IS CALL =false
2021-03-12 09:15:05,300 [main:67] - randomType = Int
2021-03-12 09:15:05,415 [main:302] - generating value of type = Int true depth = 0
2021-03-12 09:15:05,991 [main:149] - GENERATING call of type public final operator fun div(other: kotlin.Double): kotlin.Double defined in kotlin.Int[DeserializedSimpleFunctionDescriptor@59bf64eb]
2021-03-12 09:15:06,105 [main:302] - generating value of type = Double true depth = 0
2021-03-12 09:15:06,107 [main:149] - GENERATING call of type public final operator fun compareTo(other: kotlin.Byte): kotlin.Int defined in kotlin.Double[DeserializedSimpleFunctionDescriptor@27b1bf80]
2021-03-12 09:15:06,212 [main:302] - generating value of type = Byte true depth = 0
2021-03-12 09:15:06,215 [main:78] - Generated call from random type = (-923976856).div(0.16127012896725856).compareTo(-79)
2021-03-12 09:15:06,215 [main:61] - replacement of this of type Int is (-923976856).div(0.16127012896725856).compareTo(-79)
2021-03-12 09:15:06,325 [main:33] - Trying to replace Element(THIS_EXPRESSION) on Element(DOT_QUALIFIED_EXPRESSION)
2021-03-12 09:15:06,334 [main:66] - Compilation checking started
2021-03-12 09:15:06,760 [main:53] - Result = true
Text:
class Test {
    val Long.foo: Long
        get() = this + 1

    val Int.foo: Int
        get() = (-923976856).div(0.16127012896725856).compareTo(-79) + 1

    fun testLong(): Long? {
        var s: Long? = 10;
        return s?.foo
    }

    fun testInt(): Int? {
        var s: Int? = 11;
        return s?.foo
    }
}

fun box(): String {
    val s = Test()

    if (s.testLong() != 11.toLong()) return "fail 1"

    if (s.testInt() != 12) return "fail 1"

    return "OK"
}
2021-03-12 09:15:06,763 [main:53] - replacing (1, Int)
2021-03-12 09:15:06,763 [main:50] - replacing 1 Int
2021-03-12 09:15:06,763 [main:54] - Getting value of type Int
2021-03-12 09:15:06,917 [main:302] - generating value of type = Int true depth = 0
2021-03-12 09:15:06,918 [main:58] - GENERATED VALUE OF TYPE Int = -1525007815
2021-03-12 09:15:06,918 [main:61] - GENERATED IS CALL =false
2021-03-12 09:15:06,926 [main:67] - randomType = Test
2021-03-12 09:15:07,029 [main:302] - generating value of type = Test false depth = 0
2021-03-12 09:15:07,030 [main:112] - generating klass Test text = class Test {
    val Long.foo: Long
        get() = this + 1

    val Int.foo: Int
        get() = (-923976856).div(0.16127012896725856).compareTo(-79) + 1

    fun testLong(): Long? {
        var s: Long? = 10;
        return s?.foo
    }

    fun testInt(): Int? {
        var s: Int? = 11;
        return s?.foo
    }
}
2021-03-12 09:15:07,054 [main:149] - GENERATING call of type public final operator fun times(other: kotlin.Byte): kotlin.Int defined in kotlin.Int[DeserializedSimpleFunctionDescriptor@3eba813d]
2021-03-12 09:15:07,165 [main:302] - generating value of type = Byte true depth = 0
2021-03-12 09:15:07,166 [main:78] - Generated call from random type = (Test()).foo.times(-3)
2021-03-12 09:15:07,167 [main:106] - GETTING Int from Int?
2021-03-12 09:15:07,302 [main:113] - Case = [public final infix fun and(other: kotlin.Int): kotlin.Int defined in kotlin.Int[DeserializedSimpleFunctionDescriptor@7d7eabb2], public final operator fun inc(): kotlin.Int defined in kotlin.Int[DeserializedSimpleFunctionDescriptor@4eda4c0e]]
2021-03-12 09:15:07,302 [main:149] - GENERATING call of type public final infix fun and(other: kotlin.Int): kotlin.Int defined in kotlin.Int[DeserializedSimpleFunctionDescriptor@7d7eabb2]
2021-03-12 09:15:07,303 [main:149] - GENERATING call of type public final operator fun inc(): kotlin.Int defined in kotlin.Int[DeserializedSimpleFunctionDescriptor@4eda4c0e]
2021-03-12 09:15:07,305 [main:117] - GENERATED CALL = (Test().testInt()).and(foo).inc()
2021-03-12 09:15:07,306 [main:113] - Case = [public abstract fun toInt(): kotlin.Int defined in kotlin.Number[DeserializedSimpleFunctionDescriptor@5781301], @kotlin.SinceKotlin public val kotlin.Int.sign: kotlin.Int defined in kotlin.math[DeserializedPropertyDescriptor@569306fe]]
2021-03-12 09:15:07,306 [main:149] - GENERATING call of type public abstract fun toInt(): kotlin.Int defined in kotlin.Number[DeserializedSimpleFunctionDescriptor@5781301]
2021-03-12 09:15:07,307 [main:117] - GENERATED CALL = (Test().testInt()).toInt().sign
2021-03-12 09:15:07,307 [main:113] - Case = [public abstract fun toLong(): kotlin.Long defined in kotlin.Number[DeserializedSimpleFunctionDescriptor@34e10f9], @kotlin.SinceKotlin public val kotlin.Long.sign: kotlin.Int defined in kotlin.math[DeserializedPropertyDescriptor@4d7e510c]]
2021-03-12 09:15:07,307 [main:149] - GENERATING call of type public abstract fun toLong(): kotlin.Long defined in kotlin.Number[DeserializedSimpleFunctionDescriptor@34e10f9]
2021-03-12 09:15:07,309 [main:117] - GENERATED CALL = (Test().testInt()).toLong().sign
2021-03-12 09:15:07,309 [main:113] - Case = [public abstract fun toFloat(): kotlin.Float defined in kotlin.Number[DeserializedSimpleFunctionDescriptor@55d7cc27], public final operator fun compareTo(other: kotlin.Byte): kotlin.Int defined in kotlin.Float[DeserializedSimpleFunctionDescriptor@53aa86b7]]
2021-03-12 09:15:07,309 [main:149] - GENERATING call of type public abstract fun toFloat(): kotlin.Float defined in kotlin.Number[DeserializedSimpleFunctionDescriptor@55d7cc27]
2021-03-12 09:15:07,310 [main:149] - GENERATING call of type public final operator fun compareTo(other: kotlin.Byte): kotlin.Int defined in kotlin.Float[DeserializedSimpleFunctionDescriptor@53aa86b7]
2021-03-12 09:15:07,462 [main:302] - generating value of type = Byte true depth = 0
2021-03-12 09:15:07,465 [main:117] - GENERATED CALL = (Test().testInt()).toFloat().compareTo(17)
2021-03-12 09:15:07,465 [main:113] - Case = [public abstract fun toInt(): kotlin.Int defined in kotlin.Number[DeserializedSimpleFunctionDescriptor@5781301], public final operator fun inc(): kotlin.Int defined in kotlin.Int[DeserializedSimpleFunctionDescriptor@4eda4c0e]]
2021-03-12 09:15:07,465 [main:149] - GENERATING call of type public abstract fun toInt(): kotlin.Int defined in kotlin.Number[DeserializedSimpleFunctionDescriptor@5781301]
2021-03-12 09:15:07,466 [main:149] - GENERATING call of type public final operator fun inc(): kotlin.Int defined in kotlin.Int[DeserializedSimpleFunctionDescriptor@4eda4c0e]
2021-03-12 09:15:07,468 [main:117] - GENERATED CALL = (Test().testInt()).toInt().inc()
2021-03-12 09:15:07,468 [main:113] - Case = [public abstract operator fun compareTo(other: kotlin.Int): kotlin.Int defined in kotlin.Comparable[DeserializedSimpleFunctionDescriptor@7a2238d3], public fun kotlin.Int.coerceAtLeast(minimumValue: kotlin.Int): kotlin.Int defined in kotlin.ranges[DeserializedSimpleFunctionDescriptor@6f82dbc9]]
2021-03-12 09:15:07,468 [main:149] - GENERATING call of type public abstract operator fun compareTo(other: kotlin.Int): kotlin.Int defined in kotlin.Comparable[DeserializedSimpleFunctionDescriptor@7a2238d3]
2021-03-12 09:15:07,469 [main:149] - GENERATING call of type public fun kotlin.Int.coerceAtLeast(minimumValue: kotlin.Int): kotlin.Int defined in kotlin.ranges[DeserializedSimpleFunctionDescriptor@6f82dbc9]
2021-03-12 09:15:07,603 [main:302] - generating value of type = Int true depth = 0
2021-03-12 09:15:07,606 [main:117] - GENERATED CALL = (Test().testInt()).compareTo(foo).coerceAtLeast(-1071509046)
2021-03-12 09:15:07,606 [main:113] - Case = [public open fun toByte(): kotlin.Byte defined in kotlin.Int[DeserializedSimpleFunctionDescriptor@8f911ab], public final operator fun unaryPlus(): kotlin.Int defined in kotlin.Byte[DeserializedSimpleFunctionDescriptor@43a99ef2]]
2021-03-12 09:15:07,606 [main:149] - GENERATING call of type public open fun toByte(): kotlin.Byte defined in kotlin.Int[DeserializedSimpleFunctionDescriptor@8f911ab]
2021-03-12 09:15:07,606 [main:149] - GENERATING call of type public final operator fun unaryPlus(): kotlin.Int defined in kotlin.Byte[DeserializedSimpleFunctionDescriptor@43a99ef2]
2021-03-12 09:15:07,608 [main:117] - GENERATED CALL = (Test().testInt()).toByte().unaryPlus()
2021-03-12 09:15:07,608 [main:113] - Case = [public abstract fun toFloat(): kotlin.Float defined in kotlin.Number[DeserializedSimpleFunctionDescriptor@55d7cc27], @kotlin.SinceKotlin @kotlin.js.library public fun kotlin.Float.toBits(): kotlin.Int defined in kotlin[DeserializedSimpleFunctionDescriptor@378ec278]]
2021-03-12 09:15:07,608 [main:149] - GENERATING call of type public abstract fun toFloat(): kotlin.Float defined in kotlin.Number[DeserializedSimpleFunctionDescriptor@55d7cc27]
2021-03-12 09:15:07,609 [main:149] - GENERATING call of type @kotlin.SinceKotlin @kotlin.js.library public fun kotlin.Float.toBits(): kotlin.Int defined in kotlin[DeserializedSimpleFunctionDescriptor@378ec278]
2021-03-12 09:15:07,610 [main:117] - GENERATED CALL = (Test().testInt()).toFloat().toBits()
2021-03-12 09:15:07,610 [main:113] - Case = [public final operator fun dec(): kotlin.Int defined in kotlin.Int[DeserializedSimpleFunctionDescriptor@74d083c8]]
2021-03-12 09:15:07,610 [main:149] - GENERATING call of type public final operator fun dec(): kotlin.Int defined in kotlin.Int[DeserializedSimpleFunctionDescriptor@74d083c8]
2021-03-12 09:15:07,611 [main:117] - GENERATED CALL = (Test().testInt()).dec()
2021-03-12 09:15:07,611 [main:113] - Case = [public final operator fun minus(other: kotlin.Byte): kotlin.Int defined in kotlin.Int[DeserializedSimpleFunctionDescriptor@39dde2a3]]
2021-03-12 09:15:07,611 [main:149] - GENERATING call of type public final operator fun minus(other: kotlin.Byte): kotlin.Int defined in kotlin.Int[DeserializedSimpleFunctionDescriptor@39dde2a3]
2021-03-12 09:15:07,726 [main:302] - generating value of type = Byte true depth = 0
2021-03-12 09:15:07,727 [main:117] - GENERATED CALL = (Test().testInt()).minus(-81)
2021-03-12 09:15:07,727 [main:61] - replacement of 1 of type Int is (Test().testInt()).toInt().sign
2021-03-12 09:15:07,864 [main:33] - Trying to replace Element(INTEGER_CONSTANT) on Element(DOT_QUALIFIED_EXPRESSION)
2021-03-12 09:15:07,865 [main:66] - Compilation checking started
2021-03-12 09:15:08,286 [main:49] - Result = false
Text:
class Test {
    val Long.foo: Long
        get() = this + 1

    val Int.foo: Int
        get() = (-923976856).div(0.16127012896725856).compareTo(-79) + (Test().testInt()).toInt().sign

    fun testLong(): Long? {
        var s: Long? = 10;
        return s?.foo
    }

    fun testInt(): Int? {
        var s: Int? = 11;
        return s?.foo
    }
}

fun box(): String {
    val s = Test()

    if (s.testLong() != 11.toLong()) return "fail 1"

    if (s.testInt() != 12) return "fail 1"

    return "OK"
}
2021-03-12 09:15:08,289 [main:53] - replacing (s.testInt() != 12, Boolean)
2021-03-12 09:15:08,289 [main:50] - replacing s.testInt() != 12 Boolean
2021-03-12 09:15:08,289 [main:54] - Getting value of type Boolean
2021-03-12 09:15:08,387 [main:302] - generating value of type = Boolean true depth = 0
2021-03-12 09:15:08,388 [main:58] - GENERATED VALUE OF TYPE Boolean = true
2021-03-12 09:15:08,388 [main:61] - GENERATED IS CALL =false
2021-03-12 09:15:08,823 [main:67] - randomType = Function2<Function1<String, Test>, Float, String?>
2021-03-12 09:15:08,839 [main:106] - GETTING Boolean from Test
2021-03-12 09:15:08,867 [main:113] - Case = [public open fun equals(other: kotlin.Any?): kotlin.Boolean defined in Test[DeserializedSimpleFunctionDescriptor@22293ab7], public final infix fun xor(other: kotlin.Boolean): kotlin.Boolean defined in kotlin.Boolean[DeserializedSimpleFunctionDescriptor@78e62cf2]]
2021-03-12 09:15:08,867 [main:149] - GENERATING call of type public open fun equals(other: kotlin.Any?): kotlin.Boolean defined in Test[DeserializedSimpleFunctionDescriptor@22293ab7]
2021-03-12 09:15:09,008 [main:302] - generating value of type = Any false depth = 0
2021-03-12 09:15:09,010 [main:149] - GENERATING call of type public final infix fun xor(other: kotlin.Boolean): kotlin.Boolean defined in kotlin.Boolean[DeserializedSimpleFunctionDescriptor@78e62cf2]
2021-03-12 09:15:09,096 [main:302] - generating value of type = Boolean true depth = 0
2021-03-12 09:15:09,097 [main:117] - GENERATED CALL = (s).equals("ybcje").xor(false)
2021-03-12 09:15:09,097 [main:113] - Case = [public open fun equals(other: kotlin.Any?): kotlin.Boolean defined in Test[DeserializedSimpleFunctionDescriptor@22293ab7], public final operator fun not(): kotlin.Boolean defined in kotlin.Boolean[DeserializedSimpleFunctionDescriptor@2a105ba6]]
2021-03-12 09:15:09,098 [main:149] - GENERATING call of type public open fun equals(other: kotlin.Any?): kotlin.Boolean defined in Test[DeserializedSimpleFunctionDescriptor@22293ab7]
2021-03-12 09:15:09,190 [main:302] - generating value of type = Any false depth = 0
2021-03-12 09:15:09,191 [main:149] - GENERATING call of type public final operator fun not(): kotlin.Boolean defined in kotlin.Boolean[DeserializedSimpleFunctionDescriptor@2a105ba6]
2021-03-12 09:15:09,192 [main:117] - GENERATED CALL = (s).equals("nluey").not()
2021-03-12 09:15:09,192 [main:113] - Case = [public open fun equals(other: kotlin.Any?): kotlin.Boolean defined in Test[DeserializedSimpleFunctionDescriptor@22293ab7]]
2021-03-12 09:15:09,192 [main:149] - GENERATING call of type public open fun equals(other: kotlin.Any?): kotlin.Boolean defined in Test[DeserializedSimpleFunctionDescriptor@22293ab7]
2021-03-12 09:15:09,316 [main:302] - generating value of type = Any false depth = 0
2021-03-12 09:15:09,318 [main:117] - GENERATED CALL = (s).equals("xdbuh")
2021-03-12 09:15:09,318 [main:113] - Case = [public open fun equals(other: kotlin.Any?): kotlin.Boolean defined in Test[DeserializedSimpleFunctionDescriptor@22293ab7], public open fun equals(other: kotlin.Any?): kotlin.Boolean defined in kotlin.Boolean[DeserializedSimpleFunctionDescriptor@51765790]]
2021-03-12 09:15:09,318 [main:149] - GENERATING call of type public open fun equals(other: kotlin.Any?): kotlin.Boolean defined in Test[DeserializedSimpleFunctionDescriptor@22293ab7]
2021-03-12 09:15:09,407 [main:302] - generating value of type = Any false depth = 0
2021-03-12 09:15:09,408 [main:149] - GENERATING call of type public open fun equals(other: kotlin.Any?): kotlin.Boolean defined in kotlin.Boolean[DeserializedSimpleFunctionDescriptor@51765790]
2021-03-12 09:15:09,494 [main:302] - generating value of type = Any false depth = 0
2021-03-12 09:15:09,495 [main:117] - GENERATED CALL = (s).equals("ehrwl").equals("ushrn")
2021-03-12 09:15:09,495 [main:113] - Case = [public final val kotlin.Long.foo: kotlin.Long defined in Test[PropertyDescriptorImpl@59c268e0], public open fun equals(other: kotlin.Any?): kotlin.Boolean defined in kotlin.Long[DeserializedSimpleFunctionDescriptor@73b49ca4]]
2021-03-12 09:15:09,496 [main:149] - GENERATING call of type public open fun equals(other: kotlin.Any?): kotlin.Boolean defined in kotlin.Long[DeserializedSimpleFunctionDescriptor@73b49ca4]
2021-03-12 09:15:09,643 [main:302] - generating value of type = Any false depth = 0
2021-03-12 09:15:09,644 [main:117] - GENERATED CALL = (s).foo.equals("vapsz")
2021-03-12 09:15:09,644 [main:113] - Case = [public open fun equals(other: kotlin.Any?): kotlin.Boolean defined in Test[DeserializedSimpleFunctionDescriptor@22293ab7], public final infix fun and(other: kotlin.Boolean): kotlin.Boolean defined in kotlin.Boolean[DeserializedSimpleFunctionDescriptor@13674b28]]
2021-03-12 09:15:09,644 [main:149] - GENERATING call of type public open fun equals(other: kotlin.Any?): kotlin.Boolean defined in Test[DeserializedSimpleFunctionDescriptor@22293ab7]
2021-03-12 09:15:09,767 [main:302] - generating value of type = Any false depth = 0
2021-03-12 09:15:09,768 [main:149] - GENERATING call of type public final infix fun and(other: kotlin.Boolean): kotlin.Boolean defined in kotlin.Boolean[DeserializedSimpleFunctionDescriptor@13674b28]
2021-03-12 09:15:09,853 [main:302] - generating value of type = Boolean true depth = 0
2021-03-12 09:15:09,854 [main:117] - GENERATED CALL = (s).equals("ekasm").and(false)
2021-03-12 09:15:09,854 [main:113] - Case = [public final fun testLong(): kotlin.Long? defined in Test[SimpleFunctionDescriptorImpl@372591c6], public open fun equals(other: kotlin.Any?): kotlin.Boolean defined in kotlin.Long[DeserializedSimpleFunctionDescriptor@73b49ca4]]
2021-03-12 09:15:09,854 [main:149] - GENERATING call of type public final fun testLong(): kotlin.Long? defined in Test[SimpleFunctionDescriptorImpl@372591c6]
2021-03-12 09:15:09,855 [main:149] - GENERATING call of type public open fun equals(other: kotlin.Any?): kotlin.Boolean defined in kotlin.Long[DeserializedSimpleFunctionDescriptor@73b49ca4]
2021-03-12 09:15:09,939 [main:302] - generating value of type = Any false depth = 0
2021-03-12 09:15:09,940 [main:117] - GENERATED CALL = (s).testLong()?.equals("klykt")
2021-03-12 09:15:09,940 [main:113] - Case = [public open fun equals(other: kotlin.Any?): kotlin.Boolean defined in Test[DeserializedSimpleFunctionDescriptor@22293ab7], public final infix fun or(other: kotlin.Boolean): kotlin.Boolean defined in kotlin.Boolean[DeserializedSimpleFunctionDescriptor@23079b73]]
2021-03-12 09:15:09,940 [main:149] - GENERATING call of type public open fun equals(other: kotlin.Any?): kotlin.Boolean defined in Test[DeserializedSimpleFunctionDescriptor@22293ab7]
2021-03-12 09:15:10,051 [main:302] - generating value of type = Any false depth = 0
2021-03-12 09:15:10,051 [main:149] - GENERATING call of type public final infix fun or(other: kotlin.Boolean): kotlin.Boolean defined in kotlin.Boolean[DeserializedSimpleFunctionDescriptor@23079b73]
2021-03-12 09:15:10,150 [main:302] - generating value of type = Boolean true depth = 0
2021-03-12 09:15:10,151 [main:117] - GENERATED CALL = (s).equals("yfoqd").or(true)
2021-03-12 09:15:10,152 [main:113] - Case = [public final fun testInt(): kotlin.Int? defined in Test[SimpleFunctionDescriptorImpl@7201108f], public open fun equals(other: kotlin.Any?): kotlin.Boolean defined in kotlin.Int[DeserializedSimpleFunctionDescriptor@6ff36ec8]]
2021-03-12 09:15:10,152 [main:149] - GENERATING call of type public final fun testInt(): kotlin.Int? defined in Test[SimpleFunctionDescriptorImpl@7201108f]
2021-03-12 09:15:10,152 [main:149] - GENERATING call of type public open fun equals(other: kotlin.Any?): kotlin.Boolean defined in kotlin.Int[DeserializedSimpleFunctionDescriptor@6ff36ec8]
2021-03-12 09:15:10,238 [main:302] - generating value of type = Any false depth = 0
2021-03-12 09:15:10,239 [main:117] - GENERATED CALL = (s).testInt()?.equals("ftzqy")
2021-03-12 09:15:10,239 [main:61] - replacement of s.testInt() != 12 of type Boolean is (s).foo.equals("vapsz")
2021-03-12 09:15:10,344 [main:33] - Trying to replace Element(BINARY_EXPRESSION) on Element(DOT_QUALIFIED_EXPRESSION)
2021-03-12 09:15:10,345 [main:66] - Compilation checking started
2021-03-12 09:15:10,636 [main:49] - Result = false
Text:
class Test {
    val Long.foo: Long
        get() = this + 1

    val Int.foo: Int
        get() = (-923976856).div(0.16127012896725856).compareTo(-79) + 1

    fun testLong(): Long? {
        var s: Long? = 10;
        return s?.foo
    }

    fun testInt(): Int? {
        var s: Int? = 11;
        return s?.foo
    }
}

fun box(): String {
    val s = Test()

    if (s.testLong() != 11.toLong()) return "fail 1"

    if ((s).foo.equals("vapsz")) return "fail 1"

    return "OK"
}
2021-03-12 09:15:10,638 [main:53] - replacing (s.testInt(), Int?)
2021-03-12 09:15:10,638 [main:50] - replacing s.testInt() Int?
2021-03-12 09:15:10,638 [main:54] - Getting value of type Int?
2021-03-12 09:15:10,781 [main:302] - generating value of type = Int true depth = 0
2021-03-12 09:15:10,781 [main:58] - GENERATED VALUE OF TYPE Int? = -858945461
2021-03-12 09:15:10,782 [main:61] - GENERATED IS CALL =false
2021-03-12 09:15:10,913 [main:67] - randomType = Boolean?
2021-03-12 09:15:11,011 [main:302] - generating value of type = Boolean true depth = 0
2021-03-12 09:15:11,027 [main:149] - GENERATING call of type public open fun compareTo(other: kotlin.Boolean): kotlin.Int defined in kotlin.Boolean[DeserializedSimpleFunctionDescriptor@28442b5c]
2021-03-12 09:15:11,110 [main:302] - generating value of type = Boolean true depth = 0
2021-03-12 09:15:11,111 [main:149] - GENERATING call of type public final operator fun dec(): kotlin.Int defined in kotlin.Int[DeserializedSimpleFunctionDescriptor@74d083c8]
2021-03-12 09:15:11,111 [main:78] - Generated call from random type = (false)?.compareTo(true).dec()
2021-03-12 09:15:11,113 [main:106] - GETTING Int? from Long
2021-03-12 09:15:11,156 [main:113] - Case = [public final operator fun compareTo(other: kotlin.Byte): kotlin.Int defined in kotlin.Long[DeserializedSimpleFunctionDescriptor@62989583], public fun kotlin.Int.coerceAtMost(maximumValue: kotlin.Int): kotlin.Int defined in kotlin.ranges[DeserializedSimpleFunctionDescriptor@ae4159d]]
2021-03-12 09:15:11,156 [main:149] - GENERATING call of type public final operator fun compareTo(other: kotlin.Byte): kotlin.Int defined in kotlin.Long[DeserializedSimpleFunctionDescriptor@62989583]
2021-03-12 09:15:11,258 [main:302] - generating value of type = Byte true depth = 0
2021-03-12 09:15:11,259 [main:149] - GENERATING call of type public fun kotlin.Int.coerceAtMost(maximumValue: kotlin.Int): kotlin.Int defined in kotlin.ranges[DeserializedSimpleFunctionDescriptor@ae4159d]
2021-03-12 09:15:11,367 [main:302] - generating value of type = Int true depth = 0
2021-03-12 09:15:11,369 [main:117] - GENERATED CALL = (foo)?.compareTo(111).coerceAtMost(-256595104)
2021-03-12 09:15:11,370 [main:113] - Case = [public open fun toByte(): kotlin.Byte defined in kotlin.Long[DeserializedSimpleFunctionDescriptor@6c873a48], @kotlin.SinceKotlin @kotlin.WasExperimental @kotlin.internal.InlineOnly public inline fun kotlin.Byte.countOneBits(): kotlin.Int defined in kotlin[DeserializedSimpleFunctionDescriptor@6c3e27af]]
2021-03-12 09:15:11,371 [main:149] - GENERATING call of type public open fun toByte(): kotlin.Byte defined in kotlin.Long[DeserializedSimpleFunctionDescriptor@6c873a48]
2021-03-12 09:15:11,371 [main:149] - GENERATING call of type @kotlin.SinceKotlin @kotlin.WasExperimental @kotlin.internal.InlineOnly public inline fun kotlin.Byte.countOneBits(): kotlin.Int defined in kotlin[DeserializedSimpleFunctionDescriptor@6c3e27af]
2021-03-12 09:15:11,372 [main:117] - GENERATED CALL = (foo)?.toByte().countOneBits()
2021-03-12 09:15:11,372 [main:113] - Case = [public open fun toShort(): kotlin.Short defined in kotlin.Long[DeserializedSimpleFunctionDescriptor@1593c6e2], public final operator fun unaryMinus(): kotlin.Int defined in kotlin.Short[DeserializedSimpleFunctionDescriptor@4eba05c0]]
2021-03-12 09:15:11,372 [main:149] - GENERATING call of type public open fun toShort(): kotlin.Short defined in kotlin.Long[DeserializedSimpleFunctionDescriptor@1593c6e2]
2021-03-12 09:15:11,373 [main:149] - GENERATING call of type public final operator fun unaryMinus(): kotlin.Int defined in kotlin.Short[DeserializedSimpleFunctionDescriptor@4eba05c0]
2021-03-12 09:15:11,373 [main:117] - GENERATED CALL = (foo)?.toShort().unaryMinus()
2021-03-12 09:15:11,373 [main:113] - Case = [public final operator fun compareTo(other: kotlin.Byte): kotlin.Int defined in kotlin.Long[DeserializedSimpleFunctionDescriptor@62989583], public final operator fun unaryMinus(): kotlin.Int defined in kotlin.Int[DeserializedSimpleFunctionDescriptor@34072304]]
2021-03-12 09:15:11,374 [main:149] - GENERATING call of type public final operator fun compareTo(other: kotlin.Byte): kotlin.Int defined in kotlin.Long[DeserializedSimpleFunctionDescriptor@62989583]
2021-03-12 09:15:11,471 [main:302] - generating value of type = Byte true depth = 0
2021-03-12 09:15:11,472 [main:149] - GENERATING call of type public final operator fun unaryMinus(): kotlin.Int defined in kotlin.Int[DeserializedSimpleFunctionDescriptor@34072304]
2021-03-12 09:15:11,473 [main:117] - GENERATED CALL = (foo)?.compareTo(47).unaryMinus()
2021-03-12 09:15:11,473 [main:113] - Case = [public abstract fun toLong(): kotlin.Long defined in kotlin.Number[DeserializedSimpleFunctionDescriptor@34e10f9], public open fun toInt(): kotlin.Int defined in kotlin.Long[DeserializedSimpleFunctionDescriptor@5f07d5aa]]
2021-03-12 09:15:11,473 [main:149] - GENERATING call of type public abstract fun toLong(): kotlin.Long defined in kotlin.Number[DeserializedSimpleFunctionDescriptor@34e10f9]
2021-03-12 09:15:11,473 [main:149] - GENERATING call of type public open fun toInt(): kotlin.Int defined in kotlin.Long[DeserializedSimpleFunctionDescriptor@5f07d5aa]
2021-03-12 09:15:11,474 [main:117] - GENERATED CALL = (foo)?.toLong().toInt()
2021-03-12 09:15:11,474 [main:113] - Case = [public abstract fun toInt(): kotlin.Int defined in kotlin.Number[DeserializedSimpleFunctionDescriptor@5781301], public final infix fun shr(bitCount: kotlin.Int): kotlin.Int defined in kotlin.Int[DeserializedSimpleFunctionDescriptor@3879ed80]]
2021-03-12 09:15:11,474 [main:149] - GENERATING call of type public abstract fun toInt(): kotlin.Int defined in kotlin.Number[DeserializedSimpleFunctionDescriptor@5781301]
2021-03-12 09:15:11,474 [main:149] - GENERATING call of type public final infix fun shr(bitCount: kotlin.Int): kotlin.Int defined in kotlin.Int[DeserializedSimpleFunctionDescriptor@3879ed80]
2021-03-12 09:15:11,475 [main:117] - GENERATED CALL = (foo)?.toInt().shr(foo)
2021-03-12 09:15:11,475 [main:113] - Case = [public final operator fun div(other: kotlin.Float): kotlin.Float defined in kotlin.Long[DeserializedSimpleFunctionDescriptor@3ef443f1], @kotlin.SinceKotlin @kotlin.js.library public fun kotlin.Float.toBits(): kotlin.Int defined in kotlin[DeserializedSimpleFunctionDescriptor@378ec278]]
2021-03-12 09:15:11,475 [main:149] - GENERATING call of type public final operator fun div(other: kotlin.Float): kotlin.Float defined in kotlin.Long[DeserializedSimpleFunctionDescriptor@3ef443f1]
2021-03-12 09:15:11,563 [main:302] - generating value of type = Float true depth = 0
2021-03-12 09:15:11,564 [main:149] - GENERATING call of type @kotlin.SinceKotlin @kotlin.js.library public fun kotlin.Float.toBits(): kotlin.Int defined in kotlin[DeserializedSimpleFunctionDescriptor@378ec278]
2021-03-12 09:15:11,565 [main:117] - GENERATED CALL = (foo)?.div(0.09121263f).toBits()
2021-03-12 09:15:11,565 [main:113] - Case = [public open fun toShort(): kotlin.Short defined in kotlin.Long[DeserializedSimpleFunctionDescriptor@1593c6e2], public final operator fun minus(other: kotlin.Byte): kotlin.Int defined in kotlin.Short[DeserializedSimpleFunctionDescriptor@35f045d]]
2021-03-12 09:15:11,565 [main:149] - GENERATING call of type public open fun toShort(): kotlin.Short defined in kotlin.Long[DeserializedSimpleFunctionDescriptor@1593c6e2]
2021-03-12 09:15:11,565 [main:149] - GENERATING call of type public final operator fun minus(other: kotlin.Byte): kotlin.Int defined in kotlin.Short[DeserializedSimpleFunctionDescriptor@35f045d]
2021-03-12 09:15:11,671 [main:302] - generating value of type = Byte true depth = 0
2021-03-12 09:15:11,672 [main:117] - GENERATED CALL = (foo)?.toShort().minus(115)
2021-03-12 09:15:11,673 [main:113] - Case = [public abstract fun toLong(): kotlin.Long defined in kotlin.Number[DeserializedSimpleFunctionDescriptor@34e10f9], @kotlin.SinceKotlin @kotlin.WasExperimental public fun kotlin.Long.countOneBits(): kotlin.Int defined in kotlin[DeserializedSimpleFunctionDescriptor@2b7c81d3]]
2021-03-12 09:15:11,673 [main:149] - GENERATING call of type public abstract fun toLong(): kotlin.Long defined in kotlin.Number[DeserializedSimpleFunctionDescriptor@34e10f9]
2021-03-12 09:15:11,673 [main:149] - GENERATING call of type @kotlin.SinceKotlin @kotlin.WasExperimental public fun kotlin.Long.countOneBits(): kotlin.Int defined in kotlin[DeserializedSimpleFunctionDescriptor@2b7c81d3]
2021-03-12 09:15:11,674 [main:117] - GENERATED CALL = (foo)?.toLong().countOneBits()
2021-03-12 09:15:11,674 [main:113] - Case = [public final operator fun compareTo(other: kotlin.Byte): kotlin.Int defined in kotlin.Long[DeserializedSimpleFunctionDescriptor@62989583], public final infix fun shr(bitCount: kotlin.Int): kotlin.Int defined in kotlin.Int[DeserializedSimpleFunctionDescriptor@3879ed80]]
2021-03-12 09:15:11,675 [main:149] - GENERATING call of type public final operator fun compareTo(other: kotlin.Byte): kotlin.Int defined in kotlin.Long[DeserializedSimpleFunctionDescriptor@62989583]
2021-03-12 09:15:11,773 [main:302] - generating value of type = Byte true depth = 0
2021-03-12 09:15:11,774 [main:149] - GENERATING call of type public final infix fun shr(bitCount: kotlin.Int): kotlin.Int defined in kotlin.Int[DeserializedSimpleFunctionDescriptor@3879ed80]
2021-03-12 09:15:11,775 [main:117] - GENERATED CALL = (foo)?.compareTo(83).shr(foo)
2021-03-12 09:15:11,775 [main:61] - replacement of s.testInt() of type Int? is (foo)?.toShort().minus(115)
2021-03-12 09:15:11,862 [main:33] - Trying to replace Element(DOT_QUALIFIED_EXPRESSION) on Element(DOT_QUALIFIED_EXPRESSION)
2021-03-12 09:15:11,863 [main:66] - Compilation checking started
2021-03-12 09:15:12,132 [main:49] - Result = false
Text:
class Test {
    val Long.foo: Long
        get() = this + 1

    val Int.foo: Int
        get() = (-923976856).div(0.16127012896725856).compareTo(-79) + 1

    fun testLong(): Long? {
        var s: Long? = 10;
        return s?.foo
    }

    fun testInt(): Int? {
        var s: Int? = 11;
        return s?.foo
    }
}

fun box(): String {
    val s = Test()

    if (s.testLong() != 11.toLong()) return "fail 1"

    if ((foo)?.toShort().minus(115) != 12) return "fail 1"

    return "OK"
}
2021-03-12 09:15:12,133 [main:53] - replacing (1, Int)
2021-03-12 09:15:12,134 [main:50] - replacing 1 Int
2021-03-12 09:15:12,134 [main:54] - Getting value of type Int
2021-03-12 09:15:12,231 [main:302] - generating value of type = Int true depth = 0
2021-03-12 09:15:12,231 [main:58] - GENERATED VALUE OF TYPE Int = 125286629
2021-03-12 09:15:12,232 [main:61] - GENERATED IS CALL =false
2021-03-12 09:15:12,521 [main:67] - randomType = Pair<Test, String?>?
2021-03-12 09:15:12,605 [main:302] - generating value of type = Pair<Test, String?> false depth = 0
2021-03-12 09:15:12,698 [main:43] - GENERATING CALL OF fun <A, B> Pair(first: Test, second: String?): Pair<Test, String?> = TODO()
2021-03-12 09:15:12,701 [main:61] - WITHOUT TYPE PARAMS = fun <A, B> Pair(first: Test, second: String?): Pair<Test, String?> = TODO()
2021-03-12 09:15:12,829 [main:302] - generating value of type = Test false depth = 3
2021-03-12 09:15:12,829 [main:112] - generating klass Test text = class Test {
    val Long.foo: Long
        get() = this + 1

    val Int.foo: Int
        get() = (-923976856).div(0.16127012896725856).compareTo(-79) + 1

    fun testLong(): Long? {
        var s: Long? = 10;
        return s?.foo
    }

    fun testInt(): Int? {
        var s: Int? = 11;
        return s?.foo
    }
}
2021-03-12 09:15:12,830 [main:95] - GENERATED = Pair<Test, String?>(Test(), null)
2021-03-12 09:15:12,860 [main:78] - Generated call from random type = (Pair<Test, String?>(Test(), null))?.second?.length!!
2021-03-12 09:15:12,861 [main:106] - GETTING Int from Int?
2021-03-12 09:15:12,937 [main:113] - Case = [public open fun toByte(): kotlin.Byte defined in kotlin.Int[DeserializedSimpleFunctionDescriptor@8f911ab], @kotlin.SinceKotlin @kotlin.WasExperimental @kotlin.internal.InlineOnly public inline fun kotlin.Byte.countTrailingZeroBits(): kotlin.Int defined in kotlin[DeserializedSimpleFunctionDescriptor@3219b550]]
2021-03-12 09:15:12,937 [main:149] - GENERATING call of type public open fun toByte(): kotlin.Byte defined in kotlin.Int[DeserializedSimpleFunctionDescriptor@8f911ab]
2021-03-12 09:15:12,938 [main:149] - GENERATING call of type @kotlin.SinceKotlin @kotlin.WasExperimental @kotlin.internal.InlineOnly public inline fun kotlin.Byte.countTrailingZeroBits(): kotlin.Int defined in kotlin[DeserializedSimpleFunctionDescriptor@3219b550]
2021-03-12 09:15:12,939 [main:117] - GENERATED CALL = (Test().testInt()).toByte().countTrailingZeroBits()
2021-03-12 09:15:12,939 [main:113] - Case = [public open fun toShort(): kotlin.Short defined in kotlin.Int[DeserializedSimpleFunctionDescriptor@52351801], public final operator fun div(other: kotlin.Byte): kotlin.Int defined in kotlin.Short[DeserializedSimpleFunctionDescriptor@1e5ba462]]
2021-03-12 09:15:12,940 [main:149] - GENERATING call of type public open fun toShort(): kotlin.Short defined in kotlin.Int[DeserializedSimpleFunctionDescriptor@52351801]
2021-03-12 09:15:12,940 [main:149] - GENERATING call of type public final operator fun div(other: kotlin.Byte): kotlin.Int defined in kotlin.Short[DeserializedSimpleFunctionDescriptor@1e5ba462]
2021-03-12 09:15:13,029 [main:302] - generating value of type = Byte true depth = 0
2021-03-12 09:15:13,030 [main:117] - GENERATED CALL = (Test().testInt()).toShort().div(124)
2021-03-12 09:15:13,030 [main:113] - Case = [public abstract fun toInt(): kotlin.Int defined in kotlin.Number[DeserializedSimpleFunctionDescriptor@5781301], public final infix fun and(other: kotlin.Int): kotlin.Int defined in kotlin.Int[DeserializedSimpleFunctionDescriptor@7d7eabb2]]
2021-03-12 09:15:13,031 [main:149] - GENERATING call of type public abstract fun toInt(): kotlin.Int defined in kotlin.Number[DeserializedSimpleFunctionDescriptor@5781301]
2021-03-12 09:15:13,031 [main:149] - GENERATING call of type public final infix fun and(other: kotlin.Int): kotlin.Int defined in kotlin.Int[DeserializedSimpleFunctionDescriptor@7d7eabb2]
2021-03-12 09:15:13,112 [main:302] - generating value of type = Int true depth = 0
2021-03-12 09:15:13,113 [main:117] - GENERATED CALL = (Test().testInt()).toInt().and(997282698)
2021-03-12 09:15:13,113 [main:113] - Case = [public abstract fun toInt(): kotlin.Int defined in kotlin.Number[DeserializedSimpleFunctionDescriptor@5781301], @kotlin.SinceKotlin @kotlin.WasExperimental public fun kotlin.Int.takeHighestOneBit(): kotlin.Int defined in kotlin[DeserializedSimpleFunctionDescriptor@3ffc78c3]]
2021-03-12 09:15:13,113 [main:149] - GENERATING call of type public abstract fun toInt(): kotlin.Int defined in kotlin.Number[DeserializedSimpleFunctionDescriptor@5781301]
2021-03-12 09:15:13,113 [main:149] - GENERATING call of type @kotlin.SinceKotlin @kotlin.WasExperimental public fun kotlin.Int.takeHighestOneBit(): kotlin.Int defined in kotlin[DeserializedSimpleFunctionDescriptor@3ffc78c3]
2021-03-12 09:15:13,114 [main:117] - GENERATED CALL = (Test().testInt()).toInt().takeHighestOneBit()
2021-03-12 09:15:13,114 [main:113] - Case = [public abstract fun toLong(): kotlin.Long defined in kotlin.Number[DeserializedSimpleFunctionDescriptor@34e10f9], public open fun toInt(): kotlin.Int defined in kotlin.Long[DeserializedSimpleFunctionDescriptor@5f07d5aa]]
2021-03-12 09:15:13,114 [main:149] - GENERATING call of type public abstract fun toLong(): kotlin.Long defined in kotlin.Number[DeserializedSimpleFunctionDescriptor@34e10f9]
2021-03-12 09:15:13,114 [main:149] - GENERATING call of type public open fun toInt(): kotlin.Int defined in kotlin.Long[DeserializedSimpleFunctionDescriptor@5f07d5aa]
2021-03-12 09:15:13,115 [main:117] - GENERATED CALL = (Test().testInt()).toLong().toInt()
2021-03-12 09:15:13,115 [main:113] - Case = [public open fun toShort(): kotlin.Short defined in kotlin.Int[DeserializedSimpleFunctionDescriptor@52351801], public final operator fun compareTo(other: kotlin.Byte): kotlin.Int defined in kotlin.Short[DeserializedSimpleFunctionDescriptor@3bad9493]]
2021-03-12 09:15:13,115 [main:149] - GENERATING call of type public open fun toShort(): kotlin.Short defined in kotlin.Int[DeserializedSimpleFunctionDescriptor@52351801]
2021-03-12 09:15:13,115 [main:149] - GENERATING call of type public final operator fun compareTo(other: kotlin.Byte): kotlin.Int defined in kotlin.Short[DeserializedSimpleFunctionDescriptor@3bad9493]
2021-03-12 09:15:13,194 [main:302] - generating value of type = Byte true depth = 0
2021-03-12 09:15:13,195 [main:117] - GENERATED CALL = (Test().testInt()).toShort().compareTo(-38)
2021-03-12 09:15:13,195 [main:113] - Case = [public abstract fun toInt(): kotlin.Int defined in kotlin.Number[DeserializedSimpleFunctionDescriptor@5781301], @kotlin.SinceKotlin @kotlin.ExperimentalStdlibApi public fun kotlin.Int.rotateRight(bitCount: kotlin.Int): kotlin.Int defined in kotlin[DeserializedSimpleFunctionDescriptor@22f144b1]]
2021-03-12 09:15:13,195 [main:149] - GENERATING call of type public abstract fun toInt(): kotlin.Int defined in kotlin.Number[DeserializedSimpleFunctionDescriptor@5781301]
2021-03-12 09:15:13,196 [main:149] - GENERATING call of type @kotlin.SinceKotlin @kotlin.ExperimentalStdlibApi public fun kotlin.Int.rotateRight(bitCount: kotlin.Int): kotlin.Int defined in kotlin[DeserializedSimpleFunctionDescriptor@22f144b1]
2021-03-12 09:15:13,196 [main:117] - GENERATED CALL = (Test().testInt()).toInt().rotateRight(foo)
2021-03-12 09:15:13,196 [main:113] - Case = [public abstract fun toInt(): kotlin.Int defined in kotlin.Number[DeserializedSimpleFunctionDescriptor@5781301], public final infix fun xor(other: kotlin.Int): kotlin.Int defined in kotlin.Int[DeserializedSimpleFunctionDescriptor@2fc2bb2f]]
2021-03-12 09:15:13,196 [main:149] - GENERATING call of type public abstract fun toInt(): kotlin.Int defined in kotlin.Number[DeserializedSimpleFunctionDescriptor@5781301]
2021-03-12 09:15:13,197 [main:149] - GENERATING call of type public final infix fun xor(other: kotlin.Int): kotlin.Int defined in kotlin.Int[DeserializedSimpleFunctionDescriptor@2fc2bb2f]
2021-03-12 09:15:13,197 [main:117] - GENERATED CALL = (Test().testInt()).toInt().xor(foo)
2021-03-12 09:15:13,197 [main:113] - Case = [public final operator fun div(other: kotlin.Long): kotlin.Long defined in kotlin.Int[DeserializedSimpleFunctionDescriptor@6cd2a401], @kotlin.SinceKotlin public val kotlin.Long.sign: kotlin.Int defined in kotlin.math[DeserializedPropertyDescriptor@4d7e510c]]
2021-03-12 09:15:13,197 [main:149] - GENERATING call of type public final operator fun div(other: kotlin.Long): kotlin.Long defined in kotlin.Int[DeserializedSimpleFunctionDescriptor@6cd2a401]
2021-03-12 09:15:13,198 [main:117] - GENERATED CALL = (Test().testInt()).div(foo).sign
2021-03-12 09:15:13,198 [main:113] - Case = [public open fun toShort(): kotlin.Short defined in kotlin.Int[DeserializedSimpleFunctionDescriptor@52351801], public open fun toInt(): kotlin.Int defined in kotlin.Short[DeserializedSimpleFunctionDescriptor@63323f91]]
2021-03-12 09:15:13,198 [main:149] - GENERATING call of type public open fun toShort(): kotlin.Short defined in kotlin.Int[DeserializedSimpleFunctionDescriptor@52351801]
2021-03-12 09:15:13,198 [main:149] - GENERATING call of type public open fun toInt(): kotlin.Int defined in kotlin.Short[DeserializedSimpleFunctionDescriptor@63323f91]
2021-03-12 09:15:13,199 [main:117] - GENERATED CALL = (Test().testInt()).toShort().toInt()
2021-03-12 09:15:13,199 [main:61] - replacement of 1 of type Int is (Test().testInt()).toShort().compareTo(-38)
2021-03-12 09:15:13,282 [main:33] - Trying to replace Element(INTEGER_CONSTANT) on Element(DOT_QUALIFIED_EXPRESSION)
2021-03-12 09:15:13,283 [main:66] - Compilation checking started
2021-03-12 09:15:13,531 [main:49] - Result = false
Text:
class Test {
    val Long.foo: Long
        get() = this + 1

    val Int.foo: Int
        get() = (-923976856).div(0.16127012896725856).compareTo(-79) + (Test().testInt()).toShort().compareTo(-38)

    fun testLong(): Long? {
        var s: Long? = 10;
        return s?.foo
    }

    fun testInt(): Int? {
        var s: Int? = 11;
        return s?.foo
    }
}

fun box(): String {
    val s = Test()

    if (s.testLong() != 11.toLong()) return "fail 1"

    if (s.testInt() != 12) return "fail 1"

    return "OK"
}


2021-03-12 09:15:13,533 [main:53] - replacing (s.testInt(), Int?)
2021-03-12 09:15:13,534 [main:50] - replacing s.testInt() Int?
2021-03-12 09:15:13,534 [main:54] - Getting value of type Int?
2021-03-12 09:15:13,634 [main:302] - generating value of type = Int true depth = 0
2021-03-12 09:15:13,634 [main:58] - GENERATED VALUE OF TYPE Int? = -1144392628
2021-03-12 09:15:13,635 [main:61] - GENERATED IS CALL =false
2021-03-12 09:15:13,727 [main:67] - randomType = Map<Test, Int>
2021-03-12 09:15:13,727 [main:106] - GETTING Int? from Int
2021-03-12 09:15:13,776 [main:113] - Case = [public open fun toShort(): kotlin.Short defined in kotlin.Int[DeserializedSimpleFunctionDescriptor@52351801], @kotlin.SinceKotlin @kotlin.WasExperimental @kotlin.internal.InlineOnly public inline fun kotlin.Short.countOneBits(): kotlin.Int defined in kotlin[DeserializedSimpleFunctionDescriptor@221f771a]]
2021-03-12 09:15:13,776 [main:149] - GENERATING call of type public open fun toShort(): kotlin.Short defined in kotlin.Int[DeserializedSimpleFunctionDescriptor@52351801]
2021-03-12 09:15:13,776 [main:149] - GENERATING call of type @kotlin.SinceKotlin @kotlin.WasExperimental @kotlin.internal.InlineOnly public inline fun kotlin.Short.countOneBits(): kotlin.Int defined in kotlin[DeserializedSimpleFunctionDescriptor@221f771a]
2021-03-12 09:15:13,777 [main:117] - GENERATED CALL = (foo)?.toShort().countOneBits()
2021-03-12 09:15:13,777 [main:113] - Case = [public abstract fun toDouble(): kotlin.Double defined in kotlin.Number[DeserializedSimpleFunctionDescriptor@3ed88f8f], public final operator fun compareTo(other: kotlin.Byte): kotlin.Int defined in kotlin.Double[DeserializedSimpleFunctionDescriptor@27b1bf80]]
2021-03-12 09:15:13,777 [main:149] - GENERATING call of type public abstract fun toDouble(): kotlin.Double defined in kotlin.Number[DeserializedSimpleFunctionDescriptor@3ed88f8f]
2021-03-12 09:15:13,777 [main:149] - GENERATING call of type public final operator fun compareTo(other: kotlin.Byte): kotlin.Int defined in kotlin.Double[DeserializedSimpleFunctionDescriptor@27b1bf80]
2021-03-12 09:15:13,859 [main:302] - generating value of type = Byte true depth = 0
2021-03-12 09:15:13,860 [main:117] - GENERATED CALL = (foo)?.toDouble().compareTo(77)
2021-03-12 09:15:13,860 [main:113] - Case = [public abstract operator fun compareTo(other: kotlin.Int): kotlin.Int defined in kotlin.Comparable[DeserializedSimpleFunctionDescriptor@7a2238d3], @kotlin.SinceKotlin @kotlin.ExperimentalStdlibApi public fun kotlin.Int.rotateRight(bitCount: kotlin.Int): kotlin.Int defined in kotlin[DeserializedSimpleFunctionDescriptor@22f144b1]]
2021-03-12 09:15:13,860 [main:149] - GENERATING call of type public abstract operator fun compareTo(other: kotlin.Int): kotlin.Int defined in kotlin.Comparable[DeserializedSimpleFunctionDescriptor@7a2238d3]
2021-03-12 09:15:13,861 [main:149] - GENERATING call of type @kotlin.SinceKotlin @kotlin.ExperimentalStdlibApi public fun kotlin.Int.rotateRight(bitCount: kotlin.Int): kotlin.Int defined in kotlin[DeserializedSimpleFunctionDescriptor@22f144b1]
2021-03-12 09:15:13,861 [main:117] - GENERATED CALL = (foo)?.compareTo(foo).rotateRight(foo)
2021-03-12 09:15:13,861 [main:113] - Case = [public final operator fun compareTo(other: kotlin.Byte): kotlin.Int defined in kotlin.Int[DeserializedSimpleFunctionDescriptor@71ee6d22]]
2021-03-12 09:15:13,861 [main:149] - GENERATING call of type public final operator fun compareTo(other: kotlin.Byte): kotlin.Int defined in kotlin.Int[DeserializedSimpleFunctionDescriptor@71ee6d22]
2021-03-12 09:15:13,940 [main:302] - generating value of type = Byte true depth = 0
2021-03-12 09:15:13,941 [main:117] - GENERATED CALL = (foo)?.compareTo(81)
2021-03-12 09:15:13,941 [main:113] - Case = [public abstract fun toInt(): kotlin.Int defined in kotlin.Number[DeserializedSimpleFunctionDescriptor@5781301], @kotlin.SinceKotlin @kotlin.WasExperimental public fun kotlin.Int.takeHighestOneBit(): kotlin.Int defined in kotlin[DeserializedSimpleFunctionDescriptor@3ffc78c3]]
2021-03-12 09:15:13,941 [main:149] - GENERATING call of type public abstract fun toInt(): kotlin.Int defined in kotlin.Number[DeserializedSimpleFunctionDescriptor@5781301]
2021-03-12 09:15:13,942 [main:149] - GENERATING call of type @kotlin.SinceKotlin @kotlin.WasExperimental public fun kotlin.Int.takeHighestOneBit(): kotlin.Int defined in kotlin[DeserializedSimpleFunctionDescriptor@3ffc78c3]
2021-03-12 09:15:13,942 [main:117] - GENERATED CALL = (foo)?.toInt().takeHighestOneBit()
2021-03-12 09:15:13,942 [main:113] - Case = [public final infix fun or(other: kotlin.Int): kotlin.Int defined in kotlin.Int[DeserializedSimpleFunctionDescriptor@1bd66900]]
2021-03-12 09:15:13,942 [main:149] - GENERATING call of type public final infix fun or(other: kotlin.Int): kotlin.Int defined in kotlin.Int[DeserializedSimpleFunctionDescriptor@1bd66900]
2021-03-12 09:15:14,023 [main:302] - generating value of type = Int true depth = 0
2021-03-12 09:15:14,024 [main:117] - GENERATED CALL = (foo)?.or(-740582209)
2021-03-12 09:15:14,025 [main:113] - Case = [public open fun toShort(): kotlin.Short defined in kotlin.Int[DeserializedSimpleFunctionDescriptor@52351801], @kotlin.SinceKotlin @kotlin.WasExperimental @kotlin.internal.InlineOnly public inline fun kotlin.Short.countLeadingZeroBits(): kotlin.Int defined in kotlin[DeserializedSimpleFunctionDescriptor@3443ec16]]
2021-03-12 09:15:14,025 [main:149] - GENERATING call of type public open fun toShort(): kotlin.Short defined in kotlin.Int[DeserializedSimpleFunctionDescriptor@52351801]
2021-03-12 09:15:14,025 [main:149] - GENERATING call of type @kotlin.SinceKotlin @kotlin.WasExperimental @kotlin.internal.InlineOnly public inline fun kotlin.Short.countLeadingZeroBits(): kotlin.Int defined in kotlin[DeserializedSimpleFunctionDescriptor@3443ec16]
2021-03-12 09:15:14,025 [main:117] - GENERATED CALL = (foo)?.toShort().countLeadingZeroBits()
2021-03-12 09:15:14,025 [main:113] - Case = [public open fun toShort(): kotlin.Short defined in kotlin.Int[DeserializedSimpleFunctionDescriptor@52351801], public final operator fun compareTo(other: kotlin.Byte): kotlin.Int defined in kotlin.Short[DeserializedSimpleFunctionDescriptor@3bad9493]]
2021-03-12 09:15:14,026 [main:149] - GENERATING call of type public open fun toShort(): kotlin.Short defined in kotlin.Int[DeserializedSimpleFunctionDescriptor@52351801]
2021-03-12 09:15:14,026 [main:149] - GENERATING call of type public final operator fun compareTo(other: kotlin.Byte): kotlin.Int defined in kotlin.Short[DeserializedSimpleFunctionDescriptor@3bad9493]
2021-03-12 09:15:14,161 [main:302] - generating value of type = Byte true depth = 0
2021-03-12 09:15:14,162 [main:117] - GENERATED CALL = (foo)?.toShort().compareTo(1)
2021-03-12 09:15:14,163 [main:113] - Case = [public abstract operator fun compareTo(other: kotlin.Int): kotlin.Int defined in kotlin.Comparable[DeserializedSimpleFunctionDescriptor@7a2238d3], @kotlin.SinceKotlin @kotlin.ExperimentalStdlibApi public fun kotlin.Int.rotateLeft(bitCount: kotlin.Int): kotlin.Int defined in kotlin[DeserializedSimpleFunctionDescriptor@4e5ac029]]
2021-03-12 09:15:14,163 [main:149] - GENERATING call of type public abstract operator fun compareTo(other: kotlin.Int): kotlin.Int defined in kotlin.Comparable[DeserializedSimpleFunctionDescriptor@7a2238d3]
2021-03-12 09:15:14,163 [main:149] - GENERATING call of type @kotlin.SinceKotlin @kotlin.ExperimentalStdlibApi public fun kotlin.Int.rotateLeft(bitCount: kotlin.Int): kotlin.Int defined in kotlin[DeserializedSimpleFunctionDescriptor@4e5ac029]
2021-03-12 09:15:14,164 [main:117] - GENERATED CALL = (foo)?.compareTo(foo).rotateLeft(foo)
2021-03-12 09:15:14,164 [main:113] - Case = [public abstract operator fun compareTo(other: kotlin.Int): kotlin.Int defined in kotlin.Comparable[DeserializedSimpleFunctionDescriptor@7a2238d3], public fun kotlin.Int.coerceIn(minimumValue: kotlin.Int, maximumValue: kotlin.Int): kotlin.Int defined in kotlin.ranges[DeserializedSimpleFunctionDescriptor@11b7e565]]
2021-03-12 09:15:14,164 [main:149] - GENERATING call of type public abstract operator fun compareTo(other: kotlin.Int): kotlin.Int defined in kotlin.Comparable[DeserializedSimpleFunctionDescriptor@7a2238d3]
2021-03-12 09:15:14,165 [main:149] - GENERATING call of type public fun kotlin.Int.coerceIn(minimumValue: kotlin.Int, maximumValue: kotlin.Int): kotlin.Int defined in kotlin.ranges[DeserializedSimpleFunctionDescriptor@11b7e565]
2021-03-12 09:15:14,165 [main:117] - GENERATED CALL = (foo)?.compareTo(foo).coerceIn(foo, foo)
2021-03-12 09:15:14,165 [main:61] - replacement of s.testInt() of type Int? is foo
2021-03-12 09:15:14,264 [main:33] - Trying to replace Element(DOT_QUALIFIED_EXPRESSION) on Element(REFERENCE_EXPRESSION)
2021-03-12 09:15:14,264 [main:66] - Compilation checking started
2021-03-12 09:15:14,489 [main:49] - Result = false
Text:
class Test {
    val Long.foo: Long
        get() = this + 1

    val Int.foo: Int
        get() = (-923976856).div(0.16127012896725856).compareTo(-79) + 1

    fun testLong(): Long? {
        var s: Long? = 10;
        return s?.foo
    }

    fun testInt(): Int? {
        var s: Int? = 11;
        return s?.foo
    }
}

fun box(): String {
    val s = Test()

    if (s.testLong() != 11.toLong()) return "fail 1"

    if (foo != 12) return "fail 1"

    return "OK"
}


2021-03-12 09:15:14,490 [main:53] - replacing (this, Long)
2021-03-12 09:15:14,490 [main:50] - replacing this Long
2021-03-12 09:15:14,490 [main:54] - Getting value of type Long
2021-03-12 09:15:14,575 [main:302] - generating value of type = Long true depth = 0
2021-03-12 09:15:14,575 [main:58] - GENERATED VALUE OF TYPE Long = 2558286374653387220
2021-03-12 09:15:14,576 [main:61] - GENERATED IS CALL =false
2021-03-12 09:15:14,660 [main:67] - randomType = Test?
2021-03-12 09:15:14,738 [main:302] - generating value of type = Test false depth = 0
2021-03-12 09:15:14,739 [main:112] - generating klass Test text = class Test {
    val Long.foo: Long
        get() = this + 1

    val Int.foo: Int
        get() = (-923976856).div(0.16127012896725856).compareTo(-79) + 1

    fun testLong(): Long? {
        var s: Long? = 10;
        return s?.foo
    }

    fun testInt(): Int? {
        var s: Int? = 11;
        return s?.foo
    }
}
2021-03-12 09:15:14,750 [main:149] - GENERATING call of type public final fun testInt(): kotlin.Int? defined in Test[SimpleFunctionDescriptorImpl@5f02fcb3]
2021-03-12 09:15:14,750 [main:149] - GENERATING call of type @kotlin.SinceKotlin public final operator fun rem(other: kotlin.Long): kotlin.Long defined in kotlin.Int[DeserializedSimpleFunctionDescriptor@2835de0c]
2021-03-12 09:15:14,751 [main:78] - Generated call from random type = (Test())?.testInt()?.rem(foo)!!
2021-03-12 09:15:14,751 [main:106] - GETTING Long from Long?
2021-03-12 09:15:14,802 [main:113] - Case = [public final infix fun and(other: kotlin.Long): kotlin.Long defined in kotlin.Long[DeserializedSimpleFunctionDescriptor@62142336], public final operator fun plus(other: kotlin.Byte): kotlin.Long defined in kotlin.Long[DeserializedSimpleFunctionDescriptor@291378f2]]
2021-03-12 09:15:14,802 [main:149] - GENERATING call of type public final infix fun and(other: kotlin.Long): kotlin.Long defined in kotlin.Long[DeserializedSimpleFunctionDescriptor@62142336]
2021-03-12 09:15:14,803 [main:149] - GENERATING call of type public final operator fun plus(other: kotlin.Byte): kotlin.Long defined in kotlin.Long[DeserializedSimpleFunctionDescriptor@291378f2]
2021-03-12 09:15:14,880 [main:302] - generating value of type = Byte true depth = 0
2021-03-12 09:15:14,881 [main:117] - GENERATED CALL = (Test().testLong()).and(foo).plus(126)
2021-03-12 09:15:14,881 [main:113] - Case = [public open fun toByte(): kotlin.Byte defined in kotlin.Long[DeserializedSimpleFunctionDescriptor@6c873a48], public final operator fun minus(other: kotlin.Long): kotlin.Long defined in kotlin.Byte[DeserializedSimpleFunctionDescriptor@719f54f4]]
2021-03-12 09:15:14,881 [main:149] - GENERATING call of type public open fun toByte(): kotlin.Byte defined in kotlin.Long[DeserializedSimpleFunctionDescriptor@6c873a48]
2021-03-12 09:15:14,881 [main:149] - GENERATING call of type public final operator fun minus(other: kotlin.Long): kotlin.Long defined in kotlin.Byte[DeserializedSimpleFunctionDescriptor@719f54f4]
2021-03-12 09:15:14,882 [main:117] - GENERATED CALL = (Test().testLong()).toByte().minus(foo)
2021-03-12 09:15:14,882 [main:113] - Case = [public abstract fun toLong(): kotlin.Long defined in kotlin.Number[DeserializedSimpleFunctionDescriptor@34e10f9], public final operator fun dec(): kotlin.Long defined in kotlin.Long[DeserializedSimpleFunctionDescriptor@21bdd0c3]]
2021-03-12 09:15:14,882 [main:149] - GENERATING call of type public abstract fun toLong(): kotlin.Long defined in kotlin.Number[DeserializedSimpleFunctionDescriptor@34e10f9]
2021-03-12 09:15:14,882 [main:149] - GENERATING call of type public final operator fun dec(): kotlin.Long defined in kotlin.Long[DeserializedSimpleFunctionDescriptor@21bdd0c3]
2021-03-12 09:15:14,883 [main:117] - GENERATED CALL = (Test().testLong()).toLong().dec()
2021-03-12 09:15:14,883 [main:113] - Case = [public final operator fun rangeTo(other: kotlin.Byte): kotlin.ranges.LongRange defined in kotlin.Long[DeserializedSimpleFunctionDescriptor@17d636a2], public open val endInclusive: kotlin.Long defined in kotlin.ranges.LongRange[DeserializedPropertyDescriptor@20d5f1c5]]
2021-03-12 09:15:14,883 [main:149] - GENERATING call of type public final operator fun rangeTo(other: kotlin.Byte): kotlin.ranges.LongRange defined in kotlin.Long[DeserializedSimpleFunctionDescriptor@17d636a2]
2021-03-12 09:15:14,960 [main:302] - generating value of type = Byte true depth = 0
2021-03-12 09:15:14,961 [main:117] - GENERATED CALL = (Test().testLong()).rangeTo(-12).endInclusive
2021-03-12 09:15:14,961 [main:113] - Case = [public final operator fun plus(other: kotlin.Byte): kotlin.Long defined in kotlin.Long[DeserializedSimpleFunctionDescriptor@291378f2]]
2021-03-12 09:15:14,962 [main:149] - GENERATING call of type public final operator fun plus(other: kotlin.Byte): kotlin.Long defined in kotlin.Long[DeserializedSimpleFunctionDescriptor@291378f2]
2021-03-12 09:15:15,042 [main:302] - generating value of type = Byte true depth = 0
2021-03-12 09:15:15,043 [main:117] - GENERATED CALL = (Test().testLong()).plus(11)
2021-03-12 09:15:15,043 [main:113] - Case = [public abstract fun toInt(): kotlin.Int defined in kotlin.Number[DeserializedSimpleFunctionDescriptor@5781301], public final operator fun minus(other: kotlin.Long): kotlin.Long defined in kotlin.Int[DeserializedSimpleFunctionDescriptor@33af0cf0]]
2021-03-12 09:15:15,043 [main:149] - GENERATING call of type public abstract fun toInt(): kotlin.Int defined in kotlin.Number[DeserializedSimpleFunctionDescriptor@5781301]
2021-03-12 09:15:15,044 [main:149] - GENERATING call of type public final operator fun minus(other: kotlin.Long): kotlin.Long defined in kotlin.Int[DeserializedSimpleFunctionDescriptor@33af0cf0]
2021-03-12 09:15:15,122 [main:302] - generating value of type = Long true depth = 0
2021-03-12 09:15:15,123 [main:117] - GENERATED CALL = (Test().testLong()).toInt().minus(2425883334788759447)
2021-03-12 09:15:15,123 [main:113] - Case = [public final operator fun compareTo(other: kotlin.Byte): kotlin.Int defined in kotlin.Long[DeserializedSimpleFunctionDescriptor@62989583], public final operator fun div(other: kotlin.Long): kotlin.Long defined in kotlin.Int[DeserializedSimpleFunctionDescriptor@6cd2a401]]
2021-03-12 09:15:15,123 [main:149] - GENERATING call of type public final operator fun compareTo(other: kotlin.Byte): kotlin.Int defined in kotlin.Long[DeserializedSimpleFunctionDescriptor@62989583]
2021-03-12 09:15:15,200 [main:302] - generating value of type = Byte true depth = 0
2021-03-12 09:15:15,201 [main:149] - GENERATING call of type public final operator fun div(other: kotlin.Long): kotlin.Long defined in kotlin.Int[DeserializedSimpleFunctionDescriptor@6cd2a401]
2021-03-12 09:15:15,201 [main:117] - GENERATED CALL = (Test().testLong()).compareTo(-86).div(foo)
2021-03-12 09:15:15,201 [main:113] - Case = [public final infix fun and(other: kotlin.Long): kotlin.Long defined in kotlin.Long[DeserializedSimpleFunctionDescriptor@62142336], public final infix fun shr(bitCount: kotlin.Int): kotlin.Long defined in kotlin.Long[DeserializedSimpleFunctionDescriptor@1b4cc473]]
2021-03-12 09:15:15,201 [main:149] - GENERATING call of type public final infix fun and(other: kotlin.Long): kotlin.Long defined in kotlin.Long[DeserializedSimpleFunctionDescriptor@62142336]
2021-03-12 09:15:15,311 [main:302] - generating value of type = Long true depth = 0
2021-03-12 09:15:15,312 [main:149] - GENERATING call of type public final infix fun shr(bitCount: kotlin.Int): kotlin.Long defined in kotlin.Long[DeserializedSimpleFunctionDescriptor@1b4cc473]
2021-03-12 09:15:15,416 [main:302] - generating value of type = Int true depth = 0
2021-03-12 09:15:15,417 [main:117] - GENERATED CALL = (Test().testLong()).and(3967388671095263837).shr(429453998)
2021-03-12 09:15:15,417 [main:113] - Case = [public abstract fun toLong(): kotlin.Long defined in kotlin.Number[DeserializedSimpleFunctionDescriptor@34e10f9], public final operator fun div(other: kotlin.Byte): kotlin.Long defined in kotlin.Long[DeserializedSimpleFunctionDescriptor@67911796]]
2021-03-12 09:15:15,417 [main:149] - GENERATING call of type public abstract fun toLong(): kotlin.Long defined in kotlin.Number[DeserializedSimpleFunctionDescriptor@34e10f9]
2021-03-12 09:15:15,417 [main:149] - GENERATING call of type public final operator fun div(other: kotlin.Byte): kotlin.Long defined in kotlin.Long[DeserializedSimpleFunctionDescriptor@67911796]
2021-03-12 09:15:15,504 [main:302] - generating value of type = Byte true depth = 0
2021-03-12 09:15:15,505 [main:117] - GENERATED CALL = (Test().testLong()).toLong().div(41)
2021-03-12 09:15:15,505 [main:113] - Case = [public abstract fun toLong(): kotlin.Long defined in kotlin.Number[DeserializedSimpleFunctionDescriptor@34e10f9], public final operator fun times(other: kotlin.Byte): kotlin.Long defined in kotlin.Long[DeserializedSimpleFunctionDescriptor@3abb1abe]]
2021-03-12 09:15:15,505 [main:149] - GENERATING call of type public abstract fun toLong(): kotlin.Long defined in kotlin.Number[DeserializedSimpleFunctionDescriptor@34e10f9]
2021-03-12 09:15:15,505 [main:149] - GENERATING call of type public final operator fun times(other: kotlin.Byte): kotlin.Long defined in kotlin.Long[DeserializedSimpleFunctionDescriptor@3abb1abe]
2021-03-12 09:15:15,584 [main:302] - generating value of type = Byte true depth = 0
2021-03-12 09:15:15,585 [main:117] - GENERATED CALL = (Test().testLong()).toLong().times(66)
2021-03-12 09:15:15,585 [main:61] - replacement of this of type Long is (Test())?.testInt()?.rem(foo)!!
2021-03-12 09:15:15,667 [main:33] - Trying to replace Element(REFERENCE_EXPRESSION) on Element(POSTFIX_EXPRESSION)
2021-03-12 09:15:15,667 [main:66] - Compilation checking started
2021-03-12 09:15:16,059 [main:53] - Result = true
Text:
class Test {
    val Long.foo: Long
        get() = (Test())?.testInt()?.rem(foo)!! + 1

    val Int.foo: Int
        get() = (-923976856).div(0.16127012896725856).compareTo(-79) + 1

    fun testLong(): Long? {
        var s: Long? = 10;
        return s?.foo
    }

    fun testInt(): Int? {
        var s: Int? = 11;
        return s?.foo
    }
}

fun box(): String {
    val s = Test()

    if (s.testLong() != 11.toLong()) return "fail 1"

    if (s.testInt() != 12) return "fail 1"

    return "OK"
}


2021-03-12 09:15:16,061 [main:53] - replacing (foo, Long?)
2021-03-12 09:15:16,061 [main:50] - replacing foo Long?
2021-03-12 09:15:16,061 [main:54] - Getting value of type Long?
