2021-03-11 19:25:17,110 [main:24] - Name = /home/stepanov/Kotlin/bbfgradle/tmp/arrays/declSiteSeveralMappingsDifOrder.kt
2021-03-11 19:25:22,374 [main:53] - Start to mutate
2021-03-11 19:25:22,375 [main:54] - BEFORE = 

enum class X {
    A,
    B
}

enum class Y {
    A,
    B
}

fun funForAdditionalMappingArrayInMappingFile(e: Y): String {
    return when(e) {
        Y.A-> "O"
        Y.B-> "K"
    }
}

inline fun test(e: X): String {
    return when(e) {
        X.A-> "O"
        X.B-> "K"
    }
}

fun box(): String {
    return test(X.A) + test(X.B)
}


2021-03-11 19:25:23,070 [main:40] - Mutation of tmp/tmp0.kt started
2021-03-11 19:25:23,362 [main:19] - Cur transformation AddDefaultValueToArg
2021-03-11 19:25:26,018 [main:19] - Cur transformation LocalTCE
