2021-03-11 23:55:46,217 [main:24] - Name = /home/stepanov/Kotlin/bbfgradle/tmp/arrays/inDoubleRangeLiteralVsComparableRangeLiteral.kt
2021-03-11 23:55:50,122 [main:53] - Start to mutate
2021-03-11 23:55:50,122 [main:54] - BEFORE = val DOUBLE_RANGE = 0.0 .. -0.0

val PZERO = 0.0 as Comparable<Any>
val NZERO = -0.0 as Comparable<Any>
val COMPARABLE_RANGE = PZERO .. NZERO

fun box(): String {
    if (!(0.0 in DOUBLE_RANGE)) return "fail 1 in Double"
    if (0.0 !in DOUBLE_RANGE) return "fail 1 !in Double"
    if (!(-0.0 in DOUBLE_RANGE)) return "fail 2 in Double"
    if (-0.0 !in DOUBLE_RANGE) return "fail 2 !in Double"

    if (PZERO in COMPARABLE_RANGE) return "fail 3 in Comparable"
    if (!(PZERO !in COMPARABLE_RANGE)) return "fail 3 !in Comparable"
    if (NZERO in COMPARABLE_RANGE) return "fail 4 in Comparable"
    if (!(NZERO !in COMPARABLE_RANGE)) return "fail 4a !in Comparable"

    return "OK"
}
2021-03-11 23:55:50,918 [main:40] - Mutation of tmp/tmp0.kt started
2021-03-11 23:55:51,315 [main:19] - Cur transformation AddDefaultValueToArg
2021-03-11 23:55:51,557 [main:19] - Cur transformation LocalTCE
2021-03-11 23:56:41,287 [main:19] - Cur transformation AddReificationToTypeParam
2021-03-11 23:56:41,295 [main:19] - Cur transformation TCETransformation
