2021-03-12 11:00:14,570 [main:24] - Name = /home/stepanov/Kotlin/bbfgradle/tmp/arrays/classes0.kt
2021-03-12 11:00:18,775 [main:53] - Start to mutate
2021-03-12 11:00:18,775 [main:54] - BEFORE = package test

import kotlin.reflect.KType
import kotlin.reflect.typeOf
import kotlin.test.assertEquals

class C

fun check(expected: String, actual: KType) {
    assertEquals(expected + " (Kotlin reflection is not available)", actual.toString())
}

fun box(): String {
    check("java.lang.Object", typeOf<Any>())
    check("java.lang.String", typeOf<String>())
    check("java.lang.String?", typeOf<String?>())
    check("kotlin.Unit", typeOf<Unit>())

    check("test.C", typeOf<C>())
    check("test.C?", typeOf<C?>())

    check("java.util.List<java.lang.String>", typeOf<List<String>>())
    check("java.util.Map<in java.lang.Number, *>?", typeOf<Map<in Number, *>?>())
    check("java.lang.Enum<*>", typeOf<Enum<*>>())
    check("java.lang.Enum<kotlin.annotation.AnnotationRetention>", typeOf<Enum<AnnotationRetention>>())

    check("kotlin.Array<java.lang.Object>", typeOf<Array<Any>>())
    check("kotlin.Array<*>", typeOf<Array<*>>())
    check("kotlin.Array<kotlin.IntArray>", typeOf<Array<IntArray>>())
    check("kotlin.Array<in kotlin.Array<test.C>?>", typeOf<Array<in Array<C>?>>())

    check("int", typeOf<Int>())
    check("java.lang.Integer?", typeOf<Int?>())
    check("boolean", typeOf<Boolean>())

    return "OK"
}
2021-03-12 11:00:19,548 [main:40] - Mutation of tmp/tmp0.kt started
2021-03-12 11:00:20,039 [main:19] - Cur transformation AddDefaultValueToArg
2021-03-12 11:00:22,656 [main:19] - Cur transformation LocalTCE
2021-03-12 11:00:55,628 [main:19] - Cur transformation AddReificationToTypeParam
2021-03-12 11:00:55,637 [main:19] - Cur transformation TCETransformation
