2021-03-12 01:23:56,596 [main:119] - FILE NAME = tmp/tmp.kt
2021-03-12 01:23:56,597 [main:120] - Content = fun box(): String {
    val list1 = ArrayList<Int>()
    val range1 = (8 downTo ('䈇').compareTo('볘').times(86) step 2).reversed()
    for (i in range1) {
        list1.add(i)
        if (list1.size > 23) break
    }
    if (arrayListOf<Int>(472372507) != listOf<Int>(4, (range1).first.takeHighestOneBit(), 8)) {
        return "Wrong elements for (8 downTo 3 step 2).reversed(): $list1"
    }

    val list2 = ArrayList<Int>()
    val range2 = (8.toByte() downTo 3.toByte() step (range1).lastIndexOf(checkNotNull<Int>(-342466360))).reversed()
    for (i in range2) {
        list2.add(i)
        if (list2.size > 23) break
    }
    if (list2 != (list2).minusElement(requireNotNull<Function1<Collection<Short>, Triple<String, Int, Collection<UByte?>>>>({a: Collection<Short> -> Triple<String, Int, Collection<UByte?>>("wkjof", -892808298, setOf<UByte?>(85.toUByte()))}, { "inssi"}))) {
        return "Wrong elements for (8.toByte() downTo 3.toByte() step 2).reversed(): $list2"
    }

    val list3 = ArrayList<Int>()
    val range3 = (8.toShort() downTo (list1).size.toShort() step (range2).first.rotateRight(-457336216)).reversed()
    for (i in range3) {
        list3.add(i)
        if ((range3).first.shl(461368514) > 23) break
    }
    if (list3 != listOf<Int>(4, 6, 8)) {
        return "Wrong elements for (8.toShort() downTo 3.toShort() step 2).reversed(): $list3"
    }

    val list4 = ArrayList<Long>()
    val range4 = (8L downTo 3L step 2L).reversed()
    for (i in range4) {
        list4.add(i)
        if (list4.size > 23) break
    }
    if (list4 != listOf<Long>(4, 6, 8)) {
        return "Wrong elements for (8L downTo 3L step 2L).reversed(): $list4"
    }

    val list5 = ArrayList<Char>()
    val range5 = ((0.8648063f).toByte().toChar() downTo (list3).size.toChar() step 2).reversed()
    for (i in range5) {
        list5.add(i)
        if (list5.size > 23) break
    }
    if ((list3).equals("muejg")) {
        return "Wrong elements for ('d' downTo 'a' step 2).reversed(): $list5"
    }

    return "OK"
}


2021-03-12 01:23:56,778 [main:112] - Changes after RemoveSuperTypeList = false
2021-03-12 01:23:56,984 [main:113] - Verify = true
2021-03-12 01:24:00,485 [main:112] - Changes after SimplifyParameterList = true
2021-03-12 01:24:00,485 [main:113] - Verify = true
2021-03-12 01:24:01,491 [main:112] - Changes after SimplifyContainerType = true
2021-03-12 01:24:01,491 [main:113] - Verify = true
2021-03-12 01:24:02,733 [main:112] - Changes after SimplifyControlExpression = true
2021-03-12 01:24:02,733 [main:113] - Verify = true
2021-03-12 01:24:03,882 [main:112] - Changes after SimplifyFunAndProp = true
2021-03-12 01:24:03,882 [main:113] - Verify = true
2021-03-12 01:24:04,058 [main:112] - Changes after ReplaceBlockExpressionToBody = false
2021-03-12 01:24:04,058 [main:113] - Verify = true
2021-03-12 01:24:04,059 [main:112] - Changes after SimplifyWhen = false
2021-03-12 01:24:04,059 [main:113] - Verify = true
2021-03-12 01:24:04,159 [main:42] - SUCCESSFUL DELETING OF RETURN VALUE
2021-03-12 01:24:04,160 [main:112] - Changes after ReturnValueToVoid = true
2021-03-12 01:24:04,160 [main:113] - Verify = true
2021-03-12 01:24:04,161 [main:112] - Changes after ElvisOperatorSimplifier = false
2021-03-12 01:24:04,161 [main:113] - Verify = true
2021-03-12 01:24:04,162 [main:112] - Changes after TryCatchDeleter = false
2021-03-12 01:24:04,162 [main:113] - Verify = true
2021-03-12 01:24:04,163 [main:112] - Changes after SimplifyIf = false
2021-03-12 01:24:04,163 [main:113] - Verify = true
2021-03-12 01:24:04,164 [main:112] - Changes after SimplifyFor = false
2021-03-12 01:24:04,164 [main:113] - Verify = true
2021-03-12 01:24:04,165 [main:112] - Changes after SimplifyConstructor = false
2021-03-12 01:24:04,165 [main:113] - Verify = true
2021-03-12 01:24:04,166 [main:112] - Changes after ReturnValueToConstant = false
2021-03-12 01:24:04,166 [main:113] - Verify = true
2021-03-12 01:24:05,534 [main:112] - Changes after SimplifyBlockExpression = true
2021-03-12 01:24:05,534 [main:113] - Verify = true
2021-03-12 01:24:05,991 [main:112] - Changes after SimplifyBinaryExpression = true
2021-03-12 01:24:05,991 [main:113] - Verify = true
2021-03-12 01:24:06,132 [main:112] - Changes after SimplifyStringConstants = true
2021-03-12 01:24:06,132 [main:113] - Verify = true
2021-03-12 01:24:06,133 [main:112] - Changes after MinorSimplifyings = false
2021-03-12 01:24:06,133 [main:113] - Verify = true
2021-03-12 01:24:06,134 [main:112] - Changes after RemoveParameterFromDeclaration = false
2021-03-12 01:24:06,134 [main:113] - Verify = true
2021-03-12 01:24:06,134 [main:112] - Changes after FunInliner = false
2021-03-12 01:24:06,134 [main:113] - Verify = true
2021-03-12 01:24:06,208 [main:112] - Changes after ReplaceArgOnTODO = false
2021-03-12 01:24:06,208 [main:113] - Verify = true
2021-03-12 01:24:06,457 [main:112] - Changes after SimplifyCallExpression = true
2021-03-12 01:24:06,458 [main:113] - Verify = true
2021-03-12 01:24:06,587 [main:112] - Changes after ValueArgumentListSimplifying = false
2021-03-12 01:24:06,587 [main:113] - Verify = true
2021-03-12 01:24:09,537 [main:112] - Changes after PeepholePasses = true
2021-03-12 01:24:09,600 [main:113] - Verify = true
2021-03-12 01:24:09,601 [main:112] - Changes after ConstructionsDeleter = false
2021-03-12 01:24:09,601 [main:113] - Verify = true
2021-03-12 01:24:15,116 [main:112] - Changes after HierarchicalDeltaDebugger = true
2021-03-12 01:24:15,173 [main:113] - Verify = true
2021-03-12 01:24:15,174 [main:112] - Changes after EqualityMapper = false
2021-03-12 01:24:15,174 [main:113] - Verify = true
2021-03-12 01:24:15,205 [main:112] - Changes after FunSimplifier = false
2021-03-12 01:24:15,205 [main:113] - Verify = true
2021-03-12 01:24:15,206 [main:112] - Changes after TypeChanger = false
2021-03-12 01:24:15,206 [main:113] - Verify = true
2021-03-12 01:24:15,206 [main:26] - TRYING TO REPLACE 2 on 1: 
2021-03-12 01:24:15,260 [main:28] - true
2021-03-12 01:24:15,260 [main:26] - TRYING TO REPLACE 35 on 1: 
2021-03-12 01:24:15,260 [main:28] - true
2021-03-12 01:24:15,260 [main:26] - TRYING TO REPLACE 19 on 1: 
2021-03-12 01:24:15,316 [main:28] - true
2021-03-12 01:24:15,316 [main:112] - Changes after RemoveWhitespaces = true
2021-03-12 01:24:15,316 [main:113] - Verify = true
2021-03-12 01:24:15,316 [main:170] - CURRENT RESULT = 
{
requireNotNull{

2021-03-12 01:24:15,317 [main:112] - Changes after RemoveSuperTypeList = false
2021-03-12 01:24:15,317 [main:113] - Verify = true
2021-03-12 01:24:15,317 [main:112] - Changes after SimplifyParameterList = false
2021-03-12 01:24:15,317 [main:113] - Verify = true
2021-03-12 01:24:15,317 [main:112] - Changes after SimplifyContainerType = false
2021-03-12 01:24:15,317 [main:113] - Verify = true
2021-03-12 01:24:15,317 [main:112] - Changes after SimplifyControlExpression = false
2021-03-12 01:24:15,317 [main:113] - Verify = true
2021-03-12 01:24:15,347 [main:112] - Changes after SimplifyFunAndProp = false
2021-03-12 01:24:15,347 [main:113] - Verify = true
2021-03-12 01:24:15,377 [main:112] - Changes after ReplaceBlockExpressionToBody = false
2021-03-12 01:24:15,377 [main:113] - Verify = true
2021-03-12 01:24:15,378 [main:112] - Changes after SimplifyWhen = false
2021-03-12 01:24:15,378 [main:113] - Verify = true
2021-03-12 01:24:15,378 [main:112] - Changes after ReturnValueToVoid = false
2021-03-12 01:24:15,378 [main:113] - Verify = true
2021-03-12 01:24:15,378 [main:112] - Changes after ElvisOperatorSimplifier = false
2021-03-12 01:24:15,378 [main:113] - Verify = true
2021-03-12 01:24:15,378 [main:112] - Changes after TryCatchDeleter = false
2021-03-12 01:24:15,378 [main:113] - Verify = true
2021-03-12 01:24:15,378 [main:112] - Changes after SimplifyIf = false
2021-03-12 01:24:15,378 [main:113] - Verify = true
2021-03-12 01:24:15,378 [main:112] - Changes after SimplifyFor = false
2021-03-12 01:24:15,378 [main:113] - Verify = true
2021-03-12 01:24:15,378 [main:112] - Changes after SimplifyConstructor = false
2021-03-12 01:24:15,378 [main:113] - Verify = true
2021-03-12 01:24:15,378 [main:112] - Changes after ReturnValueToConstant = false
2021-03-12 01:24:15,379 [main:113] - Verify = true
2021-03-12 01:24:15,464 [main:112] - Changes after SimplifyBlockExpression = false
2021-03-12 01:24:15,465 [main:113] - Verify = true
2021-03-12 01:24:15,465 [main:112] - Changes after SimplifyBinaryExpression = false
2021-03-12 01:24:15,465 [main:113] - Verify = true
2021-03-12 01:24:15,465 [main:112] - Changes after SimplifyStringConstants = false
2021-03-12 01:24:15,465 [main:113] - Verify = true
2021-03-12 01:24:15,465 [main:112] - Changes after MinorSimplifyings = false
2021-03-12 01:24:15,465 [main:113] - Verify = true
2021-03-12 01:24:15,465 [main:112] - Changes after RemoveParameterFromDeclaration = false
2021-03-12 01:24:15,465 [main:113] - Verify = true
2021-03-12 01:24:15,465 [main:112] - Changes after FunInliner = false
2021-03-12 01:24:15,465 [main:113] - Verify = true
2021-03-12 01:24:15,466 [main:112] - Changes after ReplaceArgOnTODO = false
2021-03-12 01:24:15,466 [main:113] - Verify = true
2021-03-12 01:24:15,495 [main:112] - Changes after SimplifyCallExpression = false
2021-03-12 01:24:15,495 [main:113] - Verify = true
2021-03-12 01:24:15,495 [main:112] - Changes after ValueArgumentListSimplifying = false
2021-03-12 01:24:15,495 [main:113] - Verify = true
2021-03-12 01:24:15,502 [main:112] - Changes after PeepholePasses = false
2021-03-12 01:24:15,502 [main:113] - Verify = true
2021-03-12 01:24:15,502 [main:112] - Changes after ConstructionsDeleter = false
2021-03-12 01:24:15,502 [main:113] - Verify = true
2021-03-12 01:24:16,047 [main:112] - Changes after HierarchicalDeltaDebugger = false
2021-03-12 01:24:16,047 [main:113] - Verify = true
2021-03-12 01:24:16,048 [main:112] - Changes after EqualityMapper = false
2021-03-12 01:24:16,048 [main:113] - Verify = true
2021-03-12 01:24:16,048 [main:112] - Changes after FunSimplifier = false
2021-03-12 01:24:16,048 [main:113] - Verify = true
2021-03-12 01:24:16,048 [main:112] - Changes after TypeChanger = false
2021-03-12 01:24:16,048 [main:113] - Verify = true
2021-03-12 01:24:16,049 [main:112] - Changes after RemoveWhitespaces = false
2021-03-12 01:24:16,049 [main:113] - Verify = true
2021-03-12 01:24:16,049 [main:170] - CURRENT RESULT = 
{
requireNotNull{

2021-03-12 01:24:34,580 [main:119] - FILE NAME = tmp/tmp.kt
2021-03-12 01:24:34,580 [main:120] - Content = fun box(): String {
    val list1 = ArrayList<Int>()
    val range1 = (8 downTo ('䈇').compareTo('볘').times(86) step 2).reversed()
    for (i in range1) {
        list1.add(i)
        if (list1.size > 23) break
    }
    if (arrayListOf<Int>(472372507) != listOf<Int>(4, (range1).first.takeHighestOneBit(), 8)) {
        return "Wrong elements for (8 downTo 3 step 2).reversed(): $list1"
    }

    val list2 = ArrayList<Int>()
    val range2 = (8.toByte() downTo 3.toByte() step (range1).lastIndexOf(checkNotNull<Int>(-342466360))).reversed()
    for (i in range2) {
        list2.add(i)
        if (list2.size > 23) break
    }
    if (list2 != (list2).minusElement(requireNotNull<Function1<Collection<Short>, Triple<String, Int, Collection<UByte?>>>>({a: Collection<Short> -> Triple<String, Int, Collection<UByte?>>("wkjof", -892808298, setOf<UByte?>(85.toUByte()))}, { "inssi"}))) {
        return "Wrong elements for (8.toByte() downTo 3.toByte() step 2).reversed(): $list2"
    }

    val list3 = ArrayList<Int>()
    val range3 = (8.toShort() downTo (list1).size.toShort() step (range2).first.rotateRight(-457336216)).reversed()
    for (i in range3) {
        list3.add(i)
        if ((range3).first.shl(461368514) > 23) break
    }
    if (list3 != listOf<Int>(4, 6, 8)) {
        return "Wrong elements for (8.toShort() downTo 3.toShort() step 2).reversed(): $list3"
    }

    val list4 = ArrayList<Long>()
    val range4 = (8L downTo 3L step 2L).reversed()
    for (i in range4) {
        list4.add(i)
        if (list4.size > 23) break
    }
    if (list4 != listOf<Long>(4, 6, 8)) {
        return "Wrong elements for (8L downTo 3L step 2L).reversed(): $list4"
    }

    val list5 = ArrayList<Char>()
    val range5 = ((0.8648063f).toByte().toChar() downTo (list3).size.toChar() step 2).reversed()
    for (i in range5) {
        list5.add(i)
        if (list5.size > 23) break
    }
    if ((list3).equals("muejg")) {
        return "Wrong elements for ('d' downTo 'a' step 2).reversed(): $list5"
    }

    return "OK"
}


2021-03-12 01:24:34,718 [main:112] - Changes after RemoveSuperTypeList = false
2021-03-12 01:24:34,881 [main:113] - Verify = true
2021-03-12 01:24:38,520 [main:112] - Changes after SimplifyParameterList = true
2021-03-12 01:24:38,521 [main:113] - Verify = true
2021-03-12 01:24:39,548 [main:112] - Changes after SimplifyContainerType = true
2021-03-12 01:24:39,548 [main:113] - Verify = true
2021-03-12 01:24:40,551 [main:112] - Changes after SimplifyControlExpression = true
2021-03-12 01:24:40,551 [main:113] - Verify = true
2021-03-12 01:24:41,551 [main:112] - Changes after SimplifyFunAndProp = true
2021-03-12 01:24:41,551 [main:113] - Verify = true
2021-03-12 01:24:41,681 [main:112] - Changes after ReplaceBlockExpressionToBody = false
2021-03-12 01:24:41,681 [main:113] - Verify = true
2021-03-12 01:24:41,681 [main:112] - Changes after SimplifyWhen = false
2021-03-12 01:24:41,681 [main:113] - Verify = true
2021-03-12 01:24:41,754 [main:42] - SUCCESSFUL DELETING OF RETURN VALUE
2021-03-12 01:24:41,755 [main:112] - Changes after ReturnValueToVoid = true
2021-03-12 01:24:41,755 [main:113] - Verify = true
2021-03-12 01:24:41,756 [main:112] - Changes after ElvisOperatorSimplifier = false
2021-03-12 01:24:41,756 [main:113] - Verify = true
2021-03-12 01:24:41,756 [main:112] - Changes after TryCatchDeleter = false
2021-03-12 01:24:41,756 [main:113] - Verify = true
2021-03-12 01:24:41,758 [main:112] - Changes after SimplifyIf = false
2021-03-12 01:24:41,758 [main:113] - Verify = true
2021-03-12 01:24:41,758 [main:112] - Changes after SimplifyFor = false
2021-03-12 01:24:41,758 [main:113] - Verify = true
2021-03-12 01:24:41,759 [main:112] - Changes after SimplifyConstructor = false
2021-03-12 01:24:41,759 [main:113] - Verify = true
2021-03-12 01:24:41,759 [main:112] - Changes after ReturnValueToConstant = false
2021-03-12 01:24:41,759 [main:113] - Verify = true
2021-03-12 01:24:43,012 [main:112] - Changes after SimplifyBlockExpression = true
2021-03-12 01:24:43,012 [main:113] - Verify = true
2021-03-12 01:24:43,574 [main:112] - Changes after SimplifyBinaryExpression = true
2021-03-12 01:24:43,574 [main:113] - Verify = true
2021-03-12 01:24:43,734 [main:112] - Changes after SimplifyStringConstants = true
2021-03-12 01:24:43,735 [main:113] - Verify = true
2021-03-12 01:24:43,735 [main:112] - Changes after MinorSimplifyings = false
2021-03-12 01:24:43,735 [main:113] - Verify = true
2021-03-12 01:24:43,736 [main:112] - Changes after RemoveParameterFromDeclaration = false
2021-03-12 01:24:43,736 [main:113] - Verify = true
2021-03-12 01:24:43,736 [main:112] - Changes after FunInliner = false
2021-03-12 01:24:43,736 [main:113] - Verify = true
2021-03-12 01:24:43,811 [main:112] - Changes after ReplaceArgOnTODO = false
2021-03-12 01:24:43,812 [main:113] - Verify = true
2021-03-12 01:24:44,045 [main:112] - Changes after SimplifyCallExpression = true
2021-03-12 01:24:44,046 [main:113] - Verify = true
2021-03-12 01:24:44,182 [main:112] - Changes after ValueArgumentListSimplifying = false
2021-03-12 01:24:44,182 [main:113] - Verify = true
2021-03-12 01:24:47,049 [main:112] - Changes after PeepholePasses = true
2021-03-12 01:24:47,109 [main:113] - Verify = true
2021-03-12 01:24:47,109 [main:112] - Changes after ConstructionsDeleter = false
2021-03-12 01:24:47,109 [main:113] - Verify = true
2021-03-12 01:24:52,499 [main:112] - Changes after HierarchicalDeltaDebugger = true
2021-03-12 01:24:52,554 [main:113] - Verify = true
2021-03-12 01:24:52,555 [main:112] - Changes after EqualityMapper = false
2021-03-12 01:24:52,555 [main:113] - Verify = true
2021-03-12 01:24:52,583 [main:112] - Changes after FunSimplifier = false
2021-03-12 01:24:52,583 [main:113] - Verify = true
2021-03-12 01:24:52,584 [main:112] - Changes after TypeChanger = false
2021-03-12 01:24:52,584 [main:113] - Verify = true
2021-03-12 01:24:52,584 [main:26] - TRYING TO REPLACE 2 on 1: 
2021-03-12 01:24:52,640 [main:28] - true
2021-03-12 01:24:52,640 [main:26] - TRYING TO REPLACE 35 on 1: 
2021-03-12 01:24:52,640 [main:28] - true
2021-03-12 01:24:52,640 [main:26] - TRYING TO REPLACE 19 on 1: 
2021-03-12 01:24:52,700 [main:28] - true
2021-03-12 01:24:52,700 [main:112] - Changes after RemoveWhitespaces = true
2021-03-12 01:24:52,700 [main:113] - Verify = true
2021-03-12 01:24:52,700 [main:170] - CURRENT RESULT = 
{
requireNotNull{

2021-03-12 01:24:52,701 [main:112] - Changes after RemoveSuperTypeList = false
2021-03-12 01:24:52,701 [main:113] - Verify = true
2021-03-12 01:24:52,701 [main:112] - Changes after SimplifyParameterList = false
2021-03-12 01:24:52,701 [main:113] - Verify = true
2021-03-12 01:24:52,701 [main:112] - Changes after SimplifyContainerType = false
2021-03-12 01:24:52,701 [main:113] - Verify = true
2021-03-12 01:24:52,701 [main:112] - Changes after SimplifyControlExpression = false
2021-03-12 01:24:52,701 [main:113] - Verify = true
2021-03-12 01:24:52,730 [main:112] - Changes after SimplifyFunAndProp = false
2021-03-12 01:24:52,730 [main:113] - Verify = true
2021-03-12 01:24:52,759 [main:112] - Changes after ReplaceBlockExpressionToBody = false
2021-03-12 01:24:52,759 [main:113] - Verify = true
2021-03-12 01:24:52,759 [main:112] - Changes after SimplifyWhen = false
2021-03-12 01:24:52,759 [main:113] - Verify = true
2021-03-12 01:24:52,759 [main:112] - Changes after ReturnValueToVoid = false
2021-03-12 01:24:52,759 [main:113] - Verify = true
2021-03-12 01:24:52,759 [main:112] - Changes after ElvisOperatorSimplifier = false
2021-03-12 01:24:52,759 [main:113] - Verify = true
2021-03-12 01:24:52,759 [main:112] - Changes after TryCatchDeleter = false
2021-03-12 01:24:52,760 [main:113] - Verify = true
2021-03-12 01:24:52,760 [main:112] - Changes after SimplifyIf = false
2021-03-12 01:24:52,760 [main:113] - Verify = true
2021-03-12 01:24:52,760 [main:112] - Changes after SimplifyFor = false
2021-03-12 01:24:52,760 [main:113] - Verify = true
2021-03-12 01:24:52,760 [main:112] - Changes after SimplifyConstructor = false
2021-03-12 01:24:52,760 [main:113] - Verify = true
2021-03-12 01:24:52,760 [main:112] - Changes after ReturnValueToConstant = false
2021-03-12 01:24:52,760 [main:113] - Verify = true
2021-03-12 01:24:52,847 [main:112] - Changes after SimplifyBlockExpression = false
2021-03-12 01:24:52,847 [main:113] - Verify = true
2021-03-12 01:24:52,847 [main:112] - Changes after SimplifyBinaryExpression = false
2021-03-12 01:24:52,847 [main:113] - Verify = true
2021-03-12 01:24:52,847 [main:112] - Changes after SimplifyStringConstants = false
2021-03-12 01:24:52,847 [main:113] - Verify = true
2021-03-12 01:24:52,847 [main:112] - Changes after MinorSimplifyings = false
2021-03-12 01:24:52,848 [main:113] - Verify = true
2021-03-12 01:24:52,848 [main:112] - Changes after RemoveParameterFromDeclaration = false
2021-03-12 01:24:52,848 [main:113] - Verify = true
2021-03-12 01:24:52,848 [main:112] - Changes after FunInliner = false
2021-03-12 01:24:52,848 [main:113] - Verify = true
2021-03-12 01:24:52,848 [main:112] - Changes after ReplaceArgOnTODO = false
2021-03-12 01:24:52,848 [main:113] - Verify = true
2021-03-12 01:24:52,882 [main:112] - Changes after SimplifyCallExpression = false
2021-03-12 01:24:52,882 [main:113] - Verify = true
2021-03-12 01:24:52,882 [main:112] - Changes after ValueArgumentListSimplifying = false
2021-03-12 01:24:52,882 [main:113] - Verify = true
2021-03-12 01:24:52,889 [main:112] - Changes after PeepholePasses = false
2021-03-12 01:24:52,890 [main:113] - Verify = true
2021-03-12 01:24:52,890 [main:112] - Changes after ConstructionsDeleter = false
2021-03-12 01:24:52,890 [main:113] - Verify = true
2021-03-12 01:24:53,420 [main:112] - Changes after HierarchicalDeltaDebugger = false
2021-03-12 01:24:53,420 [main:113] - Verify = true
2021-03-12 01:24:53,421 [main:112] - Changes after EqualityMapper = false
2021-03-12 01:24:53,421 [main:113] - Verify = true
2021-03-12 01:24:53,421 [main:112] - Changes after FunSimplifier = false
2021-03-12 01:24:53,421 [main:113] - Verify = true
2021-03-12 01:24:53,421 [main:112] - Changes after TypeChanger = false
2021-03-12 01:24:53,421 [main:113] - Verify = true
2021-03-12 01:24:53,421 [main:112] - Changes after RemoveWhitespaces = false
2021-03-12 01:24:53,421 [main:113] - Verify = true
2021-03-12 01:24:53,421 [main:170] - CURRENT RESULT = 
{
requireNotNull{

