2021-03-12 12:12:13,129 [main:24] - Name = /home/stepanov/Kotlin/bbfgradle/tmp/arrays/kt21787.kt
2021-03-12 12:12:17,865 [main:53] - Start to mutate
2021-03-12 12:12:17,865 [main:54] - BEFORE = class Container {
    var id: Int? = null
}

class TestClass {

    private fun createContainer(id: Int): Container { val q = Container(); q.id = id; return q }
    fun createContainers1(from: Int = 0, to: Int = 100) = (from .. to).map(::createContainer)
    fun createContainers2(from: Int = 0, to: Int = 100): List<Container> { return (from .. to).map(::createContainer) }
}

fun box(): String {
    val testClass = TestClass()
    val containers1 = testClass.createContainers1().size
    if (containers1 != 101) return "fail 1: $containers1"

    val containers2 = testClass.createContainers2().size
    if (containers2 != 101) return "fail 2: $containers2"

    return "OK"
}
2021-03-12 12:12:18,845 [main:40] - Mutation of tmp/tmp0.kt started
2021-03-12 12:12:19,282 [main:19] - Cur transformation AddDefaultValueToArg
2021-03-12 12:12:25,052 [main:19] - Cur transformation LocalTCE
2021-03-12 12:13:18,374 [main:19] - Cur transformation AddReificationToTypeParam
2021-03-12 12:13:18,386 [main:19] - Cur transformation TCETransformation
