2021-03-12 00:25:15,417 [main:24] - Name = /home/stepanov/Kotlin/bbfgradle/tmp/arrays/forInRangeLiteralReversedStepReversed.kt
2021-03-12 00:25:19,567 [main:53] - Start to mutate
2021-03-12 00:25:19,567 [main:54] - BEFORE = import kotlin.test.*

val log = StringBuilder()

fun logged(message: String, value: Int) =
    value.also { log.append(message) }

fun box(): String {
    var sum = 0
    for (i in ((logged("start;", 1)..logged("end;", 8)).reversed() step logged("step;", 2)).reversed()) {
        sum = sum * 10 + i
    }

    assertEquals(2468, sum)

    assertEquals("start;end;step;", log.toString())

    return "OK"
}
2021-03-12 00:25:20,523 [main:40] - Mutation of tmp/tmp0.kt started
2021-03-12 00:25:20,898 [main:19] - Cur transformation AddDefaultValueToArg
2021-03-12 00:25:23,600 [main:19] - Cur transformation LocalTCE
2021-03-12 00:26:03,538 [main:19] - Cur transformation AddReificationToTypeParam
2021-03-12 00:26:03,545 [main:19] - Cur transformation TCETransformation
