2021-03-11 22:27:00,762 [main:24] - Name = /home/stepanov/Kotlin/bbfgradle/tmp/arrays/splitTry.kt
2021-03-11 22:27:04,492 [main:53] - Start to mutate
2021-03-11 22:27:04,493 [main:54] - BEFORE = inline fun test(s: () -> Int): Int =
        try {
            val i = s()
            i + 10
        }
        finally {
            0
        }

fun box() : String {
    test {
        try {
            val p = 1
            return "OK"
        }
        catch(e: Exception) {
            -2
        }
        finally {
            -3
        }
    }

    return "Failed"
}
2021-03-11 22:27:05,120 [main:40] - Mutation of tmp/tmp0.kt started
2021-03-11 22:27:05,523 [main:19] - Cur transformation AddDefaultValueToArg
2021-03-11 22:27:08,794 [main:19] - Cur transformation LocalTCE
2021-03-11 22:27:24,320 [main:19] - Cur transformation AddReificationToTypeParam
2021-03-11 22:27:24,327 [main:19] - Cur transformation TCETransformation
