2021-03-12 12:14:23,153 [main:24] - Name = /home/stepanov/Kotlin/bbfgradle/tmp/arrays/privateDefaultSetter.kt
2021-03-12 12:14:27,138 [main:53] - Start to mutate
2021-03-12 12:14:27,139 [main:54] - BEFORE = open class Test {
    var publicProperty: String = ""
        private set

    protected var protectedProperty: String = ""
        private set

    internal var internalProperty: String = ""
        private set

    fun update(i: Int) {
        publicProperty = i.toString()
        protectedProperty = i.toString()
        internalProperty = i.toString()
    }
}
2021-03-12 12:14:27,733 [main:40] - Mutation of tmp/tmp0.kt started
2021-03-12 12:14:28,072 [main:19] - Cur transformation AddDefaultValueToArg
2021-03-12 12:14:29,860 [main:19] - Cur transformation LocalTCE
2021-03-12 12:14:45,402 [main:19] - Cur transformation AddReificationToTypeParam
2021-03-12 12:14:45,410 [main:19] - Cur transformation TCETransformation
