2021-03-12 05:41:28,426 [main:24] - Name = /home/stepanov/Kotlin/bbfgradle/tmp/arrays/simpleProperty3.kt
2021-03-12 05:41:32,042 [main:53] - Start to mutate
2021-03-12 05:41:32,043 [main:54] - BEFORE = interface Test {
    @JvmDefault
    val test: String
        get() = "O"

    val testDelegated: String
        get() = "fail"

}

class Delegate : Test {
    override val test: String
        get() = "fail"

    override val testDelegated: String
        get() = "K"
}

class TestClass(val foo: Test) : Test by foo

fun box(): String {
    val testClass = TestClass(Delegate())
    return testClass.test + testClass.testDelegated
}
2021-03-12 05:41:32,702 [main:40] - Mutation of tmp/tmp0.kt started
2021-03-12 05:41:33,085 [main:19] - Cur transformation AddDefaultValueToArg
2021-03-12 05:41:35,190 [main:19] - Cur transformation LocalTCE
2021-03-12 05:41:48,131 [main:19] - Cur transformation AddReificationToTypeParam
2021-03-12 05:41:48,140 [main:19] - Cur transformation TCETransformation
