2021-03-12 11:02:26,615 [main:24] - Name = /home/stepanov/Kotlin/bbfgradle/tmp/arrays/functionsWithInlineClassParameters.kt
2021-03-12 11:02:31,483 [main:53] - Start to mutate
2021-03-12 11:02:31,483 [main:54] - BEFORE = import kotlin.test.assertEquals

inline class S(val value: String) {
    operator fun plus(other: S): S = S(this.value + other.value)
}

class C {
    fun member(x: S, y: String): S = x + S(y)
}

fun topLevel(x: String, y: S): S = S(x) + y

fun S.extension(y: S): S = this + y

fun S.extension2(): String = value

fun box(): String {
    assertEquals(S("ab"), C::member.call(C(), S("a"), "b"))
    assertEquals(S("cd"), ::topLevel.call("c", S("d")))
    assertEquals(S("gh"), S::extension.call(S("g"), S("h")))
    assertEquals("_", S::extension2.call(S("_")))

    assertEquals(S("ij"), C()::member.call(S("i"), "j"))
    assertEquals(S("mn"), S("m")::extension.call(S("n")))
    assertEquals("_", S("_")::extension2.call())

    return "OK"
}
2021-03-12 11:02:32,698 [main:40] - Mutation of tmp/tmp0.kt started
2021-03-12 11:02:33,176 [main:19] - Cur transformation AddDefaultValueToArg
2021-03-12 11:02:48,429 [main:19] - Cur transformation LocalTCE
2021-03-12 11:04:40,591 [main:19] - Cur transformation AddReificationToTypeParam
2021-03-12 11:04:40,602 [main:19] - Cur transformation TCETransformation
