2021-03-12 05:38:53,402 [main:24] - Name = /home/stepanov/Kotlin/bbfgradle/tmp/arrays/forInUntilReversedStepReversed.kt
2021-03-12 05:38:57,800 [main:53] - Start to mutate
2021-03-12 05:38:57,800 [main:54] - BEFORE = import kotlin.test.*

val log = StringBuilder()

fun logged(message: String, value: Int) =
    value.also { log.append(message) }

fun box(): String {
    var sum = 0
    for (i in ((logged("start;", 1) until logged("end;", 9)).reversed() step logged("step;", 2)).reversed()) {
        sum = sum * 10 + i
    }

    assertEquals(2468, sum)

    assertEquals("start;end;step;", log.toString())

    return "OK"
}
2021-03-12 05:38:58,767 [main:40] - Mutation of tmp/tmp0.kt started
2021-03-12 05:38:59,182 [main:19] - Cur transformation AddDefaultValueToArg
2021-03-12 05:39:03,855 [main:19] - Cur transformation LocalTCE
2021-03-12 05:39:28,470 [main:19] - Cur transformation AddReificationToTypeParam
2021-03-12 05:39:28,480 [main:19] - Cur transformation TCETransformation
