2021-03-12 12:11:03,267 [main:66] - Compilation checking started
2021-03-12 12:11:05,478 [main:43] - GENERATING CALL OF operator fun Int.component1() = this + 1
2021-03-12 12:11:05,483 [main:61] - WITHOUT TYPE PARAMS = operator fun Int.component1() = this + 1
2021-03-12 12:11:05,673 [main:302] - generating value of type = Int true depth = 1
2021-03-12 12:11:05,675 [main:95] - GENERATED = -1276047005.component1()
2021-03-12 12:11:05,813 [main:43] - GENERATING CALL OF operator fun Int.component2() = this + 2
2021-03-12 12:11:05,814 [main:61] - WITHOUT TYPE PARAMS = operator fun Int.component2() = this + 2
2021-03-12 12:11:05,944 [main:302] - generating value of type = Int true depth = 1
2021-03-12 12:11:05,944 [main:95] - GENERATED = -1926088140.component2()
2021-03-12 12:11:06,090 [main:45] - Trying to change 24 nodes
2021-03-12 12:11:06,094 [main:53] - replacing (s, String)
2021-03-12 12:11:06,094 [main:50] - replacing s String
2021-03-12 12:11:06,094 [main:54] - Getting value of type String
2021-03-12 12:11:06,208 [main:302] - generating value of type = String true depth = 0
2021-03-12 12:11:06,211 [main:58] - GENERATED VALUE OF TYPE String = "dgbfc"
2021-03-12 12:11:06,212 [main:61] - GENERATED IS CALL =false
2021-03-12 12:11:06,744 [main:67] - randomType = Byte
2021-03-12 12:11:06,893 [main:302] - generating value of type = Byte true depth = 0
2021-03-12 12:11:07,071 [main:149] - GENERATING call of type public abstract fun toInt(): kotlin.Int defined in kotlin.Number[DeserializedSimpleFunctionDescriptor@2928651c]
2021-03-12 12:11:07,073 [main:149] - GENERATING call of type @kotlin.SinceKotlin public fun kotlin.Int.toString(radix: kotlin.Int): kotlin.String defined in kotlin.text[DeserializedSimpleFunctionDescriptor@7713f921]
2021-03-12 12:11:07,074 [main:78] - Generated call from random type = (-88).toInt().toString(-1276047005.component1())
2021-03-12 12:11:07,074 [main:61] - replacement of s of type String is (-88).toInt().toString(-1276047005.component1())
2021-03-12 12:11:07,208 [main:33] - Trying to replace Element(REFERENCE_EXPRESSION) on Element(DOT_QUALIFIED_EXPRESSION)
2021-03-12 12:11:07,209 [main:66] - Compilation checking started
2021-03-12 12:11:07,789 [main:53] - Result = true
Text:
operator fun Int.component1() = this + 1
operator fun Int.component2() = this + 2

fun doTest(): String {
    var s = ""
    for ((a, b) in 0.rangeTo(2)) {
      s += "$a:$b;"
    }
    return (-88).toInt().toString(-1276047005.component1())
}

fun box(): String {
  val s = doTest()
  return if (s == "1:2;2:3;3:4;") "OK" else "fail: $s"
}
2021-03-12 12:11:07,790 [main:53] - replacing ("fail: $s", String)
2021-03-12 12:11:07,790 [main:50] - replacing "fail: $s" String
2021-03-12 12:11:07,790 [main:54] - Getting value of type String
2021-03-12 12:11:07,911 [main:302] - generating value of type = String true depth = 0
2021-03-12 12:11:07,912 [main:58] - GENERATED VALUE OF TYPE String = "nbwyh"
2021-03-12 12:11:07,912 [main:61] - GENERATED IS CALL =false
2021-03-12 12:11:08,180 [main:67] - randomType = UInt?
2021-03-12 12:11:08,297 [main:302] - generating value of type = UInt true depth = 0
2021-03-12 12:11:08,394 [main:149] - GENERATING call of type @kotlin.internal.InlineOnly public final inline operator fun compareTo(other: kotlin.UByte): kotlin.Int defined in kotlin.UInt[DeserializedSimpleFunctionDescriptor@79688d97]
2021-03-12 12:11:08,551 [main:302] - generating value of type = UByte true depth = 0
2021-03-12 12:11:08,552 [main:149] - GENERATING call of type @kotlin.SinceKotlin public fun kotlin.Int.toString(radix: kotlin.Int): kotlin.String defined in kotlin.text[DeserializedSimpleFunctionDescriptor@7713f921]
2021-03-12 12:11:08,553 [main:78] - Generated call from random type = (1974244321.toUInt())?.compareTo(56.toUByte()).toString(-1926088140.component2())
2021-03-12 12:11:08,554 [main:61] - replacement of "fail: $s" of type String is (1974244321.toUInt())?.compareTo(56.toUByte()).toString(-1926088140.component2())
2021-03-12 12:11:08,671 [main:33] - Trying to replace Element(STRING_TEMPLATE) on Element(DOT_QUALIFIED_EXPRESSION)
2021-03-12 12:11:08,671 [main:66] - Compilation checking started
2021-03-12 12:11:09,408 [main:53] - Result = true
Text:
operator fun Int.component1() = this + 1
operator fun Int.component2() = this + 2

fun doTest(): String {
    var s = ""
    for ((a, b) in 0.rangeTo(2)) {
      s += "$a:$b;"
    }
    return (-88).toInt().toString(-1276047005.component1())
}

fun box(): String {
  val s = doTest()
  return if (s == "1:2;2:3;3:4;") "OK" else (1974244321.toUInt())?.compareTo(56.toUByte()).toString(-1926088140.component2())
}
2021-03-12 12:11:09,410 [main:53] - replacing (this, Int)
2021-03-12 12:11:09,410 [main:50] - replacing this Int
2021-03-12 12:11:09,410 [main:54] - Getting value of type Int
2021-03-12 12:11:09,579 [main:302] - generating value of type = Int true depth = 0
2021-03-12 12:11:09,579 [main:58] - GENERATED VALUE OF TYPE Int = 942978904
2021-03-12 12:11:09,580 [main:61] - GENERATED IS CALL =false
2021-03-12 12:11:09,581 [main:67] - randomType = Int
2021-03-12 12:11:09,717 [main:302] - generating value of type = Int true depth = 0
2021-03-12 12:11:09,787 [main:149] - GENERATING call of type public final operator fun dec(): kotlin.Int defined in kotlin.Int[DeserializedSimpleFunctionDescriptor@3e848f48]
2021-03-12 12:11:09,788 [main:78] - Generated call from random type = (-1049975527).dec()
2021-03-12 12:11:09,799 [main:106] - GETTING Int from String
2021-03-12 12:11:09,843 [main:113] - Case = [public abstract operator fun compareTo(other: kotlin.String): kotlin.Int defined in kotlin.Comparable[DeserializedSimpleFunctionDescriptor@3f120a6d], public final infix fun shl(bitCount: kotlin.Int): kotlin.Int defined in kotlin.Int[DeserializedSimpleFunctionDescriptor@6904a232]]
2021-03-12 12:11:09,843 [main:149] - GENERATING call of type public abstract operator fun compareTo(other: kotlin.String): kotlin.Int defined in kotlin.Comparable[DeserializedSimpleFunctionDescriptor@3f120a6d]
2021-03-12 12:11:09,844 [main:149] - GENERATING call of type public final infix fun shl(bitCount: kotlin.Int): kotlin.Int defined in kotlin.Int[DeserializedSimpleFunctionDescriptor@6904a232]
2021-03-12 12:11:09,846 [main:117] - GENERATED CALL = (doTest()).compareTo(doTest()).shl(-1276047005.component1())
2021-03-12 12:11:09,846 [main:113] - Case = [public open val length: kotlin.Int defined in kotlin.String[DeserializedPropertyDescriptor@77f32f2], public final infix fun shr(bitCount: kotlin.Int): kotlin.Int defined in kotlin.Int[DeserializedSimpleFunctionDescriptor@29c25795]]
2021-03-12 12:11:09,846 [main:149] - GENERATING call of type public final infix fun shr(bitCount: kotlin.Int): kotlin.Int defined in kotlin.Int[DeserializedSimpleFunctionDescriptor@29c25795]
2021-03-12 12:11:09,981 [main:302] - generating value of type = Int true depth = 0
2021-03-12 12:11:09,982 [main:117] - GENERATED CALL = (doTest()).length.shr(-23905271)
2021-03-12 12:11:09,982 [main:113] - Case = [public open fun subSequence(startIndex: kotlin.Int, endIndex: kotlin.Int): kotlin.CharSequence defined in kotlin.String[DeserializedSimpleFunctionDescriptor@403d5694], public abstract val length: kotlin.Int defined in kotlin.CharSequence[DeserializedPropertyDescriptor@744965e9]]
2021-03-12 12:11:09,982 [main:149] - GENERATING call of type public open fun subSequence(startIndex: kotlin.Int, endIndex: kotlin.Int): kotlin.CharSequence defined in kotlin.String[DeserializedSimpleFunctionDescriptor@403d5694]
2021-03-12 12:11:10,155 [main:302] - generating value of type = Int true depth = 0
2021-03-12 12:11:10,156 [main:117] - GENERATED CALL = (doTest()).subSequence(-325894141, -1276047005.component1()).length
2021-03-12 12:11:10,157 [main:113] - Case = [public open val length: kotlin.Int defined in kotlin.String[DeserializedPropertyDescriptor@77f32f2], public final infix fun ushr(bitCount: kotlin.Int): kotlin.Int defined in kotlin.Int[DeserializedSimpleFunctionDescriptor@4d824eea]]
2021-03-12 12:11:10,157 [main:149] - GENERATING call of type public final infix fun ushr(bitCount: kotlin.Int): kotlin.Int defined in kotlin.Int[DeserializedSimpleFunctionDescriptor@4d824eea]
2021-03-12 12:11:10,308 [main:302] - generating value of type = Int true depth = 0
2021-03-12 12:11:10,309 [main:117] - GENERATED CALL = (doTest()).length.ushr(995196119)
2021-03-12 12:11:10,310 [main:113] - Case = [public open fun equals(other: kotlin.Any?): kotlin.Boolean defined in kotlin.String[DeserializedSimpleFunctionDescriptor@7b094557], public open fun compareTo(other: kotlin.Boolean): kotlin.Int defined in kotlin.Boolean[DeserializedSimpleFunctionDescriptor@6145d467]]
2021-03-12 12:11:10,310 [main:149] - GENERATING call of type public open fun equals(other: kotlin.Any?): kotlin.Boolean defined in kotlin.String[DeserializedSimpleFunctionDescriptor@7b094557]
2021-03-12 12:11:10,432 [main:302] - generating value of type = Any false depth = 0
2021-03-12 12:11:10,432 [main:149] - GENERATING call of type public open fun compareTo(other: kotlin.Boolean): kotlin.Int defined in kotlin.Boolean[DeserializedSimpleFunctionDescriptor@6145d467]
2021-03-12 12:11:10,537 [main:302] - generating value of type = Boolean true depth = 0
2021-03-12 12:11:10,538 [main:117] - GENERATED CALL = (doTest()).equals("aqdkm").compareTo(true)
2021-03-12 12:11:10,538 [main:113] - Case = [public abstract operator fun compareTo(other: kotlin.String): kotlin.Int defined in kotlin.Comparable[DeserializedSimpleFunctionDescriptor@3f120a6d], public final operator fun inc(): kotlin.Int defined in kotlin.Int[DeserializedSimpleFunctionDescriptor@46602fc2]]
2021-03-12 12:11:10,538 [main:149] - GENERATING call of type public abstract operator fun compareTo(other: kotlin.String): kotlin.Int defined in kotlin.Comparable[DeserializedSimpleFunctionDescriptor@3f120a6d]
2021-03-12 12:11:10,539 [main:149] - GENERATING call of type public final operator fun inc(): kotlin.Int defined in kotlin.Int[DeserializedSimpleFunctionDescriptor@46602fc2]
2021-03-12 12:11:10,539 [main:117] - GENERATED CALL = (doTest()).compareTo(doTest()).inc()
2021-03-12 12:11:10,540 [main:113] - Case = [public open fun subSequence(startIndex: kotlin.Int, endIndex: kotlin.Int): kotlin.CharSequence defined in kotlin.String[DeserializedSimpleFunctionDescriptor@403d5694], @kotlin.SinceKotlin @kotlin.OverloadResolutionByLambdaReturnType @kotlin.jvm.JvmName @kotlin.internal.InlineOnly public inline fun kotlin.CharSequence.sumOf(selector: (kotlin.Char) -> kotlin.Int): kotlin.Int defined in kotlin.text[DeserializedSimpleFunctionDescriptor@28ba0db]]
2021-03-12 12:11:10,540 [main:149] - GENERATING call of type public open fun subSequence(startIndex: kotlin.Int, endIndex: kotlin.Int): kotlin.CharSequence defined in kotlin.String[DeserializedSimpleFunctionDescriptor@403d5694]
2021-03-12 12:11:10,541 [main:149] - GENERATING call of type @kotlin.SinceKotlin @kotlin.OverloadResolutionByLambdaReturnType @kotlin.jvm.JvmName @kotlin.internal.InlineOnly public inline fun kotlin.CharSequence.sumOf(selector: (kotlin.Char) -> kotlin.Int): kotlin.Int defined in kotlin.text[DeserializedSimpleFunctionDescriptor@28ba0db]
2021-03-12 12:11:10,672 [main:302] - generating value of type = Function1<Char, Int> false depth = 0
2021-03-12 12:11:10,673 [main:302] - generating value of type = Int true depth = 1
2021-03-12 12:11:10,681 [main:117] - GENERATED CALL = (doTest()).subSequence(-1926088140.component2(), -1926088140.component2()).sumOf({a: Char -> 1609571240})
2021-03-12 12:11:10,681 [main:113] - Case = [public open fun subSequence(startIndex: kotlin.Int, endIndex: kotlin.Int): kotlin.CharSequence defined in kotlin.String[DeserializedSimpleFunctionDescriptor@403d5694], public fun kotlin.CharSequence.lastIndexOf(char: kotlin.Char, startIndex: kotlin.Int = ..., ignoreCase: kotlin.Boolean = ...): kotlin.Int defined in kotlin.text[DeserializedSimpleFunctionDescriptor@16145978]]
2021-03-12 12:11:10,681 [main:149] - GENERATING call of type public open fun subSequence(startIndex: kotlin.Int, endIndex: kotlin.Int): kotlin.CharSequence defined in kotlin.String[DeserializedSimpleFunctionDescriptor@403d5694]
2021-03-12 12:11:10,682 [main:149] - GENERATING call of type public fun kotlin.CharSequence.lastIndexOf(char: kotlin.Char, startIndex: kotlin.Int = ..., ignoreCase: kotlin.Boolean = ...): kotlin.Int defined in kotlin.text[DeserializedSimpleFunctionDescriptor@16145978]
2021-03-12 12:11:10,806 [main:302] - generating value of type = Char true depth = 0
2021-03-12 12:11:10,923 [main:302] - generating value of type = Boolean true depth = 0
2021-03-12 12:11:10,925 [main:117] - GENERATED CALL = (doTest()).subSequence(-1926088140.component2(), -1926088140.component2()).lastIndexOf('ￚ', -1276047005.component1(), false)
2021-03-12 12:11:10,925 [main:113] - Case = [public open val length: kotlin.Int defined in kotlin.String[DeserializedPropertyDescriptor@77f32f2], @kotlin.SinceKotlin @kotlin.internal.InlineOnly public val kotlin.Int.absoluteValue: kotlin.Int defined in kotlin.math[DeserializedPropertyDescriptor@6bcd6009]]
2021-03-12 12:11:10,926 [main:117] - GENERATED CALL = (doTest()).length.absoluteValue
2021-03-12 12:11:10,926 [main:113] - Case = [public open val length: kotlin.Int defined in kotlin.String[DeserializedPropertyDescriptor@77f32f2], public final operator fun minus(other: kotlin.Byte): kotlin.Int defined in kotlin.Int[DeserializedSimpleFunctionDescriptor@536280d7]]
2021-03-12 12:11:10,926 [main:149] - GENERATING call of type public final operator fun minus(other: kotlin.Byte): kotlin.Int defined in kotlin.Int[DeserializedSimpleFunctionDescriptor@536280d7]
2021-03-12 12:11:11,075 [main:302] - generating value of type = Byte true depth = 0
2021-03-12 12:11:11,076 [main:117] - GENERATED CALL = (doTest()).length.minus(97)
2021-03-12 12:11:11,076 [main:61] - replacement of this of type Int is 942978904
2021-03-12 12:11:11,198 [main:33] - Trying to replace Element(REFERENCE_EXPRESSION) on Element(INTEGER_CONSTANT)
2021-03-12 12:11:11,198 [main:66] - Compilation checking started
2021-03-12 12:11:11,729 [main:53] - Result = true
Text:
operator fun Int.component1() = this + 1
operator fun Int.component2() = 942978904 + 2

fun doTest(): String {
    var s = ""
    for ((a, b) in 0.rangeTo(2)) {
      s += "$a:$b;"
    }
    return (-88).toInt().toString(-1276047005.component1())
}

fun box(): String {
  val s = doTest()
  return if (s == "1:2;2:3;3:4;") "OK" else (1974244321.toUInt())?.compareTo(56.toUByte()).toString(-1926088140.component2())
}
2021-03-12 12:11:11,730 [main:53] - replacing (this, Int)
2021-03-12 12:11:11,730 [main:50] - replacing this Int
2021-03-12 12:11:11,730 [main:54] - Getting value of type Int
