2021-03-12 00:23:04,421 [main:24] - Name = /home/stepanov/Kotlin/bbfgradle/tmp/arrays/MapWithAllImplementations.kt
2021-03-12 00:23:08,736 [main:53] - Start to mutate
2021-03-12 00:23:08,736 [main:54] - BEFORE = class MyMap<K, V>: Map<K, V> {
    override val size: Int get() = 0
    override fun isEmpty(): Boolean = true
    override fun containsKey(key: K): Boolean = false
    override fun containsValue(value: V): Boolean = false
    override fun get(key: K): V? = null
    override val keys: Set<K> get() = throw UnsupportedOperationException()
    override val values: Collection<V> get() = throw UnsupportedOperationException()
    override val entries: Set<Map.Entry<K, V>> get() = throw UnsupportedOperationException()

    public fun put(key: K, value: V): V? = null
    public fun remove(key: K): V? = null
    public fun putAll(m: Map<out K, V>) {}
    public fun clear() {}
}

fun box(): String {
    val myMap = MyMap<String, Int>()
    val map = myMap as java.util.Map<String, Int>

    map.put("", 1)
    map.remove("")
    map.putAll(myMap)
    map.clear()

    return "OK"
}
2021-03-12 00:23:09,530 [main:40] - Mutation of tmp/tmp0.kt started
2021-03-12 00:23:09,942 [main:19] - Cur transformation AddDefaultValueToArg
2021-03-12 00:23:12,015 [main:19] - Cur transformation LocalTCE
2021-03-12 00:23:50,988 [main:19] - Cur transformation AddReificationToTypeParam
2021-03-12 00:23:50,996 [main:19] - Cur transformation TCETransformation
