2021-03-12 08:34:23,502 [main:24] - Name = /home/stepanov/Kotlin/bbfgradle/tmp/arrays/kt16713.kt
2021-03-12 08:34:27,112 [main:53] - Start to mutate
2021-03-12 08:34:27,112 [main:54] - BEFORE = class MyQueue {
    fun poll(): String? =  null
}

class A {
    val delayedQueue = MyQueue()

    fun next() {
        while (true) {
            delayedQueue.poll() ?: break
        }

        while (true) {
            unblock(delayedQueue.poll() ?: break)
        }

        while (true) {
            unblock(delayedQueue.poll() ?: break)
        }
    }

    fun unblock(p: String) {

    }
}

fun box() : String {
    A().next()
    return "OK"
}
2021-03-12 08:34:28,000 [main:40] - Mutation of tmp/tmp0.kt started
2021-03-12 08:34:28,355 [main:19] - Cur transformation AddDefaultValueToArg
2021-03-12 08:34:30,116 [main:19] - Cur transformation LocalTCE
2021-03-12 08:34:47,939 [main:19] - Cur transformation AddReificationToTypeParam
2021-03-12 08:34:47,948 [main:19] - Cur transformation TCETransformation
