2021-03-11 23:58:07,212 [main:24] - Name = /home/stepanov/Kotlin/bbfgradle/tmp/arrays/localClassParameterAnnotation.kt
2021-03-11 23:58:11,145 [main:53] - Start to mutate
2021-03-11 23:58:11,145 [main:54] - BEFORE = import kotlin.reflect.full.valueParameters

@Retention(AnnotationRetention.RUNTIME)
annotation class Simple(val value: String)

fun local(): Any {
    class A(@Simple("OK") val z: String)
    return A("OK")
}

fun localCaptured(): Any {
    val z  = 1
    class A(@Simple("K") val z: String) {
        val x = z
    }
    return A("K")
}

fun box(): String {
    return (local()::class.constructors.single().valueParameters.single().annotations.single() as Simple).value
    //KT-25573
    //return (localCaptured()::class.constructors.single().valueParameters.single().annotations.single() as Simple).value
}
2021-03-11 23:58:11,986 [main:40] - Mutation of tmp/tmp0.kt started
2021-03-11 23:58:12,319 [main:19] - Cur transformation AddDefaultValueToArg
2021-03-11 23:58:17,388 [main:19] - Cur transformation LocalTCE
2021-03-11 23:58:26,328 [main:19] - Cur transformation AddReificationToTypeParam
2021-03-11 23:58:26,336 [main:19] - Cur transformation TCETransformation
