2021-03-12 04:29:16,969 [main:24] - Name = /home/stepanov/Kotlin/bbfgradle/tmp/arrays/defaultArgsWithSideEffects.kt
2021-03-12 04:29:20,866 [main:53] - Start to mutate
2021-03-12 04:29:20,866 [main:54] - BEFORE = var counter = 0
fun inc() = counter++

tailrec fun test(x: Int = 0, y: Int = inc(), z: Int = inc()) {
    if (x * 2 != y || z - y != 1)
        throw IllegalArgumentException("x=$x y=$y z=$z")

    if (x < 100000)
        test(x + 1)
}

fun box() : String {
    test()

    counter = 4
    test(x = 1, y = 2, z = 3)

    counter = 0
    test(-1, -2, -1)

    counter = 3
    test(1, 2)

    counter = 1
    test(y = 0)

    counter = 2
    test(x = 1)

    return "OK"
}
2021-03-12 04:29:21,632 [main:40] - Mutation of tmp/tmp0.kt started
2021-03-12 04:29:22,056 [main:19] - Cur transformation AddDefaultValueToArg
2021-03-12 04:29:24,183 [main:19] - Cur transformation LocalTCE
2021-03-12 04:30:18,668 [main:19] - Cur transformation AddReificationToTypeParam
2021-03-12 04:30:18,676 [main:19] - Cur transformation TCETransformation
