2021-03-11 23:34:17,092 [main:24] - Name = /home/stepanov/Kotlin/bbfgradle/tmp/arrays/defaultInSuperClass.kt
2021-03-11 23:34:21,298 [main:53] - Start to mutate
2021-03-11 23:34:21,298 [main:54] - BEFORE = open class A {
    open fun foo(a: String, b: String = "b") = b + a
}

class B : A() {
    override fun foo(a: String, b: String) = a + b
}

fun box(): String {
    val f = B::foo

    assert("ab" == f.callBy(mapOf(
        f.parameters.first() to B(),
        f.parameters.single { it.name == "a" } to "a"
    )))

    return "OK"
}
2021-03-11 23:34:22,251 [main:40] - Mutation of tmp/tmp0.kt started
2021-03-11 23:34:22,621 [main:19] - Cur transformation AddDefaultValueToArg
2021-03-11 23:34:29,856 [main:19] - Cur transformation LocalTCE
2021-03-11 23:34:50,277 [main:19] - Cur transformation AddReificationToTypeParam
2021-03-11 23:34:50,289 [main:19] - Cur transformation TCETransformation
