2021-03-11 22:25:22,742 [main:24] - Name = /home/stepanov/Kotlin/bbfgradle/tmp/arrays/kt7257_boundReference1.kt
2021-03-11 22:25:26,689 [main:53] - Start to mutate
2021-03-11 22:25:26,689 [main:54] - BEFORE = enum class X {
    B {
        val k = "K"

        inner class Inner {
            fun foo() = "O" + k
        }

        val inner = Inner()

        val bmr = inner::foo

        override val value = bmr.invoke()
    };

    abstract val value: String
}

fun box() = X.B.value
2021-03-11 22:25:27,545 [main:40] - Mutation of tmp/tmp0.kt started
2021-03-11 22:25:27,859 [main:19] - Cur transformation AddDefaultValueToArg
2021-03-11 22:25:28,018 [main:19] - Cur transformation LocalTCE
2021-03-11 22:25:41,600 [main:19] - Cur transformation AddReificationToTypeParam
2021-03-11 22:25:41,608 [main:19] - Cur transformation TCETransformation
