2021-03-11 22:25:26,691 [main:66] - Compilation checking started
2021-03-11 22:25:28,305 [main:112] - generating klass X text = enum class X {
    B {
        val k = "K"

        inner class Inner {
            fun foo() = "O" + k
        }

        val inner = Inner()

        val bmr = inner::foo

        override val value = bmr.invoke()
    };

    abstract val value: String
}
2021-03-11 22:25:28,306 [main:112] - generating klass B text = B {
        val k = "K"

        inner class Inner {
            fun foo() = "O" + k
        }

        val inner = Inner()

        val bmr = inner::foo

        override val value = bmr.invoke()
    };
2021-03-11 22:25:28,307 [main:112] - generating klass Inner text = inner class Inner {
            fun foo() = "O" + k
        }
2021-03-11 22:25:28,680 [main:45] - Trying to change 9 nodes
2021-03-11 22:25:28,685 [main:53] - replacing ("O", String)
2021-03-11 22:25:28,685 [main:50] - replacing "O" String
2021-03-11 22:25:28,685 [main:54] - Getting value of type String
2021-03-11 22:25:28,832 [main:302] - generating value of type = String true depth = 0
2021-03-11 22:25:28,837 [main:58] - GENERATED VALUE OF TYPE String = "nvaml"
2021-03-11 22:25:28,839 [main:61] - GENERATED IS CALL =false
2021-03-11 22:25:28,842 [main:67] - randomType = X
2021-03-11 22:25:28,981 [main:302] - generating value of type = X false depth = 0
2021-03-11 22:25:28,982 [main:112] - generating klass X text = enum class X {
    B {
        val k = "K"

        inner class Inner {
            fun foo() = "O" + k
        }

        val inner = Inner()

        val bmr = inner::foo

        override val value = bmr.invoke()
    };

    abstract val value: String
}
2021-03-11 22:25:29,491 [main:149] - GENERATING call of type public fun kotlin.String.replaceIndentByMargin(newIndent: kotlin.String = ..., marginPrefix: kotlin.String = ...): kotlin.String defined in kotlin.text[DeserializedSimpleFunctionDescriptor@1eae624e]
2021-03-11 22:25:29,493 [main:78] - Generated call from random type = (X.B).name.replaceIndentByMargin(X.B.value, X.B.value)
2021-03-11 22:25:29,494 [main:61] - replacement of "O" of type String is (X.B).name.replaceIndentByMargin(X.B.value, X.B.value)
2021-03-11 22:25:29,608 [main:33] - Trying to replace Element(STRING_TEMPLATE) on Element(DOT_QUALIFIED_EXPRESSION)
2021-03-11 22:25:29,621 [main:66] - Compilation checking started
2021-03-11 22:25:30,188 [main:53] - Result = true
Text:
enum class X {
    B {
        val k = "K"

        inner class Inner {
            fun foo() = (X.B).name.replaceIndentByMargin(X.B.value, X.B.value) + k
        }

        val inner = Inner()

        val bmr = inner::foo

        override val value = bmr.invoke()
    };

    abstract val value: String
}

fun box() = X.B.value
2021-03-11 22:25:30,191 [main:53] - replacing (X.B.value, String)
2021-03-11 22:25:30,191 [main:50] - replacing X.B.value String
2021-03-11 22:25:30,191 [main:54] - Getting value of type String
2021-03-11 22:25:30,310 [main:302] - generating value of type = String true depth = 0
2021-03-11 22:25:30,310 [main:58] - GENERATED VALUE OF TYPE String = "ifehx"
2021-03-11 22:25:30,311 [main:61] - GENERATED IS CALL =false
2021-03-11 22:25:30,312 [main:67] - randomType = X
2021-03-11 22:25:30,435 [main:302] - generating value of type = X false depth = 0
2021-03-11 22:25:30,435 [main:112] - generating klass X text = enum class X {
    B {
        val k = "K"

        inner class Inner {
            fun foo() = (X.B).name.replaceIndentByMargin(X.B.value, X.B.value) + k
        }

        val inner = Inner()

        val bmr = inner::foo

        override val value = bmr.invoke()
    };

    abstract val value: String
}
2021-03-11 22:25:30,508 [main:149] - GENERATING call of type public fun kotlin.String.trimMargin(marginPrefix: kotlin.String = ...): kotlin.String defined in kotlin.text[DeserializedSimpleFunctionDescriptor@773ebb6d]
2021-03-11 22:25:30,510 [main:78] - Generated call from random type = (X.B).value.trimMargin(value)
2021-03-11 22:25:30,510 [main:106] - GETTING String from String
2021-03-11 22:25:30,576 [main:113] - Case = [public inline fun kotlin.String.dropWhile(predicate: (kotlin.Char) -> kotlin.Boolean): kotlin.String defined in kotlin.text[DeserializedSimpleFunctionDescriptor@11476fd1]]
2021-03-11 22:25:30,576 [main:149] - GENERATING call of type public inline fun kotlin.String.dropWhile(predicate: (kotlin.Char) -> kotlin.Boolean): kotlin.String defined in kotlin.text[DeserializedSimpleFunctionDescriptor@11476fd1]
2021-03-11 22:25:30,690 [main:302] - generating value of type = Function1<Char, Boolean> false depth = 0
2021-03-11 22:25:30,691 [main:302] - generating value of type = Boolean true depth = 1
2021-03-11 22:25:30,695 [main:117] - GENERATED CALL = (k).dropWhile({a: Char -> false})
2021-03-11 22:25:30,696 [main:113] - Case = [public open fun subSequence(startIndex: kotlin.Int, endIndex: kotlin.Int): kotlin.CharSequence defined in kotlin.String[DeserializedSimpleFunctionDescriptor@76cbc30e], public fun kotlin.CharSequence.commonSuffixWith(other: kotlin.CharSequence, ignoreCase: kotlin.Boolean = ...): kotlin.String defined in kotlin.text[DeserializedSimpleFunctionDescriptor@7794503a]]
2021-03-11 22:25:30,696 [main:149] - GENERATING call of type public open fun subSequence(startIndex: kotlin.Int, endIndex: kotlin.Int): kotlin.CharSequence defined in kotlin.String[DeserializedSimpleFunctionDescriptor@76cbc30e]
2021-03-11 22:25:30,814 [main:302] - generating value of type = Int true depth = 0
2021-03-11 22:25:30,936 [main:302] - generating value of type = Int true depth = 0
2021-03-11 22:25:30,937 [main:149] - GENERATING call of type public fun kotlin.CharSequence.commonSuffixWith(other: kotlin.CharSequence, ignoreCase: kotlin.Boolean = ...): kotlin.String defined in kotlin.text[DeserializedSimpleFunctionDescriptor@7794503a]
2021-03-11 22:25:31,088 [main:302] - generating value of type = CharSequence false depth = 0
2021-03-11 22:25:31,221 [main:302] - generating value of type = Boolean true depth = 0
2021-03-11 22:25:31,224 [main:117] - GENERATED CALL = (k).subSequence(1019749297, -499433266).commonSuffixWith(StringBuilder(), false)
2021-03-11 22:25:31,224 [main:113] - Case = [public fun kotlin.String.substringBeforeLast(delimiter: kotlin.Char, missingDelimiterValue: kotlin.String = ...): kotlin.String defined in kotlin.text[DeserializedSimpleFunctionDescriptor@2fdd7467]]
2021-03-11 22:25:31,224 [main:149] - GENERATING call of type public fun kotlin.String.substringBeforeLast(delimiter: kotlin.Char, missingDelimiterValue: kotlin.String = ...): kotlin.String defined in kotlin.text[DeserializedSimpleFunctionDescriptor@2fdd7467]
2021-03-11 22:25:31,320 [main:302] - generating value of type = Char true depth = 0
2021-03-11 22:25:31,322 [main:117] - GENERATED CALL = (k).substringBeforeLast('', value)
2021-03-11 22:25:31,322 [main:113] - Case = [@kotlin.internal.InlineOnly public inline fun kotlin.String.concat(str: kotlin.String): kotlin.String defined in kotlin.text[DeserializedSimpleFunctionDescriptor@4725a193]]
2021-03-11 22:25:31,322 [main:149] - GENERATING call of type @kotlin.internal.InlineOnly public inline fun kotlin.String.concat(str: kotlin.String): kotlin.String defined in kotlin.text[DeserializedSimpleFunctionDescriptor@4725a193]
2021-03-11 22:25:31,323 [main:117] - GENERATED CALL = (k).concat(k)
2021-03-11 22:25:31,324 [main:113] - Case = [@kotlin.internal.InlineOnly public inline fun kotlin.String.substring(startIndex: kotlin.Int): kotlin.String defined in kotlin.text[DeserializedSimpleFunctionDescriptor@1e7b3952]]
2021-03-11 22:25:31,324 [main:149] - GENERATING call of type @kotlin.internal.InlineOnly public inline fun kotlin.String.substring(startIndex: kotlin.Int): kotlin.String defined in kotlin.text[DeserializedSimpleFunctionDescriptor@1e7b3952]
2021-03-11 22:25:31,437 [main:302] - generating value of type = Int true depth = 0
2021-03-11 22:25:31,439 [main:117] - GENERATED CALL = (k).substring(-942347936)
2021-03-11 22:25:31,439 [main:113] - Case = [public open fun subSequence(startIndex: kotlin.Int, endIndex: kotlin.Int): kotlin.CharSequence defined in kotlin.String[DeserializedSimpleFunctionDescriptor@76cbc30e], @kotlin.internal.InlineOnly public inline fun kotlin.CharSequence.replaceFirst(regex: kotlin.text.Regex, replacement: kotlin.String): kotlin.String defined in kotlin.text[DeserializedSimpleFunctionDescriptor@149b10e7]]
2021-03-11 22:25:31,439 [main:149] - GENERATING call of type public open fun subSequence(startIndex: kotlin.Int, endIndex: kotlin.Int): kotlin.CharSequence defined in kotlin.String[DeserializedSimpleFunctionDescriptor@76cbc30e]
2021-03-11 22:25:31,599 [main:302] - generating value of type = Int true depth = 0
2021-03-11 22:25:31,717 [main:302] - generating value of type = Int true depth = 0
2021-03-11 22:25:31,718 [main:149] - GENERATING call of type @kotlin.internal.InlineOnly public inline fun kotlin.CharSequence.replaceFirst(regex: kotlin.text.Regex, replacement: kotlin.String): kotlin.String defined in kotlin.text[DeserializedSimpleFunctionDescriptor@149b10e7]
2021-03-11 22:25:31,826 [main:302] - generating value of type = Regex false depth = 0
2021-03-11 22:25:31,936 [main:43] - GENERATING CALL OF fun Regex(pattern: kotlin.String, options: kotlin.collections.Set<kotlin.text.RegexOption>): Regex = TODO()
2021-03-11 22:25:31,940 [main:61] - WITHOUT TYPE PARAMS = fun Regex(pattern: kotlin.String, options: kotlin.collections.Set<kotlin.text.RegexOption>): Regex = TODO()
2021-03-11 22:25:32,289 [main:302] - generating value of type = String true depth = 3
2021-03-11 22:25:32,289 [main:302] - generating value of type = Set<RegexOption> false depth = 3
2021-03-11 22:25:32,395 [main:43] - GENERATING CALL OF fun <T> setOf(element: RegexOption): Set<RegexOption> = TODO()
2021-03-11 22:25:32,397 [main:61] - WITHOUT TYPE PARAMS = fun <T> setOf(element: RegexOption): Set<RegexOption> = TODO()
2021-03-11 22:25:32,495 [main:302] - generating value of type = RegexOption false depth = 6
2021-03-11 22:25:32,498 [main:95] - GENERATED = setOf<RegexOption>(kotlin.text.RegexOption.MULTILINE)
2021-03-11 22:25:32,499 [main:95] - GENERATED = Regex("ezuhw", setOf<RegexOption>(kotlin.text.RegexOption.MULTILINE))
2021-03-11 22:25:32,604 [main:302] - generating value of type = String true depth = 0
2021-03-11 22:25:32,607 [main:117] - GENERATED CALL = (k).subSequence(285879622, 1863602769).replaceFirst(Regex("ezuhw", setOf<RegexOption>(kotlin.text.RegexOption.MULTILINE)), "hjqkj")
2021-03-11 22:25:32,607 [main:113] - Case = [public open val length: kotlin.Int defined in kotlin.String[DeserializedPropertyDescriptor@703a47b5], @kotlin.SinceKotlin public fun kotlin.Int.toString(radix: kotlin.Int): kotlin.String defined in kotlin.text[DeserializedSimpleFunctionDescriptor@6d34e2e1]]
2021-03-11 22:25:32,608 [main:149] - GENERATING call of type @kotlin.SinceKotlin public fun kotlin.Int.toString(radix: kotlin.Int): kotlin.String defined in kotlin.text[DeserializedSimpleFunctionDescriptor@6d34e2e1]
2021-03-11 22:25:32,701 [main:302] - generating value of type = Int true depth = 0
2021-03-11 22:25:32,703 [main:117] - GENERATED CALL = (k).length.toString(-51153133)
2021-03-11 22:25:32,703 [main:113] - Case = [public fun kotlin.String.take(n: kotlin.Int): kotlin.String defined in kotlin.text[DeserializedSimpleFunctionDescriptor@5a235a58]]
2021-03-11 22:25:32,703 [main:149] - GENERATING call of type public fun kotlin.String.take(n: kotlin.Int): kotlin.String defined in kotlin.text[DeserializedSimpleFunctionDescriptor@5a235a58]
2021-03-11 22:25:32,800 [main:302] - generating value of type = Int true depth = 0
2021-03-11 22:25:32,801 [main:117] - GENERATED CALL = (k).take(616633207)
2021-03-11 22:25:32,802 [main:113] - Case = [public open fun get(index: kotlin.Int): kotlin.Char defined in kotlin.String[DeserializedSimpleFunctionDescriptor@537b71e6], @kotlin.SinceKotlin @kotlin.ExperimentalStdlibApi public fun kotlin.Char.titlecase(): kotlin.String defined in kotlin.text[DeserializedSimpleFunctionDescriptor@2c1931f3]]
2021-03-11 22:25:32,802 [main:149] - GENERATING call of type public open fun get(index: kotlin.Int): kotlin.Char defined in kotlin.String[DeserializedSimpleFunctionDescriptor@537b71e6]
2021-03-11 22:25:32,923 [main:302] - generating value of type = Int true depth = 0
2021-03-11 22:25:32,924 [main:149] - GENERATING call of type @kotlin.SinceKotlin @kotlin.ExperimentalStdlibApi public fun kotlin.Char.titlecase(): kotlin.String defined in kotlin.text[DeserializedSimpleFunctionDescriptor@2c1931f3]
2021-03-11 22:25:32,925 [main:117] - GENERATED CALL = (k).get(150122083).titlecase()
2021-03-11 22:25:32,925 [main:113] - Case = [public open fun subSequence(startIndex: kotlin.Int, endIndex: kotlin.Int): kotlin.CharSequence defined in kotlin.String[DeserializedSimpleFunctionDescriptor@76cbc30e], @kotlin.internal.InlineOnly public inline fun kotlin.CharSequence.substring(startIndex: kotlin.Int, endIndex: kotlin.Int = ...): kotlin.String defined in kotlin.text[DeserializedSimpleFunctionDescriptor@68d60b67]]
2021-03-11 22:25:32,925 [main:149] - GENERATING call of type public open fun subSequence(startIndex: kotlin.Int, endIndex: kotlin.Int): kotlin.CharSequence defined in kotlin.String[DeserializedSimpleFunctionDescriptor@76cbc30e]
2021-03-11 22:25:33,029 [main:302] - generating value of type = Int true depth = 0
2021-03-11 22:25:33,118 [main:302] - generating value of type = Int true depth = 0
2021-03-11 22:25:33,119 [main:149] - GENERATING call of type @kotlin.internal.InlineOnly public inline fun kotlin.CharSequence.substring(startIndex: kotlin.Int, endIndex: kotlin.Int = ...): kotlin.String defined in kotlin.text[DeserializedSimpleFunctionDescriptor@68d60b67]
2021-03-11 22:25:33,210 [main:302] - generating value of type = Int true depth = 0
2021-03-11 22:25:33,314 [main:302] - generating value of type = Int true depth = 0
2021-03-11 22:25:33,315 [main:117] - GENERATED CALL = (k).subSequence(-733543301, -308503777).substring(879163845, 2113163848)
2021-03-11 22:25:33,315 [main:61] - replacement of X.B.value

 of type String is (k).substringBeforeLast('', value)
2021-03-11 22:25:33,406 [main:33] - Trying to replace Element(DOT_QUALIFIED_EXPRESSION) on Element(DOT_QUALIFIED_EXPRESSION)
2021-03-11 22:25:33,406 [main:66] - Compilation checking started
2021-03-11 22:25:33,771 [main:49] - Result = false
Text:
enum class X {
    B {
        val k = "K"

        inner class Inner {
            fun foo() = (X.B).name.replaceIndentByMargin(X.B.value, X.B.value) + k
        }

        val inner = Inner()

        val bmr = inner::foo

        override val value = bmr.invoke()
    };

    abstract val value: String
}

fun box() = (k).substringBeforeLast('', value)
2021-03-11 22:25:33,773 [main:53] - replacing ((X.B).name.replaceIndentByMargin(X.B.value, X.B.value) + k, String)
2021-03-11 22:25:33,774 [main:50] - replacing (X.B).name.replaceIndentByMargin(X.B.value, X.B.value) + k String
2021-03-11 22:25:33,774 [main:54] - Getting value of type String
2021-03-11 22:25:33,869 [main:302] - generating value of type = String true depth = 0
2021-03-11 22:25:33,870 [main:58] - GENERATED VALUE OF TYPE String = "ntvfs"
2021-03-11 22:25:33,870 [main:61] - GENERATED IS CALL =false
2021-03-11 22:25:33,871 [main:67] - randomType = X
2021-03-11 22:25:33,974 [main:302] - generating value of type = X false depth = 0
2021-03-11 22:25:33,975 [main:112] - generating klass X text = enum class X {
    B {
        val k = "K"

        inner class Inner {
            fun foo() = (X.B).name.replaceIndentByMargin(X.B.value, X.B.value) + k
        }

        val inner = Inner()

        val bmr = inner::foo

        override val value = bmr.invoke()
    };

    abstract val value: String
}
2021-03-11 22:25:34,018 [main:149] - GENERATING call of type public inline fun kotlin.String.takeLastWhile(predicate: (kotlin.Char) -> kotlin.Boolean): kotlin.String defined in kotlin.text[DeserializedSimpleFunctionDescriptor@65e661b1]
2021-03-11 22:25:34,100 [main:302] - generating value of type = Function1<Char, Boolean> false depth = 0
2021-03-11 22:25:34,100 [main:302] - generating value of type = Boolean true depth = 1
2021-03-11 22:25:34,102 [main:78] - Generated call from random type = (X.B).name.takeLastWhile({a: Char -> true})
2021-03-11 22:25:34,102 [main:106] - GETTING String from String
2021-03-11 22:25:34,132 [main:113] - Case = [public fun kotlin.String.takeLast(n: kotlin.Int): kotlin.String defined in kotlin.text[DeserializedSimpleFunctionDescriptor@3f551177]]
2021-03-11 22:25:34,132 [main:149] - GENERATING call of type public fun kotlin.String.takeLast(n: kotlin.Int): kotlin.String defined in kotlin.text[DeserializedSimpleFunctionDescriptor@3f551177]
2021-03-11 22:25:34,217 [main:302] - generating value of type = Int true depth = 0
2021-03-11 22:25:34,218 [main:117] - GENERATED CALL = (k).takeLast(-854212029)
2021-03-11 22:25:34,218 [main:113] - Case = [public fun kotlin.String.substringBeforeLast(delimiter: kotlin.Char, missingDelimiterValue: kotlin.String = ...): kotlin.String defined in kotlin.text[DeserializedSimpleFunctionDescriptor@2fdd7467]]
2021-03-11 22:25:34,218 [main:149] - GENERATING call of type public fun kotlin.String.substringBeforeLast(delimiter: kotlin.Char, missingDelimiterValue: kotlin.String = ...): kotlin.String defined in kotlin.text[DeserializedSimpleFunctionDescriptor@2fdd7467]
2021-03-11 22:25:34,302 [main:302] - generating value of type = Char true depth = 0
2021-03-11 22:25:34,304 [main:117] - GENERATED CALL = (k).substringBeforeLast('౨', X.B.value)
2021-03-11 22:25:34,304 [main:113] - Case = [@kotlin.internal.InlineOnly public inline fun kotlin.String.trimStart(): kotlin.String defined in kotlin.text[DeserializedSimpleFunctionDescriptor@60169e0f]]
2021-03-11 22:25:34,304 [main:149] - GENERATING call of type @kotlin.internal.InlineOnly public inline fun kotlin.String.trimStart(): kotlin.String defined in kotlin.text[DeserializedSimpleFunctionDescriptor@60169e0f]
2021-03-11 22:25:34,305 [main:117] - GENERATED CALL = (k).trimStart()
2021-03-11 22:25:34,305 [main:113] - Case = [@kotlin.internal.InlineOnly public inline fun kotlin.String.concat(str: kotlin.String): kotlin.String defined in kotlin.text[DeserializedSimpleFunctionDescriptor@4725a193]]
2021-03-11 22:25:34,305 [main:149] - GENERATING call of type @kotlin.internal.InlineOnly public inline fun kotlin.String.concat(str: kotlin.String): kotlin.String defined in kotlin.text[DeserializedSimpleFunctionDescriptor@4725a193]
2021-03-11 22:25:34,306 [main:117] - GENERATED CALL = (k).concat(X.B.value)
2021-03-11 22:25:34,306 [main:113] - Case = [@kotlin.internal.InlineOnly public inline fun kotlin.String.removeRange(startIndex: kotlin.Int, endIndex: kotlin.Int): kotlin.String defined in kotlin.text[DeserializedSimpleFunctionDescriptor@2b57c338]]
2021-03-11 22:25:34,307 [main:149] - GENERATING call of type @kotlin.internal.InlineOnly public inline fun kotlin.String.removeRange(startIndex: kotlin.Int, endIndex: kotlin.Int): kotlin.String defined in kotlin.text[DeserializedSimpleFunctionDescriptor@2b57c338]
2021-03-11 22:25:34,389 [main:302] - generating value of type = Int true depth = 0
2021-03-11 22:25:34,481 [main:302] - generating value of type = Int true depth = 0
2021-03-11 22:25:34,482 [main:117] - GENERATED CALL = (k).removeRange(292786043, 1835213201)
2021-03-11 22:25:34,482 [main:113] - Case = [@kotlin.internal.InlineOnly public inline fun kotlin.String.trim(): kotlin.String defined in kotlin.text[DeserializedSimpleFunctionDescriptor@6fcf9c36]]
2021-03-11 22:25:34,482 [main:149] - GENERATING call of type @kotlin.internal.InlineOnly public inline fun kotlin.String.trim(): kotlin.String defined in kotlin.text[DeserializedSimpleFunctionDescriptor@6fcf9c36]
2021-03-11 22:25:34,483 [main:117] - GENERATED CALL = (k).trim()
2021-03-11 22:25:34,483 [main:113] - Case = [public inline fun kotlin.String.takeLastWhile(predicate: (kotlin.Char) -> kotlin.Boolean): kotlin.String defined in kotlin.text[DeserializedSimpleFunctionDescriptor@65e661b1]]
2021-03-11 22:25:34,483 [main:149] - GENERATING call of type public inline fun kotlin.String.takeLastWhile(predicate: (kotlin.Char) -> kotlin.Boolean): kotlin.String defined in kotlin.text[DeserializedSimpleFunctionDescriptor@65e661b1]
2021-03-11 22:25:34,581 [main:302] - generating value of type = Function1<Char, Boolean> false depth = 0
2021-03-11 22:25:34,582 [main:302] - generating value of type = Boolean true depth = 1
2021-03-11 22:25:34,583 [main:117] - GENERATED CALL = (k).takeLastWhile({a: Char -> false})
2021-03-11 22:25:34,584 [main:113] - Case = [public fun kotlin.String.replaceAfterLast(delimiter: kotlin.Char, replacement: kotlin.String, missingDelimiterValue: kotlin.String = ...): kotlin.String defined in kotlin.text[DeserializedSimpleFunctionDescriptor@7c00b119]]
2021-03-11 22:25:34,584 [main:149] - GENERATING call of type public fun kotlin.String.replaceAfterLast(delimiter: kotlin.Char, replacement: kotlin.String, missingDelimiterValue: kotlin.String = ...): kotlin.String defined in kotlin.text[DeserializedSimpleFunctionDescriptor@7c00b119]
2021-03-11 22:25:34,672 [main:302] - generating value of type = Char true depth = 0
2021-03-11 22:25:34,674 [main:117] - GENERATED CALL = (k).replaceAfterLast('೼', k, k)
2021-03-11 22:25:34,674 [main:113] - Case = [public fun kotlin.String.replace(oldChar: kotlin.Char, newChar: kotlin.Char, ignoreCase: kotlin.Boolean = ...): kotlin.String defined in kotlin.text[DeserializedSimpleFunctionDescriptor@2e2b749c]]
2021-03-11 22:25:34,674 [main:149] - GENERATING call of type public fun kotlin.String.replace(oldChar: kotlin.Char, newChar: kotlin.Char, ignoreCase: kotlin.Boolean = ...): kotlin.String defined in kotlin.text[DeserializedSimpleFunctionDescriptor@2e2b749c]
2021-03-11 22:25:34,765 [main:302] - generating value of type = Char true depth = 0
2021-03-11 22:25:34,877 [main:302] - generating value of type = Char true depth = 0
2021-03-11 22:25:34,966 [main:302] - generating value of type = Boolean true depth = 0
2021-03-11 22:25:34,967 [main:117] - GENERATED CALL = (k).replace('庤', '匷', true)
2021-03-11 22:25:34,967 [main:113] - Case = [public fun kotlin.String.decapitalize(): kotlin.String defined in kotlin.text[DeserializedSimpleFunctionDescriptor@4140e149]]
2021-03-11 22:25:34,967 [main:149] - GENERATING call of type public fun kotlin.String.decapitalize(): kotlin.String defined in kotlin.text[DeserializedSimpleFunctionDescriptor@4140e149]
2021-03-11 22:25:34,968 [main:117] - GENERATED CALL = (k).decapitalize()
2021-03-11 22:25:34,968 [main:61] - replacement of (X.B).name.replaceIndentByMargin(X.B.value, X.B.value) + k of type String is (k).concat(X.B.value)
2021-03-11 22:25:35,055 [main:33] - Trying to replace Element(BINARY_EXPRESSION) on Element(DOT_QUALIFIED_EXPRESSION)
2021-03-11 22:25:35,055 [main:66] - Compilation checking started
2021-03-11 22:25:35,307 [main:49] - Result = false
Text:
enum class X {
    B {
        val k = "K"

        inner class Inner {
            fun foo() = (k).concat(X.B.value)
        }

        val inner = Inner()

        val bmr = inner::foo

        override val value = bmr.invoke()
    };

    abstract val value: String
}

fun box() = X.B.value


2021-03-11 22:25:35,309 [main:53] - replacing (X.B.value

, String)
2021-03-11 22:25:35,309 [main:50] - replacing X.B.value

 String
2021-03-11 22:25:35,309 [main:54] - Getting value of type String
2021-03-11 22:25:35,400 [main:302] - generating value of type = String true depth = 0
2021-03-11 22:25:35,400 [main:58] - GENERATED VALUE OF TYPE String = "ayddc"
2021-03-11 22:25:35,401 [main:61] - GENERATED IS CALL =false
2021-03-11 22:25:35,613 [main:67] - randomType = Int?
2021-03-11 22:25:35,697 [main:302] - generating value of type = Int true depth = 0
2021-03-11 22:25:35,830 [main:149] - GENERATING call of type public open fun toChar(): kotlin.Char defined in kotlin.Int[DeserializedSimpleFunctionDescriptor@43bb0f92]
2021-03-11 22:25:35,831 [main:149] - GENERATING call of type @kotlin.SinceKotlin @kotlin.ExperimentalStdlibApi @kotlin.internal.InlineOnly public inline fun kotlin.Char.uppercase(): kotlin.String defined in kotlin.text[DeserializedSimpleFunctionDescriptor@49dbe412]
2021-03-11 22:25:35,832 [main:78] - Generated call from random type = (-107666390)?.toChar().uppercase()
2021-03-11 22:25:35,833 [main:61] - replacement of X.B.value

 of type String is (-107666390)?.toChar().uppercase()
2021-03-11 22:25:35,919 [main:33] - Trying to replace Element(DOT_QUALIFIED_EXPRESSION) on Element(DOT_QUALIFIED_EXPRESSION)
2021-03-11 22:25:35,919 [main:66] - Compilation checking started
2021-03-11 22:25:36,462 [main:53] - Result = true
Text:
enum class X {
    B {
        val k = "K"

        inner class Inner {
            fun foo() = (X.B).name.replaceIndentByMargin(X.B.value, X.B.value) + k
        }

        val inner = Inner()

        val bmr = inner::foo

        override val value = bmr.invoke()
    };

    abstract val value: String
}

fun box() = (-107666390)?.toChar().uppercase()
2021-03-11 22:25:36,464 [main:53] - replacing (k, String)
2021-03-11 22:25:36,464 [main:50] - replacing k String
2021-03-11 22:25:36,464 [main:54] - Getting value of type String
2021-03-11 22:25:36,589 [main:302] - generating value of type = String true depth = 0
2021-03-11 22:25:36,589 [main:58] - GENERATED VALUE OF TYPE String = "kwspd"
2021-03-11 22:25:36,590 [main:61] - GENERATED IS CALL =false
2021-03-11 22:25:37,402 [main:67] - randomType = Triple<X?, Function2<Long?, Byte, ULong>, UByte>
2021-03-11 22:25:37,485 [main:302] - generating value of type = Triple<X?, Function2<Long?, Byte, ULong>, UByte> false depth = 0
2021-03-11 22:25:37,573 [main:43] - GENERATING CALL OF fun <A, B, C> Triple(first: X?, second: Function2<Long?, Byte, ULong>, third: UByte): Triple<X?, Function2<Long?, Byte, ULong>, UByte> = TODO()
2021-03-11 22:25:37,576 [main:61] - WITHOUT TYPE PARAMS = fun <A, B, C> Triple(first: X?, second: Function2<Long?, Byte, ULong>, third: UByte): Triple<X?, Function2<Long?, Byte, ULong>, UByte> = TODO()
2021-03-11 22:25:37,719 [main:302] - generating value of type = X false depth = 3
2021-03-11 22:25:37,719 [main:112] - generating klass X text = enum class X {
    B {
        val k = "K"

        inner class Inner {
            fun foo() = (X.B).name.replaceIndentByMargin(X.B.value, X.B.value) + k
        }

        val inner = Inner()

        val bmr = inner::foo

        override val value = bmr.invoke()
    };

    abstract val value: String
}
2021-03-11 22:25:37,720 [main:302] - generating value of type = Function2<Long?, Byte, ULong> false depth = 3
2021-03-11 22:25:37,720 [main:302] - generating value of type = ULong true depth = 4
2021-03-11 22:25:37,720 [main:302] - generating value of type = UByte true depth = 3
2021-03-11 22:25:37,722 [main:95] - GENERATED = Triple<X?, Function2<Long?, Byte, ULong>, UByte>(X.B, {a: Long?, b: Byte -> 8039080387194793215.toULong()}, 114.toUByte())
2021-03-11 22:25:37,760 [main:149] - GENERATING call of type @kotlin.SinceKotlin @kotlin.ExperimentalUnsignedTypes public fun kotlin.UByte.toString(radix: kotlin.Int): kotlin.String defined in kotlin.text[DeserializedSimpleFunctionDescriptor@7ba08b01]
2021-03-11 22:25:37,850 [main:302] - generating value of type = Int true depth = 0
2021-03-11 22:25:37,852 [main:78] - Generated call from random type = (Triple<X?, Function2<Long?, Byte, ULong>, UByte>(X.B, {a: Long?, b: Byte -> 8039080387194793215.toULong()}, 114.toUByte())).third.toString(1530388638)
2021-03-11 22:25:37,852 [main:106] - GETTING String from String
2021-03-11 22:25:37,883 [main:113] - Case = [@kotlin.internal.InlineOnly public inline fun kotlin.String.concat(str: kotlin.String): kotlin.String defined in kotlin.text[DeserializedSimpleFunctionDescriptor@4725a193]]
2021-03-11 22:25:37,883 [main:149] - GENERATING call of type @kotlin.internal.InlineOnly public inline fun kotlin.String.concat(str: kotlin.String): kotlin.String defined in kotlin.text[DeserializedSimpleFunctionDescriptor@4725a193]
2021-03-11 22:25:37,884 [main:117] - GENERATED CALL = (X.B.value).concat(X.B.value)
2021-03-11 22:25:37,884 [main:113] - Case = [public open fun get(index: kotlin.Int): kotlin.Char defined in kotlin.String[DeserializedSimpleFunctionDescriptor@537b71e6], @kotlin.SinceKotlin @kotlin.ExperimentalStdlibApi @kotlin.internal.InlineOnly public inline fun kotlin.Char.lowercase(): kotlin.String defined in kotlin.text[DeserializedSimpleFunctionDescriptor@75e759cd]]
2021-03-11 22:25:37,884 [main:149] - GENERATING call of type public open fun get(index: kotlin.Int): kotlin.Char defined in kotlin.String[DeserializedSimpleFunctionDescriptor@537b71e6]
2021-03-11 22:25:37,966 [main:302] - generating value of type = Int true depth = 0
2021-03-11 22:25:37,967 [main:149] - GENERATING call of type @kotlin.SinceKotlin @kotlin.ExperimentalStdlibApi @kotlin.internal.InlineOnly public inline fun kotlin.Char.lowercase(): kotlin.String defined in kotlin.text[DeserializedSimpleFunctionDescriptor@75e759cd]
2021-03-11 22:25:37,968 [main:117] - GENERATED CALL = (X.B.value).get(3015093).lowercase()
2021-03-11 22:25:37,968 [main:113] - Case = [@kotlin.SinceKotlin @kotlin.ExperimentalStdlibApi @kotlin.internal.InlineOnly public inline fun kotlin.String.uppercase(): kotlin.String defined in kotlin.text[DeserializedSimpleFunctionDescriptor@15136c9a]]
2021-03-11 22:25:37,968 [main:149] - GENERATING call of type @kotlin.SinceKotlin @kotlin.ExperimentalStdlibApi @kotlin.internal.InlineOnly public inline fun kotlin.String.uppercase(): kotlin.String defined in kotlin.text[DeserializedSimpleFunctionDescriptor@15136c9a]
2021-03-11 22:25:37,969 [main:117] - GENERATED CALL = (X.B.value).uppercase()
2021-03-11 22:25:37,969 [main:113] - Case = [@kotlin.internal.InlineOnly public inline fun kotlin.String.slice(indices: kotlin.collections.Iterable<kotlin.Int>): kotlin.String defined in kotlin.text[DeserializedSimpleFunctionDescriptor@36e1a2f]]
2021-03-11 22:25:37,969 [main:149] - GENERATING call of type @kotlin.internal.InlineOnly public inline fun kotlin.String.slice(indices: kotlin.collections.Iterable<kotlin.Int>): kotlin.String defined in kotlin.text[DeserializedSimpleFunctionDescriptor@36e1a2f]
2021-03-11 22:25:38,057 [main:302] - generating value of type = Iterable<Int> false depth = 0
2021-03-11 22:25:38,152 [main:43] - GENERATING CALL OF fun <T> listOfNotNull(element: Int): Iterable<Int> = TODO()
2021-03-11 22:25:38,154 [main:61] - WITHOUT TYPE PARAMS = fun <T> listOfNotNull(element: Int): Iterable<Int> = TODO()
2021-03-11 22:25:38,289 [main:302] - generating value of type = Int true depth = 3
2021-03-11 22:25:38,290 [main:95] - GENERATED = listOfNotNull<Int>(-749244895)
2021-03-11 22:25:38,291 [main:117] - GENERATED CALL = (X.B.value).slice(listOfNotNull<Int>(-749244895))
2021-03-11 22:25:38,291 [main:113] - Case = [@kotlin.SinceKotlin @kotlin.ExperimentalStdlibApi @kotlin.internal.InlineOnly public inline fun kotlin.String.lowercase(): kotlin.String defined in kotlin.text[DeserializedSimpleFunctionDescriptor@4aebd3b0]]
2021-03-11 22:25:38,291 [main:149] - GENERATING call of type @kotlin.SinceKotlin @kotlin.ExperimentalStdlibApi @kotlin.internal.InlineOnly public inline fun kotlin.String.lowercase(): kotlin.String defined in kotlin.text[DeserializedSimpleFunctionDescriptor@4aebd3b0]
2021-03-11 22:25:38,292 [main:117] - GENERATED CALL = (X.B.value).lowercase()
2021-03-11 22:25:38,292 [main:113] - Case = [public final operator fun plus(other: kotlin.Any?): kotlin.String defined in kotlin.String[DeserializedSimpleFunctionDescriptor@68801feb]]
2021-03-11 22:25:38,292 [main:149] - GENERATING call of type public final operator fun plus(other: kotlin.Any?): kotlin.String defined in kotlin.String[DeserializedSimpleFunctionDescriptor@68801feb]
2021-03-11 22:25:38,391 [main:302] - generating value of type = Any false depth = 0
2021-03-11 22:25:38,392 [main:117] - GENERATED CALL = (X.B.value).plus("gsxzh")
2021-03-11 22:25:38,392 [main:113] - Case = [@kotlin.internal.InlineOnly public inline fun kotlin.String.trimStart(): kotlin.String defined in kotlin.text[DeserializedSimpleFunctionDescriptor@60169e0f]]
2021-03-11 22:25:38,392 [main:149] - GENERATING call of type @kotlin.internal.InlineOnly public inline fun kotlin.String.trimStart(): kotlin.String defined in kotlin.text[DeserializedSimpleFunctionDescriptor@60169e0f]
2021-03-11 22:25:38,393 [main:117] - GENERATED CALL = (X.B.value).trimStart()
2021-03-11 22:25:38,393 [main:113] - Case = [public fun kotlin.String.replaceAfterLast(delimiter: kotlin.Char, replacement: kotlin.String, missingDelimiterValue: kotlin.String = ...): kotlin.String defined in kotlin.text[DeserializedSimpleFunctionDescriptor@7c00b119]]
2021-03-11 22:25:38,393 [main:149] - GENERATING call of type public fun kotlin.String.replaceAfterLast(delimiter: kotlin.Char, replacement: kotlin.String, missingDelimiterValue: kotlin.String = ...): kotlin.String defined in kotlin.text[DeserializedSimpleFunctionDescriptor@7c00b119]
2021-03-11 22:25:38,478 [main:302] - generating value of type = Char true depth = 0
2021-03-11 22:25:38,572 [main:302] - generating value of type = String true depth = 0
2021-03-11 22:25:38,573 [main:117] - GENERATED CALL = (X.B.value).replaceAfterLast('?', k, "ndoio")
2021-03-11 22:25:38,574 [main:113] - Case = [public fun kotlin.String.padEnd(length: kotlin.Int, padChar: kotlin.Char = ...): kotlin.String defined in kotlin.text[DeserializedSimpleFunctionDescriptor@18548614]]
2021-03-11 22:25:38,574 [main:149] - GENERATING call of type public fun kotlin.String.padEnd(length: kotlin.Int, padChar: kotlin.Char = ...): kotlin.String defined in kotlin.text[DeserializedSimpleFunctionDescriptor@18548614]
2021-03-11 22:25:38,685 [main:302] - generating value of type = Int true depth = 0
2021-03-11 22:25:38,799 [main:302] - generating value of type = Char true depth = 0
2021-03-11 22:25:38,801 [main:117] - GENERATED CALL = (X.B.value).padEnd(480251852, '霥')
2021-03-11 22:25:38,801 [main:113] - Case = [@kotlin.internal.InlineOnly public inline fun kotlin.String.removeRange(startIndex: kotlin.Int, endIndex: kotlin.Int): kotlin.String defined in kotlin.text[DeserializedSimpleFunctionDescriptor@2b57c338]]
2021-03-11 22:25:38,801 [main:149] - GENERATING call of type @kotlin.internal.InlineOnly public inline fun kotlin.String.removeRange(startIndex: kotlin.Int, endIndex: kotlin.Int): kotlin.String defined in kotlin.text[DeserializedSimpleFunctionDescriptor@2b57c338]
2021-03-11 22:25:38,892 [main:302] - generating value of type = Int true depth = 0
2021-03-11 22:25:38,977 [main:302] - generating value of type = Int true depth = 0
2021-03-11 22:25:38,978 [main:117] - GENERATED CALL = (X.B.value).removeRange(-500347068, 518012217)
2021-03-11 22:25:38,978 [main:61] - replacement of k of type String is X.B.value
2021-03-11 22:25:39,060 [main:33] - Trying to replace Element(REFERENCE_EXPRESSION) on Element(DOT_QUALIFIED_EXPRESSION)
2021-03-11 22:25:39,060 [main:66] - Compilation checking started
2021-03-11 22:25:39,469 [main:53] - Result = true
Text:
enum class X {
    B {
        val k = "K"

        inner class Inner {
            fun foo() = (X.B).name.replaceIndentByMargin(X.B.value, X.B.value) + X.B.value
        }

        val inner = Inner()

        val bmr = inner::foo

        override val value = bmr.invoke()
    };

    abstract val value: String
}

fun box() = (-107666390)?.toChar().uppercase()


2021-03-11 22:25:39,471 [main:53] - replacing (Inner(), Inner)
2021-03-11 22:25:39,471 [main:50] - replacing Inner() Inner
2021-03-11 22:25:39,471 [main:54] - Getting value of type Inner
2021-03-11 22:25:39,557 [main:302] - generating value of type = Inner false depth = 0
2021-03-11 22:25:39,558 [main:112] - generating klass Inner text = inner class Inner {
            fun foo() = (X.B).name.replaceIndentByMargin(X.B.value, X.B.value) + X.B.value
        }
2021-03-11 22:25:39,558 [main:58] - GENERATED VALUE OF TYPE Inner = 
2021-03-11 22:25:39,664 [main:67] - randomType = X?
2021-03-11 22:25:39,752 [main:302] - generating value of type = X false depth = 0
2021-03-11 22:25:39,753 [main:112] - generating klass X text = enum class X {
    B {
        val k = "K"

        inner class Inner {
            fun foo() = (X.B).name.replaceIndentByMargin(X.B.value, X.B.value) + X.B.value
        }

        val inner = Inner()

        val bmr = inner::foo

        override val value = bmr.invoke()
    };

    abstract val value: String
}
2021-03-11 22:25:39,792 [main:106] - GETTING Inner from String
2021-03-11 22:25:39,824 [main:106] - GETTING Inner from String
2021-03-11 22:25:39,825 [main:106] - GETTING Inner from Inner
2021-03-11 22:25:39,833 [main:61] - replacement of Inner() of type Inner is inner
2021-03-11 22:25:39,918 [main:33] - Trying to replace Element(CALL_EXPRESSION) on Element(REFERENCE_EXPRESSION)
2021-03-11 22:25:39,919 [main:66] - Compilation checking started
2021-03-11 22:25:40,188 [main:49] - Result = false
Text:
enum class X {
    B {
        val k = "K"

        inner class Inner {
            fun foo() = (X.B).name.replaceIndentByMargin(X.B.value, X.B.value) + X.B.value
        }

        val inner = inner

        val bmr = inner::foo

        override val value = bmr.invoke()
    };

    abstract val value: String
}

fun box() = (-107666390)?.toChar().uppercase()


2021-03-11 22:25:40,190 [main:53] - replacing (inner, Inner)
2021-03-11 22:25:40,190 [main:50] - replacing inner Inner
2021-03-11 22:25:40,190 [main:54] - Getting value of type Inner
2021-03-11 22:25:40,278 [main:302] - generating value of type = Inner false depth = 0
2021-03-11 22:25:40,279 [main:112] - generating klass Inner text = inner class Inner {
            fun foo() = (X.B).name.replaceIndentByMargin(X.B.value, X.B.value) + X.B.value
        }
2021-03-11 22:25:40,279 [main:58] - GENERATED VALUE OF TYPE Inner = 
2021-03-11 22:25:40,872 [main:67] - randomType = Map<Array<Double>, List<UByte>>
2021-03-11 22:25:40,873 [main:106] - GETTING Inner from String
2021-03-11 22:25:40,907 [main:106] - GETTING Inner from KFunction0<String>
2021-03-11 22:25:40,969 [main:106] - GETTING Inner from Inner
2021-03-11 22:25:40,980 [main:61] - replacement of inner of type Inner is inner
2021-03-11 22:25:41,076 [main:33] - Trying to replace Element(REFERENCE_EXPRESSION) on Element(REFERENCE_EXPRESSION)
2021-03-11 22:25:41,153 [main:119] - TRYING TO REPLACE CONSTANT 107666390
2021-03-11 22:25:41,235 [main:33] - Trying to replace Element(PREFIX_EXPRESSION) on Element(INTEGER_CONSTANT)
2021-03-11 22:25:41,235 [main:66] - Compilation checking started
2021-03-11 22:25:41,586 [main:53] - Result = true
Text:
enum class X {
    B {
        val k = "K"

        inner class Inner {
            fun foo() = (X.B).name.replaceIndentByMargin(X.B.value, X.B.value) + X.B.value
        }

        val inner = Inner()

        val bmr = inner::foo

        override val value = bmr.invoke()
    };

    abstract val value: String
}

fun box() = (107666390)?.toChar().uppercase()


2021-03-11 22:25:41,608 [main:41] - AFTER TRY 0 res = enum class X {
    B {
        val k = "K"

        inner class Inner {
            fun foo() = "O" + k
        }

        val inner = Inner()

        val bmr = inner::foo

        override val value = bmr.invoke()
    };

    abstract val value: String
}

fun box() = X.B.value
2021-03-11 22:25:41,760 [main:112] - generating klass X text = enum class X {
    B {
        val k = "K"

        inner class Inner {
            fun foo() = "O" + k
        }

        val inner = Inner()

        val bmr = inner::foo

        override val value = bmr.invoke()
    };

    abstract val value: String
}
2021-03-11 22:25:41,761 [main:112] - generating klass B text = B {
        val k = "K"

        inner class Inner {
            fun foo() = "O" + k
        }

        val inner = Inner()

        val bmr = inner::foo

        override val value = bmr.invoke()
    };
2021-03-11 22:25:41,761 [main:112] - generating klass Inner text = inner class Inner {
            fun foo() = "O" + k
        }
2021-03-11 22:25:41,936 [main:43] - Try №0
2021-03-11 22:25:43,204 [main:69] - Trying to insert inline fun fu1(x: () -> String) = x()
2021-03-11 22:25:43,285 [main:66] - Compilation checking started
2021-03-11 22:25:43,853 [main:103] - Trying to change 9 nodes
2021-03-11 22:25:43,853 [main:107] - replacing ({
            fu1 {
                Ty0::class.java.getName()
            }
        }, Function0<String>)
2021-03-11 22:25:43,853 [main:50] - replacing {
            fu1 {
                Ty0::class.java.getName()
            }
        } Function0<String>
2021-03-11 22:25:43,853 [main:54] - Getting value of type Function0<String>
2021-03-11 22:25:43,958 [main:302] - generating value of type = Function0<String> false depth = 0
2021-03-11 22:25:43,958 [main:302] - generating value of type = String true depth = 1
2021-03-11 22:25:43,958 [main:58] - GENERATED VALUE OF TYPE Function0<String> = { "zcpdz"}
2021-03-11 22:25:43,959 [main:61] - GENERATED IS CALL =false
2021-03-11 22:25:44,081 [main:67] - randomType = Map<X, String>
2021-03-11 22:25:44,084 [main:106] - GETTING Function0<String> from String
2021-03-11 22:25:44,116 [main:106] - GETTING Function0<String> from X
2021-03-11 22:25:44,140 [main:114] - replacement of {
            fu1 {
                Ty0::class.java.getName()
            }
        } of type Function0<String> is { "zcpdz"}
2021-03-11 22:25:44,219 [main:33] - Trying to replace LAMBDA_EXPRESSION on LAMBDA_EXPRESSION
2021-03-11 22:25:44,219 [main:66] - Compilation checking started
2021-03-11 22:25:44,569 [main:53] - Result = true
Text:
enum class X {
    B {
        val k = "K"

        inner class Inner {
            fun foo() = "O" + k
        }

        val inner = Inner()

        val bmr = inner::foo

        override val value = bmr.invoke()
    };

    abstract val value: String
}

fun box() = X.B.value

public inline fun <reified Ty0 : Any> fu0(): String? =
        { "zcpdz"}()

inline fun fu1(x: () -> String) = x()

class Kla0

fun box402(): String {
    return fu0<Kla0>()!!
}


2021-03-11 22:25:44,569 [main:107] - replacing (x(), String)
2021-03-11 22:25:44,569 [main:50] - replacing x() String
2021-03-11 22:25:44,570 [main:54] - Getting value of type String
2021-03-11 22:25:44,654 [main:302] - generating value of type = String true depth = 0
2021-03-11 22:25:44,654 [main:58] - GENERATED VALUE OF TYPE String = "coppn"
2021-03-11 22:25:44,655 [main:61] - GENERATED IS CALL =false
2021-03-11 22:25:44,655 [main:67] - randomType = X
2021-03-11 22:25:44,736 [main:302] - generating value of type = X false depth = 0
2021-03-11 22:25:44,736 [main:112] - generating klass X text = enum class X {
    B {
        val k = "K"

        inner class Inner {
            fun foo() = "O" + k
        }

        val inner = Inner()

        val bmr = inner::foo

        override val value = bmr.invoke()
    };

    abstract val value: String
}
2021-03-11 22:25:44,769 [main:149] - GENERATING call of type public fun kotlin.String.dropLast(n: kotlin.Int): kotlin.String defined in kotlin.text[DeserializedSimpleFunctionDescriptor@3533222f]
2021-03-11 22:25:44,858 [main:302] - generating value of type = Int true depth = 0
2021-03-11 22:25:44,859 [main:78] - Generated call from random type = (X.B).name.dropLast(1465244073)
2021-03-11 22:25:44,861 [main:106] - GETTING String from X
2021-03-11 22:25:44,895 [main:113] - Case = [public final val name: kotlin.String defined in kotlin.Enum[DeserializedPropertyDescriptor@681d255d], public inline fun kotlin.String.takeLastWhile(predicate: (kotlin.Char) -> kotlin.Boolean): kotlin.String defined in kotlin.text[DeserializedSimpleFunctionDescriptor@65e661b1]]
2021-03-11 22:25:44,895 [main:149] - GENERATING call of type public inline fun kotlin.String.takeLastWhile(predicate: (kotlin.Char) -> kotlin.Boolean): kotlin.String defined in kotlin.text[DeserializedSimpleFunctionDescriptor@65e661b1]
2021-03-11 22:25:44,977 [main:302] - generating value of type = Function1<Char, Boolean> false depth = 0
2021-03-11 22:25:44,977 [main:302] - generating value of type = Boolean true depth = 1
2021-03-11 22:25:44,979 [main:117] - GENERATED CALL = (X.B).name.takeLastWhile({a: Char -> false})
2021-03-11 22:25:44,979 [main:113] - Case = [public final val name: kotlin.String defined in kotlin.Enum[DeserializedPropertyDescriptor@681d255d], public fun kotlin.String.substringBeforeLast(delimiter: kotlin.Char, missingDelimiterValue: kotlin.String = ...): kotlin.String defined in kotlin.text[DeserializedSimpleFunctionDescriptor@2fdd7467]]
2021-03-11 22:25:44,979 [main:149] - GENERATING call of type public fun kotlin.String.substringBeforeLast(delimiter: kotlin.Char, missingDelimiterValue: kotlin.String = ...): kotlin.String defined in kotlin.text[DeserializedSimpleFunctionDescriptor@2fdd7467]
2021-03-11 22:25:45,084 [main:302] - generating value of type = Char true depth = 0
2021-03-11 22:25:45,085 [main:117] - GENERATED CALL = (X.B).name.substringBeforeLast('ꭲ', X.B.value)
2021-03-11 22:25:45,086 [main:113] - Case = [public abstract val value: kotlin.String defined in X[PropertyDescriptorImpl@7876b877], public fun kotlin.String.dropLast(n: kotlin.Int): kotlin.String defined in kotlin.text[DeserializedSimpleFunctionDescriptor@3533222f]]
2021-03-11 22:25:45,086 [main:149] - GENERATING call of type public fun kotlin.String.dropLast(n: kotlin.Int): kotlin.String defined in kotlin.text[DeserializedSimpleFunctionDescriptor@3533222f]
2021-03-11 22:25:45,189 [main:302] - generating value of type = Int true depth = 0
2021-03-11 22:25:45,190 [main:117] - GENERATED CALL = (X.B).value.dropLast(1076885008)
2021-03-11 22:25:45,190 [main:113] - Case = [public final val name: kotlin.String defined in kotlin.Enum[DeserializedPropertyDescriptor@681d255d], public inline fun kotlin.String.filterIndexed(predicate: (index: kotlin.Int, kotlin.Char) -> kotlin.Boolean): kotlin.String defined in kotlin.text[DeserializedSimpleFunctionDescriptor@9a9c3ad]]
2021-03-11 22:25:45,190 [main:149] - GENERATING call of type public inline fun kotlin.String.filterIndexed(predicate: (index: kotlin.Int, kotlin.Char) -> kotlin.Boolean): kotlin.String defined in kotlin.text[DeserializedSimpleFunctionDescriptor@9a9c3ad]
2021-03-11 22:25:45,308 [main:302] - generating value of type = Function2<[@kotlin.ParameterName] Int, Char, Boolean> false depth = 0
2021-03-11 22:25:45,308 [main:302] - generating value of type = Boolean true depth = 1
2021-03-11 22:25:45,309 [main:117] - GENERATED CALL = (X.B).name.filterIndexed({a: Int, b: Char -> true})
2021-03-11 22:25:45,309 [main:113] - Case = [public final val name: kotlin.String defined in kotlin.Enum[DeserializedPropertyDescriptor@681d255d], @kotlin.SinceKotlin @kotlin.ExperimentalStdlibApi @kotlin.internal.InlineOnly public inline fun kotlin.String.lowercase(): kotlin.String defined in kotlin.text[DeserializedSimpleFunctionDescriptor@4aebd3b0]]
2021-03-11 22:25:45,309 [main:149] - GENERATING call of type @kotlin.SinceKotlin @kotlin.ExperimentalStdlibApi @kotlin.internal.InlineOnly public inline fun kotlin.String.lowercase(): kotlin.String defined in kotlin.text[DeserializedSimpleFunctionDescriptor@4aebd3b0]
2021-03-11 22:25:45,310 [main:117] - GENERATED CALL = (X.B).name.lowercase()
2021-03-11 22:25:45,310 [main:113] - Case = [public abstract val value: kotlin.String defined in X[PropertyDescriptorImpl@7876b877], public fun kotlin.String.padEnd(length: kotlin.Int, padChar: kotlin.Char = ...): kotlin.String defined in kotlin.text[DeserializedSimpleFunctionDescriptor@18548614]]
2021-03-11 22:25:45,310 [main:149] - GENERATING call of type public fun kotlin.String.padEnd(length: kotlin.Int, padChar: kotlin.Char = ...): kotlin.String defined in kotlin.text[DeserializedSimpleFunctionDescriptor@18548614]
2021-03-11 22:25:45,406 [main:302] - generating value of type = Int true depth = 0
2021-03-11 22:25:45,482 [main:302] - generating value of type = Char true depth = 0
2021-03-11 22:25:45,483 [main:117] - GENERATED CALL = (X.B).value.padEnd(-1836560295, '빛')
2021-03-11 22:25:45,483 [main:113] - Case = [public abstract val value: kotlin.String defined in X[PropertyDescriptorImpl@7876b877], @kotlin.internal.InlineOnly public inline fun kotlin.String.concat(str: kotlin.String): kotlin.String defined in kotlin.text[DeserializedSimpleFunctionDescriptor@4725a193]]
2021-03-11 22:25:45,483 [main:149] - GENERATING call of type @kotlin.internal.InlineOnly public inline fun kotlin.String.concat(str: kotlin.String): kotlin.String defined in kotlin.text[DeserializedSimpleFunctionDescriptor@4725a193]
2021-03-11 22:25:45,567 [main:302] - generating value of type = String true depth = 0
2021-03-11 22:25:45,568 [main:117] - GENERATED CALL = (X.B).value.concat("odppe")
2021-03-11 22:25:45,569 [main:113] - Case = [public final val name: kotlin.String defined in kotlin.Enum[DeserializedPropertyDescriptor@681d255d], public inline fun kotlin.String.filterNot(predicate: (kotlin.Char) -> kotlin.Boolean): kotlin.String defined in kotlin.text[DeserializedSimpleFunctionDescriptor@35ec6ff7]]
2021-03-11 22:25:45,569 [main:149] - GENERATING call of type public inline fun kotlin.String.filterNot(predicate: (kotlin.Char) -> kotlin.Boolean): kotlin.String defined in kotlin.text[DeserializedSimpleFunctionDescriptor@35ec6ff7]
2021-03-11 22:25:45,656 [main:302] - generating value of type = Function1<Char, Boolean> false depth = 0
2021-03-11 22:25:45,656 [main:302] - generating value of type = Boolean true depth = 1
2021-03-11 22:25:45,657 [main:117] - GENERATED CALL = (X.B).name.filterNot({a: Char -> true})
2021-03-11 22:25:45,657 [main:113] - Case = [public abstract val value: kotlin.String defined in X[PropertyDescriptorImpl@7876b877], public inline fun kotlin.String.takeLastWhile(predicate: (kotlin.Char) -> kotlin.Boolean): kotlin.String defined in kotlin.text[DeserializedSimpleFunctionDescriptor@65e661b1]]
2021-03-11 22:25:45,658 [main:149] - GENERATING call of type public inline fun kotlin.String.takeLastWhile(predicate: (kotlin.Char) -> kotlin.Boolean): kotlin.String defined in kotlin.text[DeserializedSimpleFunctionDescriptor@65e661b1]
2021-03-11 22:25:45,742 [main:302] - generating value of type = Function1<Char, Boolean> false depth = 0
2021-03-11 22:25:45,743 [main:302] - generating value of type = Boolean true depth = 1
2021-03-11 22:25:45,744 [main:117] - GENERATED CALL = (X.B).value.takeLastWhile({a: Char -> true})
2021-03-11 22:25:45,744 [main:113] - Case = [public final val name: kotlin.String defined in kotlin.Enum[DeserializedPropertyDescriptor@681d255d], @kotlin.internal.InlineOnly public inline fun kotlin.String.substring(startIndex: kotlin.Int): kotlin.String defined in kotlin.text[DeserializedSimpleFunctionDescriptor@1e7b3952]]
2021-03-11 22:25:45,744 [main:149] - GENERATING call of type @kotlin.internal.InlineOnly public inline fun kotlin.String.substring(startIndex: kotlin.Int): kotlin.String defined in kotlin.text[DeserializedSimpleFunctionDescriptor@1e7b3952]
2021-03-11 22:25:45,823 [main:302] - generating value of type = Int true depth = 0
2021-03-11 22:25:45,824 [main:117] - GENERATED CALL = (X.B).name.substring(-1429612959)
2021-03-11 22:25:45,824 [main:114] - replacement of x() of type String is "coppn"
2021-03-11 22:25:45,902 [main:33] - Trying to replace Element(CALL_EXPRESSION) on Element(STRING_TEMPLATE)
2021-03-11 22:25:45,903 [main:66] - Compilation checking started
2021-03-11 22:25:46,292 [main:53] - Result = true
Text:
enum class X {
    B {
        val k = "K"

        inner class Inner {
            fun foo() = "O" + k
        }

        val inner = Inner()

        val bmr = inner::foo

        override val value = bmr.invoke()
    };

    abstract val value: String
}

fun box() = X.B.value

public inline fun <reified Ty0 : Any> fu0(): String? =
        { "zcpdz"}()

inline fun fu1(x: () -> String) = "coppn"

class Kla0

fun box402(): String {
    return fu0<Kla0>()!!
}


2021-03-11 22:25:46,292 [main:107] - replacing (fu0<Kla0>(), String?)
2021-03-11 22:25:46,292 [main:50] - replacing fu0<Kla0>() String?
2021-03-11 22:25:46,292 [main:54] - Getting value of type String?
2021-03-11 22:25:46,367 [main:302] - generating value of type = String true depth = 0
2021-03-11 22:25:46,368 [main:58] - GENERATED VALUE OF TYPE String? = "xfqqu"
2021-03-11 22:25:46,368 [main:61] - GENERATED IS CALL =false
2021-03-11 22:25:46,449 [main:67] - randomType = UInt
2021-03-11 22:25:46,526 [main:302] - generating value of type = UInt true depth = 0
2021-03-11 22:25:46,571 [main:149] - GENERATING call of type @kotlin.internal.InlineOnly public final inline fun toByte(): kotlin.Byte defined in kotlin.UInt[DeserializedSimpleFunctionDescriptor@4546f7ea]
2021-03-11 22:25:46,571 [main:149] - GENERATING call of type @kotlin.SinceKotlin @kotlin.internal.InlineOnly public inline fun kotlin.Byte.toString(radix: kotlin.Int): kotlin.String defined in kotlin.text[DeserializedSimpleFunctionDescriptor@33443e63]
2021-03-11 22:25:46,648 [main:302] - generating value of type = Int true depth = 0
2021-03-11 22:25:46,648 [main:78] - Generated call from random type = (61143760.toUInt()).toByte().toString(1171697573)
2021-03-11 22:25:46,648 [main:114] - replacement of fu0<Kla0>() of type String? is (61143760.toUInt()).toByte().toString(1171697573)
2021-03-11 22:25:46,723 [main:33] - Trying to replace Element(CALL_EXPRESSION) on Element(DOT_QUALIFIED_EXPRESSION)
2021-03-11 22:25:46,724 [main:66] - Compilation checking started
2021-03-11 22:25:47,054 [main:53] - Result = true
Text:
enum class X {
    B {
        val k = "K"

        inner class Inner {
            fun foo() = "O" + k
        }

        val inner = Inner()

        val bmr = inner::foo

        override val value = bmr.invoke()
    };

    abstract val value: String
}

fun box() = X.B.value

public inline fun <reified Ty0 : Any> fu0(): String? =
        { "zcpdz"}()

inline fun fu1(x: () -> String) = "coppn"

class Kla0

fun box402(): String {
    return (61143760.toUInt()).toByte().toString(1171697573)!!
}


2021-03-11 22:25:47,054 [main:107] - replacing ({ "zcpdz"}(), String)
2021-03-11 22:25:47,054 [main:50] - replacing { "zcpdz"}() String
2021-03-11 22:25:47,054 [main:54] - Getting value of type String
2021-03-11 22:25:47,142 [main:302] - generating value of type = String true depth = 0
2021-03-11 22:25:47,142 [main:58] - GENERATED VALUE OF TYPE String = "racip"
2021-03-11 22:25:47,142 [main:61] - GENERATED IS CALL =false
2021-03-11 22:25:47,322 [main:67] - randomType = Collection<UByte>
2021-03-11 22:25:47,323 [main:106] - GETTING String from X
2021-03-11 22:25:47,356 [main:113] - Case = [public abstract val value: kotlin.String defined in X[PropertyDescriptorImpl@7876b877], public fun kotlin.String.takeLast(n: kotlin.Int): kotlin.String defined in kotlin.text[DeserializedSimpleFunctionDescriptor@3f551177]]
2021-03-11 22:25:47,356 [main:149] - GENERATING call of type public fun kotlin.String.takeLast(n: kotlin.Int): kotlin.String defined in kotlin.text[DeserializedSimpleFunctionDescriptor@3f551177]
2021-03-11 22:25:47,466 [main:302] - generating value of type = Int true depth = 0
2021-03-11 22:25:47,467 [main:117] - GENERATED CALL = (X.B).value.takeLast(868046953)
2021-03-11 22:25:47,467 [main:113] - Case = [public abstract val value: kotlin.String defined in X[PropertyDescriptorImpl@7876b877], public fun kotlin.String.substringAfterLast(delimiter: kotlin.Char, missingDelimiterValue: kotlin.String = ...): kotlin.String defined in kotlin.text[DeserializedSimpleFunctionDescriptor@6b6be631]]
2021-03-11 22:25:47,467 [main:149] - GENERATING call of type public fun kotlin.String.substringAfterLast(delimiter: kotlin.Char, missingDelimiterValue: kotlin.String = ...): kotlin.String defined in kotlin.text[DeserializedSimpleFunctionDescriptor@6b6be631]
2021-03-11 22:25:47,548 [main:302] - generating value of type = Char true depth = 0
2021-03-11 22:25:47,549 [main:117] - GENERATED CALL = (X.B).value.substringAfterLast('ຶ', X.B.value)
2021-03-11 22:25:47,549 [main:113] - Case = [public abstract val value: kotlin.String defined in X[PropertyDescriptorImpl@7876b877], @kotlin.internal.InlineOnly public inline fun kotlin.String.concat(str: kotlin.String): kotlin.String defined in kotlin.text[DeserializedSimpleFunctionDescriptor@4725a193]]
2021-03-11 22:25:47,549 [main:149] - GENERATING call of type @kotlin.internal.InlineOnly public inline fun kotlin.String.concat(str: kotlin.String): kotlin.String defined in kotlin.text[DeserializedSimpleFunctionDescriptor@4725a193]
2021-03-11 22:25:47,549 [main:117] - GENERATED CALL = (X.B).value.concat(X.B.value)
2021-03-11 22:25:47,549 [main:113] - Case = [public final val name: kotlin.String defined in kotlin.Enum[DeserializedPropertyDescriptor@681d255d], public fun kotlin.String.replaceAfter(delimiter: kotlin.Char, replacement: kotlin.String, missingDelimiterValue: kotlin.String = ...): kotlin.String defined in kotlin.text[DeserializedSimpleFunctionDescriptor@3b2b6cee]]
2021-03-11 22:25:47,549 [main:149] - GENERATING call of type public fun kotlin.String.replaceAfter(delimiter: kotlin.Char, replacement: kotlin.String, missingDelimiterValue: kotlin.String = ...): kotlin.String defined in kotlin.text[DeserializedSimpleFunctionDescriptor@3b2b6cee]
2021-03-11 22:25:47,631 [main:302] - generating value of type = Char true depth = 0
2021-03-11 22:25:47,713 [main:302] - generating value of type = String true depth = 0
2021-03-11 22:25:47,714 [main:117] - GENERATED CALL = (X.B).name.replaceAfter('艬', X.B.value, "wyncw")
2021-03-11 22:25:47,714 [main:113] - Case = [public abstract val value: kotlin.String defined in X[PropertyDescriptorImpl@7876b877], @kotlin.internal.InlineOnly public inline fun kotlin.String.toUpperCase(): kotlin.String defined in kotlin.text[DeserializedSimpleFunctionDescriptor@31e2b18]]
2021-03-11 22:25:47,714 [main:149] - GENERATING call of type @kotlin.internal.InlineOnly public inline fun kotlin.String.toUpperCase(): kotlin.String defined in kotlin.text[DeserializedSimpleFunctionDescriptor@31e2b18]
2021-03-11 22:25:47,714 [main:117] - GENERATED CALL = (X.B).value.toUpperCase()
2021-03-11 22:25:47,714 [main:113] - Case = [public abstract val value: kotlin.String defined in X[PropertyDescriptorImpl@7876b877], public fun kotlin.String.replaceFirst(oldChar: kotlin.Char, newChar: kotlin.Char, ignoreCase: kotlin.Boolean = ...): kotlin.String defined in kotlin.text[DeserializedSimpleFunctionDescriptor@4e668f3d]]
2021-03-11 22:25:47,714 [main:149] - GENERATING call of type public fun kotlin.String.replaceFirst(oldChar: kotlin.Char, newChar: kotlin.Char, ignoreCase: kotlin.Boolean = ...): kotlin.String defined in kotlin.text[DeserializedSimpleFunctionDescriptor@4e668f3d]
2021-03-11 22:25:47,801 [main:302] - generating value of type = Char true depth = 0
2021-03-11 22:25:47,882 [main:302] - generating value of type = Char true depth = 0
2021-03-11 22:25:47,961 [main:302] - generating value of type = Boolean true depth = 0
2021-03-11 22:25:47,962 [main:117] - GENERATED CALL = (X.B).value.replaceFirst('艸', 'ﭫ', false)
2021-03-11 22:25:47,962 [main:113] - Case = [public final val name: kotlin.String defined in kotlin.Enum[DeserializedPropertyDescriptor@681d255d], public fun kotlin.String.replaceAfterLast(delimiter: kotlin.Char, replacement: kotlin.String, missingDelimiterValue: kotlin.String = ...): kotlin.String defined in kotlin.text[DeserializedSimpleFunctionDescriptor@7c00b119]]
2021-03-11 22:25:47,962 [main:149] - GENERATING call of type public fun kotlin.String.replaceAfterLast(delimiter: kotlin.Char, replacement: kotlin.String, missingDelimiterValue: kotlin.String = ...): kotlin.String defined in kotlin.text[DeserializedSimpleFunctionDescriptor@7c00b119]
2021-03-11 22:25:48,042 [main:302] - generating value of type = Char true depth = 0
2021-03-11 22:25:48,121 [main:302] - generating value of type = String true depth = 0
2021-03-11 22:25:48,122 [main:117] - GENERATED CALL = (X.B).name.replaceAfterLast('椡', "ejlfp", X.B.value)
2021-03-11 22:25:48,122 [main:113] - Case = [public final val name: kotlin.String defined in kotlin.Enum[DeserializedPropertyDescriptor@681d255d], public fun kotlin.String.padEnd(length: kotlin.Int, padChar: kotlin.Char = ...): kotlin.String defined in kotlin.text[DeserializedSimpleFunctionDescriptor@18548614]]
2021-03-11 22:25:48,122 [main:149] - GENERATING call of type public fun kotlin.String.padEnd(length: kotlin.Int, padChar: kotlin.Char = ...): kotlin.String defined in kotlin.text[DeserializedSimpleFunctionDescriptor@18548614]
2021-03-11 22:25:48,202 [main:302] - generating value of type = Int true depth = 0
2021-03-11 22:25:48,281 [main:302] - generating value of type = Char true depth = 0
2021-03-11 22:25:48,282 [main:117] - GENERATED CALL = (X.B).name.padEnd(1024574207, 'ꔻ')
2021-03-11 22:25:48,282 [main:113] - Case = [public abstract val value: kotlin.String defined in X[PropertyDescriptorImpl@7876b877], @kotlin.internal.InlineOnly public inline fun kotlin.String.removeRange(startIndex: kotlin.Int, endIndex: kotlin.Int): kotlin.String defined in kotlin.text[DeserializedSimpleFunctionDescriptor@2b57c338]]
2021-03-11 22:25:48,282 [main:149] - GENERATING call of type @kotlin.internal.InlineOnly public inline fun kotlin.String.removeRange(startIndex: kotlin.Int, endIndex: kotlin.Int): kotlin.String defined in kotlin.text[DeserializedSimpleFunctionDescriptor@2b57c338]
2021-03-11 22:25:48,390 [main:302] - generating value of type = Int true depth = 0
2021-03-11 22:25:48,513 [main:302] - generating value of type = Int true depth = 0
2021-03-11 22:25:48,513 [main:117] - GENERATED CALL = (X.B).value.removeRange(-1522677964, -998282962)
2021-03-11 22:25:48,514 [main:113] - Case = [public final val name: kotlin.String defined in kotlin.Enum[DeserializedPropertyDescriptor@681d255d], public fun kotlin.String.replaceBeforeLast(delimiter: kotlin.Char, replacement: kotlin.String, missingDelimiterValue: kotlin.String = ...): kotlin.String defined in kotlin.text[DeserializedSimpleFunctionDescriptor@4edbcdf4]]
2021-03-11 22:25:48,514 [main:149] - GENERATING call of type public fun kotlin.String.replaceBeforeLast(delimiter: kotlin.Char, replacement: kotlin.String, missingDelimiterValue: kotlin.String = ...): kotlin.String defined in kotlin.text[DeserializedSimpleFunctionDescriptor@4edbcdf4]
2021-03-11 22:25:48,593 [main:302] - generating value of type = Char true depth = 0
2021-03-11 22:25:48,594 [main:117] - GENERATED CALL = (X.B).name.replaceBeforeLast('ᵿ', X.B.value, X.B.value)
2021-03-11 22:25:48,594 [main:114] - replacement of { "zcpdz"}() of type String is (X.B).name.padEnd(1024574207, 'ꔻ')
2021-03-11 22:25:48,675 [main:33] - Trying to replace Element(CALL_EXPRESSION) on Element(DOT_QUALIFIED_EXPRESSION)
2021-03-11 22:25:48,675 [main:66] - Compilation checking started
2021-03-11 22:25:48,996 [main:53] - Result = true
Text:
enum class X {
    B {
        val k = "K"

        inner class Inner {
            fun foo() = "O" + k
        }

        val inner = Inner()

        val bmr = inner::foo

        override val value = bmr.invoke()
    };

    abstract val value: String
}

fun box() = X.B.value

public inline fun <reified Ty0 : Any> fu0(): String? =
        (X.B).name.padEnd(1024574207, 'ꔻ')

inline fun fu1(x: () -> String) = "coppn"

class Kla0

fun box402(): String {
    return (61143760.toUInt()).toByte().toString(1171697573)!!
}


2021-03-11 22:25:48,996 [main:107] - replacing ((61143760.toUInt()).toByte().toString(1171697573)!!, String)
2021-03-11 22:25:48,997 [main:50] - replacing (61143760.toUInt()).toByte().toString(1171697573)!! String
2021-03-11 22:25:48,997 [main:54] - Getting value of type String
2021-03-11 22:25:49,092 [main:302] - generating value of type = String true depth = 0
2021-03-11 22:25:49,092 [main:58] - GENERATED VALUE OF TYPE String = "udmxy"
2021-03-11 22:25:49,093 [main:61] - GENERATED IS CALL =false
2021-03-11 22:25:49,175 [main:67] - randomType = Kla0
2021-03-11 22:25:49,288 [main:302] - generating value of type = Kla0 false depth = 0
2021-03-11 22:25:49,289 [main:112] - generating klass Kla0 text = class Kla0
2021-03-11 22:25:49,295 [main:106] - GETTING String from X
2021-03-11 22:25:49,329 [main:113] - Case = [public abstract val value: kotlin.String defined in X[PropertyDescriptorImpl@7876b877], public fun kotlin.String.replaceFirst(oldChar: kotlin.Char, newChar: kotlin.Char, ignoreCase: kotlin.Boolean = ...): kotlin.String defined in kotlin.text[DeserializedSimpleFunctionDescriptor@4e668f3d]]
2021-03-11 22:25:49,329 [main:149] - GENERATING call of type public fun kotlin.String.replaceFirst(oldChar: kotlin.Char, newChar: kotlin.Char, ignoreCase: kotlin.Boolean = ...): kotlin.String defined in kotlin.text[DeserializedSimpleFunctionDescriptor@4e668f3d]
2021-03-11 22:25:49,413 [main:302] - generating value of type = Char true depth = 0
2021-03-11 22:25:49,498 [main:302] - generating value of type = Char true depth = 0
2021-03-11 22:25:49,579 [main:302] - generating value of type = Boolean true depth = 0
2021-03-11 22:25:49,579 [main:117] - GENERATED CALL = (X.B).value.replaceFirst('?', '踵', true)
2021-03-11 22:25:49,580 [main:113] - Case = [public abstract val value: kotlin.String defined in X[PropertyDescriptorImpl@7876b877]]
2021-03-11 22:25:49,580 [main:117] - GENERATED CALL = (X.B).value
2021-03-11 22:25:49,580 [main:113] - Case = [public final val name: kotlin.String defined in kotlin.Enum[DeserializedPropertyDescriptor@681d255d], public fun kotlin.String.replace(oldChar: kotlin.Char, newChar: kotlin.Char, ignoreCase: kotlin.Boolean = ...): kotlin.String defined in kotlin.text[DeserializedSimpleFunctionDescriptor@2e2b749c]]
2021-03-11 22:25:49,580 [main:149] - GENERATING call of type public fun kotlin.String.replace(oldChar: kotlin.Char, newChar: kotlin.Char, ignoreCase: kotlin.Boolean = ...): kotlin.String defined in kotlin.text[DeserializedSimpleFunctionDescriptor@2e2b749c]
2021-03-11 22:25:49,663 [main:302] - generating value of type = Char true depth = 0
2021-03-11 22:25:49,746 [main:302] - generating value of type = Char true depth = 0
2021-03-11 22:25:49,827 [main:302] - generating value of type = Boolean true depth = 0
2021-03-11 22:25:49,828 [main:117] - GENERATED CALL = (X.B).name.replace('Ჩ', '土', false)
2021-03-11 22:25:49,828 [main:113] - Case = [public abstract val value: kotlin.String defined in X[PropertyDescriptorImpl@7876b877], public fun kotlin.String.substringBefore(delimiter: kotlin.Char, missingDelimiterValue: kotlin.String = ...): kotlin.String defined in kotlin.text[DeserializedSimpleFunctionDescriptor@60d46ea9]]
2021-03-11 22:25:49,828 [main:149] - GENERATING call of type public fun kotlin.String.substringBefore(delimiter: kotlin.Char, missingDelimiterValue: kotlin.String = ...): kotlin.String defined in kotlin.text[DeserializedSimpleFunctionDescriptor@60d46ea9]
2021-03-11 22:25:49,909 [main:302] - generating value of type = Char true depth = 0
2021-03-11 22:25:49,910 [main:117] - GENERATED CALL = (X.B).value.substringBefore('䡟', X.B.value)
2021-03-11 22:25:49,910 [main:113] - Case = [public abstract val value: kotlin.String defined in X[PropertyDescriptorImpl@7876b877], public fun kotlin.String.trimMargin(marginPrefix: kotlin.String = ...): kotlin.String defined in kotlin.text[DeserializedSimpleFunctionDescriptor@773ebb6d]]
2021-03-11 22:25:49,910 [main:149] - GENERATING call of type public fun kotlin.String.trimMargin(marginPrefix: kotlin.String = ...): kotlin.String defined in kotlin.text[DeserializedSimpleFunctionDescriptor@773ebb6d]
2021-03-11 22:25:49,991 [main:302] - generating value of type = String true depth = 0
2021-03-11 22:25:49,992 [main:117] - GENERATED CALL = (X.B).value.trimMargin("tdtbr")
2021-03-11 22:25:49,992 [main:113] - Case = [public abstract val value: kotlin.String defined in X[PropertyDescriptorImpl@7876b877], public fun kotlin.String.take(n: kotlin.Int): kotlin.String defined in kotlin.text[DeserializedSimpleFunctionDescriptor@5a235a58]]
2021-03-11 22:25:49,992 [main:149] - GENERATING call of type public fun kotlin.String.take(n: kotlin.Int): kotlin.String defined in kotlin.text[DeserializedSimpleFunctionDescriptor@5a235a58]
2021-03-11 22:25:50,095 [main:302] - generating value of type = Int true depth = 0
2021-03-11 22:25:50,096 [main:117] - GENERATED CALL = (X.B).value.take(735033601)
2021-03-11 22:25:50,096 [main:113] - Case = [public final val name: kotlin.String defined in kotlin.Enum[DeserializedPropertyDescriptor@681d255d], public fun kotlin.String.substringBefore(delimiter: kotlin.Char, missingDelimiterValue: kotlin.String = ...): kotlin.String defined in kotlin.text[DeserializedSimpleFunctionDescriptor@60d46ea9]]
2021-03-11 22:25:50,096 [main:149] - GENERATING call of type public fun kotlin.String.substringBefore(delimiter: kotlin.Char, missingDelimiterValue: kotlin.String = ...): kotlin.String defined in kotlin.text[DeserializedSimpleFunctionDescriptor@60d46ea9]
2021-03-11 22:25:50,201 [main:302] - generating value of type = Char true depth = 0
2021-03-11 22:25:50,202 [main:117] - GENERATED CALL = (X.B).name.substringBefore('ხ', X.B.value)
2021-03-11 22:25:50,202 [main:113] - Case = [public final val name: kotlin.String defined in kotlin.Enum[DeserializedPropertyDescriptor@681d255d], public fun kotlin.String.substringAfter(delimiter: kotlin.Char, missingDelimiterValue: kotlin.String = ...): kotlin.String defined in kotlin.text[DeserializedSimpleFunctionDescriptor@3c527485]]
2021-03-11 22:25:50,202 [main:149] - GENERATING call of type public fun kotlin.String.substringAfter(delimiter: kotlin.Char, missingDelimiterValue: kotlin.String = ...): kotlin.String defined in kotlin.text[DeserializedSimpleFunctionDescriptor@3c527485]
2021-03-11 22:25:50,284 [main:302] - generating value of type = Char true depth = 0
2021-03-11 22:25:50,285 [main:117] - GENERATED CALL = (X.B).name.substringAfter('軯', X.B.value)
2021-03-11 22:25:50,286 [main:113] - Case = [public final val name: kotlin.String defined in kotlin.Enum[DeserializedPropertyDescriptor@681d255d], public inline fun kotlin.String.filter(predicate: (kotlin.Char) -> kotlin.Boolean): kotlin.String defined in kotlin.text[DeserializedSimpleFunctionDescriptor@d4b2b2a]]
2021-03-11 22:25:50,286 [main:149] - GENERATING call of type public inline fun kotlin.String.filter(predicate: (kotlin.Char) -> kotlin.Boolean): kotlin.String defined in kotlin.text[DeserializedSimpleFunctionDescriptor@d4b2b2a]
2021-03-11 22:25:50,369 [main:302] - generating value of type = Function1<Char, Boolean> false depth = 0
2021-03-11 22:25:50,370 [main:302] - generating value of type = Boolean true depth = 1
2021-03-11 22:25:50,371 [main:117] - GENERATED CALL = (X.B).name.filter({a: Char -> false})
2021-03-11 22:25:50,371 [main:113] - Case = [public final val name: kotlin.String defined in kotlin.Enum[DeserializedPropertyDescriptor@681d255d], public inline fun kotlin.String.filterIndexed(predicate: (index: kotlin.Int, kotlin.Char) -> kotlin.Boolean): kotlin.String defined in kotlin.text[DeserializedSimpleFunctionDescriptor@9a9c3ad]]
2021-03-11 22:25:50,371 [main:149] - GENERATING call of type public inline fun kotlin.String.filterIndexed(predicate: (index: kotlin.Int, kotlin.Char) -> kotlin.Boolean): kotlin.String defined in kotlin.text[DeserializedSimpleFunctionDescriptor@9a9c3ad]
2021-03-11 22:25:50,458 [main:302] - generating value of type = Function2<[@kotlin.ParameterName] Int, Char, Boolean> false depth = 0
2021-03-11 22:25:50,458 [main:302] - generating value of type = Boolean true depth = 1
2021-03-11 22:25:50,459 [main:117] - GENERATED CALL = (X.B).name.filterIndexed({a: Int, b: Char -> false})
2021-03-11 22:25:50,459 [main:114] - replacement of (61143760.toUInt()).toByte().toString(1171697573)!! of type String is (X.B).name.replace('Ჩ', '土', false)
2021-03-11 22:25:50,538 [main:33] - Trying to replace Element(POSTFIX_EXPRESSION) on Element(DOT_QUALIFIED_EXPRESSION)
2021-03-11 22:25:50,539 [main:66] - Compilation checking started
2021-03-11 22:25:50,865 [main:53] - Result = true
Text:
enum class X {
    B {
        val k = "K"

        inner class Inner {
            fun foo() = "O" + k
        }

        val inner = Inner()

        val bmr = inner::foo

        override val value = bmr.invoke()
    };

    abstract val value: String
}

fun box() = X.B.value

public inline fun <reified Ty0 : Any> fu0(): String? =
        (X.B).name.padEnd(1024574207, 'ꔻ')

inline fun fu1(x: () -> String) = "coppn"

class Kla0

fun box402(): String {
    return (X.B).name.replace('Ჩ', '土', false)
}


2021-03-11 22:25:50,944 [main:141] - TRYING TO REPLACE CONSTANT 1024574207
2021-03-11 22:25:51,019 [main:33] - Trying to replace Element(INTEGER_CONSTANT) on Element(INTEGER_CONSTANT)
2021-03-11 22:25:51,020 [main:66] - Compilation checking started
2021-03-11 22:25:51,315 [main:141] - TRYING TO REPLACE CONSTANT 'ꔻ'
2021-03-11 22:25:51,396 [main:33] - Trying to replace Element(CHARACTER_CONSTANT) on Element(CHARACTER_CONSTANT)
2021-03-11 22:25:51,397 [main:66] - Compilation checking started
2021-03-11 22:25:51,677 [main:53] - Result = true
Text:
enum class X {
    B {
        val k = "K"

        inner class Inner {
            fun foo() = "O" + k
        }

        val inner = Inner()

        val bmr = inner::foo

        override val value = bmr.invoke()
    };

    abstract val value: String
}

fun box() = X.B.value

public inline fun <reified Ty0 : Any> fu0(): String? =
        (X.B).name.padEnd(1024574207, 'Ჩ')

inline fun fu1(x: () -> String) = "coppn"

class Kla0

fun box402(): String {
    return (X.B).name.replace('Ჩ', '土', false)
}


2021-03-11 22:25:51,677 [main:141] - TRYING TO REPLACE CONSTANT 'Ჩ'
2021-03-11 22:25:51,779 [main:33] - Trying to replace Element(CHARACTER_CONSTANT) on Element(CHARACTER_CONSTANT)
2021-03-11 22:25:51,779 [main:66] - Compilation checking started
2021-03-11 22:25:52,072 [main:53] - Result = true
Text:
enum class X {
    B {
        val k = "K"

        inner class Inner {
            fun foo() = "O" + k
        }

        val inner = Inner()

        val bmr = inner::foo

        override val value = bmr.invoke()
    };

    abstract val value: String
}

fun box() = X.B.value

public inline fun <reified Ty0 : Any> fu0(): String? =
        (X.B).name.padEnd(1024574207, 'Ჩ')

inline fun fu1(x: () -> String) = "coppn"

class Kla0

fun box402(): String {
    return (X.B).name.replace('ꔻ', '土', false)
}


2021-03-11 22:25:52,072 [main:141] - TRYING TO REPLACE CONSTANT '土'
2021-03-11 22:25:52,159 [main:33] - Trying to replace Element(CHARACTER_CONSTANT) on Element(CHARACTER_CONSTANT)
2021-03-11 22:25:52,159 [main:66] - Compilation checking started
2021-03-11 22:25:52,435 [main:141] - TRYING TO REPLACE CONSTANT false
2021-03-11 22:25:52,534 [main:33] - Trying to replace Element(BOOLEAN_CONSTANT) on Element(BOOLEAN_CONSTANT)
2021-03-11 22:25:52,534 [main:66] - Compilation checking started
2021-03-11 22:25:52,839 [main:41] - AFTER TRY 1 res = enum class X {
    B {
        val k = "K"

        inner class Inner {
            fun foo() = "O" + k
        }

        val inner = Inner()

        val bmr = inner::foo

        override val value = bmr.invoke()
    };

    abstract val value: String
}

fun box() = X.B.value

public inline fun <reified Ty0 : Any> fu0(): String? =
        (X.B).name.padEnd(1024574207, 'Ჩ')

inline fun fu1(x: () -> String) = "coppn"

class Kla0

fun box402(): String {
    return (X.B).name.replace('ꔻ', '土', false)
}


2021-03-11 22:25:53,022 [main:112] - generating klass X text = enum class X {
    B {
        val k = "K"

        inner class Inner {
            fun foo() = "O" + k
        }

        val inner = Inner()

        val bmr = inner::foo

        override val value = bmr.invoke()
    };

    abstract val value: String
}
2021-03-11 22:25:53,022 [main:112] - generating klass Kla0 text = class Kla0
2021-03-11 22:25:53,022 [main:112] - generating klass B text = B {
        val k = "K"

        inner class Inner {
            fun foo() = "O" + k
        }

        val inner = Inner()

        val bmr = inner::foo

        override val value = bmr.invoke()
    };
2021-03-11 22:25:53,023 [main:112] - generating klass Inner text = inner class Inner {
            fun foo() = "O" + k
        }
2021-03-11 22:25:53,178 [main:43] - GENERATING CALL OF public inline fun <reified Ty0 : Any> fu0(): String? =
        (X.B).name.padEnd(1024574207, 'Ჩ')
2021-03-11 22:25:53,180 [main:61] - WITHOUT TYPE PARAMS = public inline fun <reified Ty0 : Any> fu0(): String? =
        (X.B).name.padEnd(1024574207, 'Ჩ')
2021-03-11 22:25:53,257 [main:95] - GENERATED = fu0<Char>()
2021-03-11 22:25:53,332 [main:43] - GENERATING CALL OF inline fun fu1(x: () -> String) = "coppn"
2021-03-11 22:25:53,333 [main:61] - WITHOUT TYPE PARAMS = inline fun fu1(x: () -> String) = "coppn"
2021-03-11 22:25:53,562 [main:302] - generating value of type = Function0<String> false depth = 1
2021-03-11 22:25:53,562 [main:302] - generating value of type = String true depth = 2
2021-03-11 22:25:53,563 [main:95] - GENERATED = fu1({ "fwvuq"})
2021-03-11 22:25:53,652 [main:43] - Try №1
