2021-03-12 03:55:49,723 [main:24] - Name = /home/stepanov/Kotlin/bbfgradle/tmp/arrays/kt8666.kt
2021-03-12 03:55:53,808 [main:53] - Start to mutate
2021-03-12 03:55:53,808 [main:54] - BEFORE = val MAX_LONG = "9223372036854775807"
val PREFIX = "max = "

fun box(): String {
    if (MAX_LONG != "${Long.MAX_VALUE}") return "fail template"
    if (MAX_LONG != "" + Long.MAX_VALUE) return "fail \"\" +"
    if (MAX_LONG != "".plus(Long.MAX_VALUE)) return "fail \"\".plus"
    if (MAX_LONG != (String::plus)("", Long.MAX_VALUE)) return "fail String::plus"
    if (MAX_LONG != (""::plus)(Long.MAX_VALUE)) return "fail \"\"::plus"

    if (PREFIX + MAX_LONG != "max = ${Long.MAX_VALUE}") return "fail template with prefix"
    if (PREFIX + MAX_LONG != PREFIX + Long.MAX_VALUE) return "fail \"$PREFIX\" +"
    if (PREFIX + MAX_LONG != PREFIX.plus(Long.MAX_VALUE)) return "fail \"$PREFIX\".plus"
    if (PREFIX + MAX_LONG != (String::plus)(PREFIX, Long.MAX_VALUE)) return "fail String::plus($PREFIX, ...)"
    if (PREFIX + MAX_LONG != (PREFIX::plus)(Long.MAX_VALUE)) return "fail \"$PREFIX\"::plus"

    return "OK"
}
2021-03-12 03:55:54,683 [main:40] - Mutation of tmp/tmp0.kt started
2021-03-12 03:55:55,125 [main:19] - Cur transformation AddDefaultValueToArg
2021-03-12 03:55:55,307 [main:19] - Cur transformation LocalTCE
2021-03-12 03:57:19,928 [main:19] - Cur transformation AddReificationToTypeParam
2021-03-12 03:57:19,937 [main:19] - Cur transformation TCETransformation
