2021-03-12 05:13:38,248 [main:24] - Name = /home/stepanov/Kotlin/bbfgradle/tmp/arrays/checkCastToInlineClass.kt
2021-03-12 05:13:42,062 [main:53] - Start to mutate
2021-03-12 05:13:42,062 [main:54] - BEFORE = inline class UInt(val s: Int)

fun test(a1: Any, a2: UInt?, a3: Any?, a4: Any?): Int {
    val b1 = a1 as UInt
    val b2 = a2 as UInt
    val b3 = (a3 as UInt?) as UInt
    val b4 = (a4 as? UInt) as UInt
    return b1.s + b2.s + b3.s + b4.s
}

fun box(): String {
    val u1 = UInt(1)
    val u2 = UInt(2)
    if (test(u1, u2, u1, u2) != 6) return "fail"

    return "OK"
}
2021-03-12 05:13:42,987 [main:40] - Mutation of tmp/tmp0.kt started
2021-03-12 05:13:43,350 [main:19] - Cur transformation AddDefaultValueToArg
2021-03-12 05:13:48,088 [main:19] - Cur transformation LocalTCE
2021-03-12 05:14:18,637 [main:19] - Cur transformation AddReificationToTypeParam
2021-03-12 05:14:18,644 [main:19] - Cur transformation TCETransformation
