2021-03-12 02:30:01,251 [main:24] - Name = /home/stepanov/Kotlin/bbfgradle/tmp/arrays/kt2060.kt
2021-03-12 02:30:05,989 [main:53] - Start to mutate
2021-03-12 02:30:05,989 [main:54] - BEFORE = 

public class HelloServer() : ClassWithInternals() {
    public override fun start() {
        val test = foo() + someGetter //+ some
    }
}

fun box() : String {
    HelloServer().start()
    return "OK"
}

// There is no error if both files are in default package

public abstract class ClassWithInternals {
   protected var some: Int = 0;
   protected var someGetter: Int = 0
      get() = 5

   protected fun foo() : Int = 0

   public abstract fun start() : Unit;
}


2021-03-12 02:30:06,430 [main:40] - Mutation of tmp/tmp0.kt started
2021-03-12 02:30:06,708 [main:19] - Cur transformation AddDefaultValueToArg
2021-03-12 02:30:06,827 [main:19] - Cur transformation LocalTCE
2021-03-12 02:30:11,399 [main:19] - Cur transformation AddReificationToTypeParam
2021-03-12 02:30:11,408 [main:19] - Cur transformation TCETransformation
2021-03-12 02:35:02,763 [main:19] - Cur transformation ChangeRandomASTNodesFromAnotherTrees
2021-03-12 02:38:13,531 [main:19] - Cur transformation AddPossibleModifiers
2021-03-12 02:38:29,991 [main:19] - Cur transformation AddDefaultValueToArg
2021-03-12 02:38:51,427 [main:19] - Cur transformation ChangeTypes
2021-03-12 02:39:25,849 [main:19] - Cur transformation ChangeModifiers
2021-03-12 02:39:29,329 [main:19] - Cur transformation ChangeRandomASTNodesFromAnotherTrees
2021-03-12 02:42:05,773 [main:19] - Cur transformation AddDefaultValueToArg
2021-03-12 02:42:25,523 [main:19] - Cur transformation LocalTCE
2021-03-12 02:42:28,926 [main:19] - Cur transformation AddReificationToTypeParam
2021-03-12 02:42:28,932 [main:19] - Cur transformation TCETransformation
