2021-03-12 07:53:30,264 [main:24] - Name = /home/stepanov/Kotlin/bbfgradle/tmp/arrays/kt1726.kt
2021-03-12 07:53:33,911 [main:53] - Start to mutate
2021-03-12 07:53:33,912 [main:54] - BEFORE = class Foo(
        var state : Int,
        val f : (Int) -> Int){

    fun next() : Int {
        val nextState = f(state)
        state = nextState
        return state
    }
}

fun box(): String {
    val f = Foo(23, {x -> 2 * x})
    return if (f.next() == 46) "OK" else "fail"
}
2021-03-12 07:53:34,560 [main:40] - Mutation of tmp/tmp0.kt started
2021-03-12 07:53:34,895 [main:19] - Cur transformation AddDefaultValueToArg
2021-03-12 07:53:38,110 [main:19] - Cur transformation LocalTCE
2021-03-12 07:53:49,672 [main:19] - Cur transformation AddReificationToTypeParam
2021-03-12 07:53:49,681 [main:19] - Cur transformation TCETransformation
