2021-03-12 00:12:53,336 [main:24] - Name = /home/stepanov/Kotlin/bbfgradle/tmp/arrays/reversedThenStepThenReversedThenStep2.kt
2021-03-12 00:12:57,858 [main:53] - Start to mutate
2021-03-12 00:12:57,859 [main:54] - BEFORE = import kotlin.test.*

fun box(): String {
    val intList = mutableListOf<Int>()
    val intProgression = 1..10
    for (i in (intProgression.reversed() step 2).reversed() step 3) {
        intList += i
    }
    assertEquals(listOf(2, 5, 8), intList)

    val longList = mutableListOf<Long>()
    val longProgression = 1L..10L
    for (i in (longProgression.reversed() step 2L).reversed() step 3L) {
        longList += i
    }
    assertEquals(listOf(2L, 5L, 8L), longList)

    val charList = mutableListOf<Char>()
    val charProgression = 'a'..'j'
    for (i in (charProgression.reversed() step 2).reversed() step 3) {
        charList += i
    }
    assertEquals(listOf('b', 'e', 'h'), charList)

    return "OK"
}
2021-03-12 00:12:58,932 [main:40] - Mutation of tmp/tmp0.kt started
2021-03-12 00:12:59,425 [main:19] - Cur transformation AddDefaultValueToArg
2021-03-12 00:12:59,695 [main:19] - Cur transformation LocalTCE
2021-03-12 00:14:02,960 [main:19] - Cur transformation AddReificationToTypeParam
2021-03-12 00:14:02,967 [main:19] - Cur transformation TCETransformation
