2021-03-11 11:26:48,276 [main:24] - Name = /home/stepanov/Kotlin/bbfgradle/tmp/arrays/lambdaInPropertySetter.kt
2021-03-11 11:26:52,497 [main:53] - Start to mutate
2021-03-11 11:26:52,497 [main:54] - BEFORE = var _l: Any = ""

var l: Any
    get() = _l
    set(v) {
        _l = {}
    }

fun box(): String {
    l = "" // to invoke the setter

    val enclosingMethod = l.javaClass.getEnclosingMethod()
    if (enclosingMethod?.getName() != "setL") return "method: $enclosingMethod"

    val enclosingClass = l.javaClass.getEnclosingClass()!!.getName()
    if (enclosingClass != "LambdaInPropertySetterKt") return "enclosing class: $enclosingClass"

    val declaringClass = l.javaClass.getDeclaringClass()
    if (declaringClass != null) return "anonymous function has a declaring class: $declaringClass"

    return "OK"
}
2021-03-11 11:26:53,664 [main:40] - Mutation of tmp/tmp0.kt started
2021-03-11 11:26:54,044 [main:19] - Cur transformation AddDefaultValueToArg
2021-03-11 11:26:54,237 [main:19] - Cur transformation LocalTCE
2021-03-11 11:27:37,084 [main:19] - Cur transformation AddReificationToTypeParam
2021-03-11 11:27:37,091 [main:19] - Cur transformation TCETransformation
