2021-03-12 06:16:05,631 [main:24] - Name = /home/stepanov/Kotlin/bbfgradle/tmp/arrays/component.kt
2021-03-12 06:16:09,552 [main:53] - Start to mutate
2021-03-12 06:16:09,552 [main:54] - BEFORE = class S(val a: String, val b: String) {
  operator fun component1() : String = a
  operator fun component2() : String = b
}

operator fun S.component3() = ((a + b) as String).substring(2)

class Tester() {
  fun box() : String {
    val (o,k,ok,ok2) = S("O","K")
    return o + k + ok + ok2
  }

  operator fun S.component4() = ((a + b) as String).substring(2)
}

fun box() = Tester().box()
2021-03-12 06:16:10,313 [main:40] - Mutation of tmp/tmp0.kt started
2021-03-12 06:16:10,680 [main:19] - Cur transformation AddDefaultValueToArg
2021-03-12 06:16:16,875 [main:19] - Cur transformation LocalTCE
2021-03-12 06:16:55,430 [main:19] - Cur transformation AddReificationToTypeParam
2021-03-12 06:16:55,441 [main:19] - Cur transformation TCETransformation
