2021-03-12 12:20:44,979 [main:66] - Compilation checking started
2021-03-12 12:20:46,308 [main:112] - generating klass A text = class A {
        val result = "OK"
    }
2021-03-12 12:20:46,604 [main:45] - Trying to change 4 nodes
2021-03-12 12:20:46,607 [main:53] - replacing ("OK", String)
2021-03-12 12:20:46,607 [main:50] - replacing "OK" String
2021-03-12 12:20:46,607 [main:54] - Getting value of type String
2021-03-12 12:20:46,744 [main:302] - generating value of type = String true depth = 0
2021-03-12 12:20:46,748 [main:58] - GENERATED VALUE OF TYPE String = "zyrlu"
2021-03-12 12:20:46,749 [main:61] - GENERATED IS CALL =false
2021-03-12 12:20:47,387 [main:67] - randomType = Byte
2021-03-12 12:20:47,478 [main:302] - generating value of type = Byte true depth = 0
2021-03-12 12:20:47,629 [main:149] - GENERATING call of type public abstract fun toInt(): kotlin.Int defined in kotlin.Number[DeserializedSimpleFunctionDescriptor@302e1360]
2021-03-12 12:20:47,631 [main:149] - GENERATING call of type @kotlin.SinceKotlin public fun kotlin.Int.toString(radix: kotlin.Int): kotlin.String defined in kotlin.text[DeserializedSimpleFunctionDescriptor@18087347]
2021-03-12 12:20:47,768 [main:302] - generating value of type = Int true depth = 0
2021-03-12 12:20:47,772 [main:78] - Generated call from random type = (-54).toInt().toString(249421633)
2021-03-12 12:20:47,772 [main:106] - GETTING String from String
2021-03-12 12:20:47,837 [main:113] - Case = [@kotlin.internal.InlineOnly public inline fun kotlin.String.toUpperCase(): kotlin.String defined in kotlin.text[DeserializedSimpleFunctionDescriptor@f98d9b1]]
2021-03-12 12:20:47,837 [main:149] - GENERATING call of type @kotlin.internal.InlineOnly public inline fun kotlin.String.toUpperCase(): kotlin.String defined in kotlin.text[DeserializedSimpleFunctionDescriptor@f98d9b1]
2021-03-12 12:20:47,840 [main:117] - GENERATED CALL = (result).toUpperCase()
2021-03-12 12:20:47,840 [main:113] - Case = [public final operator fun plus(other: kotlin.Any?): kotlin.String defined in kotlin.String[DeserializedSimpleFunctionDescriptor@5bdd3b29]]
2021-03-12 12:20:47,840 [main:149] - GENERATING call of type public final operator fun plus(other: kotlin.Any?): kotlin.String defined in kotlin.String[DeserializedSimpleFunctionDescriptor@5bdd3b29]
2021-03-12 12:20:47,959 [main:302] - generating value of type = Any false depth = 0
2021-03-12 12:20:47,962 [main:117] - GENERATED CALL = (result).plus("mzuch")
2021-03-12 12:20:47,962 [main:113] - Case = [public fun kotlin.CharSequence.commonPrefixWith(other: kotlin.CharSequence, ignoreCase: kotlin.Boolean = ...): kotlin.String defined in kotlin.text[DeserializedSimpleFunctionDescriptor@5915534a]]
2021-03-12 12:20:47,962 [main:149] - GENERATING call of type public fun kotlin.CharSequence.commonPrefixWith(other: kotlin.CharSequence, ignoreCase: kotlin.Boolean = ...): kotlin.String defined in kotlin.text[DeserializedSimpleFunctionDescriptor@5915534a]
2021-03-12 12:20:48,076 [main:302] - generating value of type = CharSequence false depth = 0
2021-03-12 12:20:48,197 [main:302] - generating value of type = Boolean true depth = 0
2021-03-12 12:20:48,199 [main:117] - GENERATED CALL = (result).commonPrefixWith("wyqpl", false)
2021-03-12 12:20:48,200 [main:113] - Case = [public fun kotlin.String.replaceAfter(delimiter: kotlin.Char, replacement: kotlin.String, missingDelimiterValue: kotlin.String = ...): kotlin.String defined in kotlin.text[DeserializedSimpleFunctionDescriptor@31ef92a0]]
2021-03-12 12:20:48,200 [main:149] - GENERATING call of type public fun kotlin.String.replaceAfter(delimiter: kotlin.Char, replacement: kotlin.String, missingDelimiterValue: kotlin.String = ...): kotlin.String defined in kotlin.text[DeserializedSimpleFunctionDescriptor@31ef92a0]
2021-03-12 12:20:48,289 [main:302] - generating value of type = Char true depth = 0
2021-03-12 12:20:48,293 [main:117] - GENERATED CALL = (result).replaceAfter('岈', result, result)
2021-03-12 12:20:48,293 [main:113] - Case = [public fun kotlin.String.substringBeforeLast(delimiter: kotlin.Char, missingDelimiterValue: kotlin.String = ...): kotlin.String defined in kotlin.text[DeserializedSimpleFunctionDescriptor@51c8261f]]
2021-03-12 12:20:48,293 [main:149] - GENERATING call of type public fun kotlin.String.substringBeforeLast(delimiter: kotlin.Char, missingDelimiterValue: kotlin.String = ...): kotlin.String defined in kotlin.text[DeserializedSimpleFunctionDescriptor@51c8261f]
2021-03-12 12:20:48,382 [main:302] - generating value of type = Char true depth = 0
2021-03-12 12:20:48,385 [main:117] - GENERATED CALL = (result).substringBeforeLast('꼕', result)
2021-03-12 12:20:48,385 [main:113] - Case = [public open fun subSequence(startIndex: kotlin.Int, endIndex: kotlin.Int): kotlin.CharSequence defined in kotlin.String[DeserializedSimpleFunctionDescriptor@1878a144], @kotlin.internal.InlineOnly public inline fun kotlin.CharSequence.replaceFirst(regex: kotlin.text.Regex, replacement: kotlin.String): kotlin.String defined in kotlin.text[DeserializedSimpleFunctionDescriptor@39dcff06]]
2021-03-12 12:20:48,386 [main:149] - GENERATING call of type public open fun subSequence(startIndex: kotlin.Int, endIndex: kotlin.Int): kotlin.CharSequence defined in kotlin.String[DeserializedSimpleFunctionDescriptor@1878a144]
2021-03-12 12:20:48,479 [main:302] - generating value of type = Int true depth = 0
2021-03-12 12:20:48,568 [main:302] - generating value of type = Int true depth = 0
2021-03-12 12:20:48,569 [main:149] - GENERATING call of type @kotlin.internal.InlineOnly public inline fun kotlin.CharSequence.replaceFirst(regex: kotlin.text.Regex, replacement: kotlin.String): kotlin.String defined in kotlin.text[DeserializedSimpleFunctionDescriptor@39dcff06]
2021-03-12 12:20:48,658 [main:302] - generating value of type = Regex false depth = 0
2021-03-12 12:20:48,757 [main:43] - GENERATING CALL OF fun Regex(pattern: kotlin.String): Regex = TODO()
2021-03-12 12:20:48,761 [main:61] - WITHOUT TYPE PARAMS = fun Regex(pattern: kotlin.String): Regex = TODO()
2021-03-12 12:20:48,979 [main:302] - generating value of type = String true depth = 3
2021-03-12 12:20:48,980 [main:95] - GENERATED = Regex("pigds")
2021-03-12 12:20:48,981 [main:117] - GENERATED CALL = (result).subSequence(-531081444, 969911336).replaceFirst(Regex("pigds"), result)
2021-03-12 12:20:48,983 [main:113] - Case = [public inline fun kotlin.String.dropLastWhile(predicate: (kotlin.Char) -> kotlin.Boolean): kotlin.String defined in kotlin.text[DeserializedSimpleFunctionDescriptor@2cca0a50]]
2021-03-12 12:20:48,983 [main:149] - GENERATING call of type public inline fun kotlin.String.dropLastWhile(predicate: (kotlin.Char) -> kotlin.Boolean): kotlin.String defined in kotlin.text[DeserializedSimpleFunctionDescriptor@2cca0a50]
2021-03-12 12:20:49,064 [main:302] - generating value of type = Function1<Char, Boolean> false depth = 0
2021-03-12 12:20:49,064 [main:302] - generating value of type = Boolean true depth = 1
2021-03-12 12:20:49,068 [main:117] - GENERATED CALL = (result).dropLastWhile({a: Char -> true})
2021-03-12 12:20:49,068 [main:113] - Case = [@kotlin.internal.InlineOnly public inline fun kotlin.String.removeRange(startIndex: kotlin.Int, endIndex: kotlin.Int): kotlin.String defined in kotlin.text[DeserializedSimpleFunctionDescriptor@13ba8120]]
2021-03-12 12:20:49,069 [main:149] - GENERATING call of type @kotlin.internal.InlineOnly public inline fun kotlin.String.removeRange(startIndex: kotlin.Int, endIndex: kotlin.Int): kotlin.String defined in kotlin.text[DeserializedSimpleFunctionDescriptor@13ba8120]
2021-03-12 12:20:49,152 [main:302] - generating value of type = Int true depth = 0
2021-03-12 12:20:49,235 [main:302] - generating value of type = Int true depth = 0
2021-03-12 12:20:49,236 [main:117] - GENERATED CALL = (result).removeRange(-2086479591, 1024405803)
2021-03-12 12:20:49,237 [main:113] - Case = [public fun kotlin.String.replaceBefore(delimiter: kotlin.Char, replacement: kotlin.String, missingDelimiterValue: kotlin.String = ...): kotlin.String defined in kotlin.text[DeserializedSimpleFunctionDescriptor@492fbf58]]
2021-03-12 12:20:49,237 [main:149] - GENERATING call of type public fun kotlin.String.replaceBefore(delimiter: kotlin.Char, replacement: kotlin.String, missingDelimiterValue: kotlin.String = ...): kotlin.String defined in kotlin.text[DeserializedSimpleFunctionDescriptor@492fbf58]
2021-03-12 12:20:49,321 [main:302] - generating value of type = Char true depth = 0
2021-03-12 12:20:49,323 [main:117] - GENERATED CALL = (result).replaceBefore('㙊', result, result)
2021-03-12 12:20:49,323 [main:113] - Case = [public open fun subSequence(startIndex: kotlin.Int, endIndex: kotlin.Int): kotlin.CharSequence defined in kotlin.String[DeserializedSimpleFunctionDescriptor@1878a144], @kotlin.internal.InlineOnly public inline fun kotlin.CharSequence.substring(startIndex: kotlin.Int, endIndex: kotlin.Int = ...): kotlin.String defined in kotlin.text[DeserializedSimpleFunctionDescriptor@67568a87]]
2021-03-12 12:20:49,323 [main:149] - GENERATING call of type public open fun subSequence(startIndex: kotlin.Int, endIndex: kotlin.Int): kotlin.CharSequence defined in kotlin.String[DeserializedSimpleFunctionDescriptor@1878a144]
2021-03-12 12:20:49,425 [main:302] - generating value of type = Int true depth = 0
2021-03-12 12:20:49,505 [main:302] - generating value of type = Int true depth = 0
2021-03-12 12:20:49,506 [main:149] - GENERATING call of type @kotlin.internal.InlineOnly public inline fun kotlin.CharSequence.substring(startIndex: kotlin.Int, endIndex: kotlin.Int = ...): kotlin.String defined in kotlin.text[DeserializedSimpleFunctionDescriptor@67568a87]
2021-03-12 12:20:49,583 [main:302] - generating value of type = Int true depth = 0
2021-03-12 12:20:49,692 [main:302] - generating value of type = Int true depth = 0
2021-03-12 12:20:49,694 [main:117] - GENERATED CALL = (result).subSequence(880602989, -1231642741).substring(-1103011123, 1032986951)
2021-03-12 12:20:49,694 [main:61] - replacement of "OK" of type String is (result).replaceBefore('㙊', result, result)
2021-03-12 12:20:49,794 [main:33] - Trying to replace Element(STRING_TEMPLATE) on Element(DOT_QUALIFIED_EXPRESSION)
2021-03-12 12:20:49,795 [main:66] - Compilation checking started
2021-03-12 12:20:50,087 [main:49] - Result = false
Text:
fun box(): String {
    class A {
        val result = (result).replaceBefore('㙊', result, result)
    }

    return (::A)().result
}


2021-03-12 12:20:50,088 [main:53] - replacing ("OK", String)
2021-03-12 12:20:50,088 [main:50] - replacing "OK" String
2021-03-12 12:20:50,088 [main:54] - Getting value of type String
2021-03-12 12:20:50,172 [main:302] - generating value of type = String true depth = 0
2021-03-12 12:20:50,172 [main:58] - GENERATED VALUE OF TYPE String = "pqrvm"
2021-03-12 12:20:50,173 [main:61] - GENERATED IS CALL =false
2021-03-12 12:20:50,262 [main:67] - randomType = Double
2021-03-12 12:20:50,353 [main:302] - generating value of type = Double true depth = 0
2021-03-12 12:20:50,439 [main:149] - GENERATING call of type public final operator fun compareTo(other: kotlin.Byte): kotlin.Int defined in kotlin.Double[DeserializedSimpleFunctionDescriptor@4f405053]
2021-03-12 12:20:50,530 [main:302] - generating value of type = Byte true depth = 0
2021-03-12 12:20:50,531 [main:149] - GENERATING call of type @kotlin.SinceKotlin public fun kotlin.Int.toString(radix: kotlin.Int): kotlin.String defined in kotlin.text[DeserializedSimpleFunctionDescriptor@18087347]
2021-03-12 12:20:50,607 [main:302] - generating value of type = Int true depth = 0
2021-03-12 12:20:50,608 [main:78] - Generated call from random type = (0.408021152940202).compareTo(32).toString(1932029417)
2021-03-12 12:20:50,609 [main:106] - GETTING String from String
2021-03-12 12:20:50,642 [main:113] - Case = [public fun kotlin.String.trimMargin(marginPrefix: kotlin.String = ...): kotlin.String defined in kotlin.text[DeserializedSimpleFunctionDescriptor@c8d38de]]
2021-03-12 12:20:50,642 [main:149] - GENERATING call of type public fun kotlin.String.trimMargin(marginPrefix: kotlin.String = ...): kotlin.String defined in kotlin.text[DeserializedSimpleFunctionDescriptor@c8d38de]
2021-03-12 12:20:50,720 [main:302] - generating value of type = String true depth = 0
2021-03-12 12:20:50,722 [main:117] - GENERATED CALL = (result).trimMargin("fcjmh")
2021-03-12 12:20:50,722 [main:113] - Case = [public fun kotlin.CharSequence.commonSuffixWith(other: kotlin.CharSequence, ignoreCase: kotlin.Boolean = ...): kotlin.String defined in kotlin.text[DeserializedSimpleFunctionDescriptor@2f5ebba]]
2021-03-12 12:20:50,722 [main:149] - GENERATING call of type public fun kotlin.CharSequence.commonSuffixWith(other: kotlin.CharSequence, ignoreCase: kotlin.Boolean = ...): kotlin.String defined in kotlin.text[DeserializedSimpleFunctionDescriptor@2f5ebba]
2021-03-12 12:20:50,822 [main:302] - generating value of type = CharSequence false depth = 0
2021-03-12 12:20:50,919 [main:302] - generating value of type = Boolean true depth = 0
2021-03-12 12:20:50,922 [main:117] - GENERATED CALL = (result).commonSuffixWith("yyfhb", false)
2021-03-12 12:20:50,925 [main:113] - Case = [@kotlin.internal.InlineOnly public inline fun kotlin.String.toUpperCase(): kotlin.String defined in kotlin.text[DeserializedSimpleFunctionDescriptor@f98d9b1]]
2021-03-12 12:20:50,925 [main:149] - GENERATING call of type @kotlin.internal.InlineOnly public inline fun kotlin.String.toUpperCase(): kotlin.String defined in kotlin.text[DeserializedSimpleFunctionDescriptor@f98d9b1]
2021-03-12 12:20:50,926 [main:117] - GENERATED CALL = (result).toUpperCase()
2021-03-12 12:20:50,926 [main:113] - Case = [public fun kotlin.String.dropLast(n: kotlin.Int): kotlin.String defined in kotlin.text[DeserializedSimpleFunctionDescriptor@2a34a26a]]
2021-03-12 12:20:50,926 [main:149] - GENERATING call of type public fun kotlin.String.dropLast(n: kotlin.Int): kotlin.String defined in kotlin.text[DeserializedSimpleFunctionDescriptor@2a34a26a]
2021-03-12 12:20:51,004 [main:302] - generating value of type = Int true depth = 0
2021-03-12 12:20:51,005 [main:117] - GENERATED CALL = (result).dropLast(-1037402827)
2021-03-12 12:20:51,005 [main:113] - Case = [@kotlin.internal.InlineOnly public inline fun kotlin.String.removeRange(startIndex: kotlin.Int, endIndex: kotlin.Int): kotlin.String defined in kotlin.text[DeserializedSimpleFunctionDescriptor@13ba8120]]
2021-03-12 12:20:51,005 [main:149] - GENERATING call of type @kotlin.internal.InlineOnly public inline fun kotlin.String.removeRange(startIndex: kotlin.Int, endIndex: kotlin.Int): kotlin.String defined in kotlin.text[DeserializedSimpleFunctionDescriptor@13ba8120]
2021-03-12 12:20:51,088 [main:302] - generating value of type = Int true depth = 0
2021-03-12 12:20:51,189 [main:302] - generating value of type = Int true depth = 0
2021-03-12 12:20:51,191 [main:117] - GENERATED CALL = (result).removeRange(-935901008, -1864066364)
2021-03-12 12:20:51,191 [main:113] - Case = [public fun kotlin.String.removePrefix(prefix: kotlin.CharSequence): kotlin.String defined in kotlin.text[DeserializedSimpleFunctionDescriptor@5ec7d385]]
2021-03-12 12:20:51,192 [main:149] - GENERATING call of type public fun kotlin.String.removePrefix(prefix: kotlin.CharSequence): kotlin.String defined in kotlin.text[DeserializedSimpleFunctionDescriptor@5ec7d385]
2021-03-12 12:20:51,299 [main:302] - generating value of type = CharSequence false depth = 0
2021-03-12 12:20:51,379 [main:43] - GENERATING CALL OF fun StringBuilder(capacity: kotlin.Int): CharSequence = TODO()
2021-03-12 12:20:51,381 [main:61] - WITHOUT TYPE PARAMS = fun StringBuilder(capacity: kotlin.Int): CharSequence = TODO()
2021-03-12 12:20:51,591 [main:302] - generating value of type = Int true depth = 3
2021-03-12 12:20:51,592 [main:95] - GENERATED = StringBuilder(1987592141)
2021-03-12 12:20:51,593 [main:117] - GENERATED CALL = (result).removePrefix(StringBuilder(1987592141))
2021-03-12 12:20:51,593 [main:113] - Case = [public open fun get(index: kotlin.Int): kotlin.Char defined in kotlin.String[DeserializedSimpleFunctionDescriptor@561306b2], @kotlin.SinceKotlin @kotlin.ExperimentalStdlibApi @kotlin.internal.InlineOnly public inline fun kotlin.Char.uppercase(): kotlin.String defined in kotlin.text[DeserializedSimpleFunctionDescriptor@31e508ef]]
2021-03-12 12:20:51,593 [main:149] - GENERATING call of type public open fun get(index: kotlin.Int): kotlin.Char defined in kotlin.String[DeserializedSimpleFunctionDescriptor@561306b2]
2021-03-12 12:20:51,690 [main:302] - generating value of type = Int true depth = 0
2021-03-12 12:20:51,691 [main:149] - GENERATING call of type @kotlin.SinceKotlin @kotlin.ExperimentalStdlibApi @kotlin.internal.InlineOnly public inline fun kotlin.Char.uppercase(): kotlin.String defined in kotlin.text[DeserializedSimpleFunctionDescriptor@31e508ef]
2021-03-12 12:20:51,692 [main:117] - GENERATED CALL = (result).get(1445149771).uppercase()
2021-03-12 12:20:51,692 [main:113] - Case = [public open fun subSequence(startIndex: kotlin.Int, endIndex: kotlin.Int): kotlin.CharSequence defined in kotlin.String[DeserializedSimpleFunctionDescriptor@1878a144], @kotlin.internal.InlineOnly public inline fun kotlin.CharSequence.replaceFirst(regex: kotlin.text.Regex, replacement: kotlin.String): kotlin.String defined in kotlin.text[DeserializedSimpleFunctionDescriptor@39dcff06]]
2021-03-12 12:20:51,692 [main:149] - GENERATING call of type public open fun subSequence(startIndex: kotlin.Int, endIndex: kotlin.Int): kotlin.CharSequence defined in kotlin.String[DeserializedSimpleFunctionDescriptor@1878a144]
2021-03-12 12:20:51,767 [main:302] - generating value of type = Int true depth = 0
2021-03-12 12:20:51,842 [main:302] - generating value of type = Int true depth = 0
2021-03-12 12:20:51,843 [main:149] - GENERATING call of type @kotlin.internal.InlineOnly public inline fun kotlin.CharSequence.replaceFirst(regex: kotlin.text.Regex, replacement: kotlin.String): kotlin.String defined in kotlin.text[DeserializedSimpleFunctionDescriptor@39dcff06]
2021-03-12 12:20:51,931 [main:302] - generating value of type = Regex false depth = 0
2021-03-12 12:20:52,022 [main:43] - GENERATING CALL OF fun Regex(pattern: kotlin.String, option: kotlin.text.RegexOption): Regex = TODO()
2021-03-12 12:20:52,024 [main:61] - WITHOUT TYPE PARAMS = fun Regex(pattern: kotlin.String, option: kotlin.text.RegexOption): Regex = TODO()
2021-03-12 12:20:52,279 [main:302] - generating value of type = String true depth = 3
2021-03-12 12:20:52,279 [main:302] - generating value of type = RegexOption false depth = 3
2021-03-12 12:20:52,283 [main:95] - GENERATED = Regex("zinnh", kotlin.text.RegexOption.IGNORE_CASE)
2021-03-12 12:20:52,284 [main:117] - GENERATED CALL = (result).subSequence(1630075978, -791790866).replaceFirst(Regex("zinnh", kotlin.text.RegexOption.IGNORE_CASE), result)
2021-03-12 12:20:52,285 [main:113] - Case = [public open fun get(index: kotlin.Int): kotlin.Char defined in kotlin.String[DeserializedSimpleFunctionDescriptor@561306b2], @kotlin.internal.InlineOnly public inline operator fun kotlin.Char.plus(other: kotlin.String): kotlin.String defined in kotlin.text[DeserializedSimpleFunctionDescriptor@5edf6319]]
2021-03-12 12:20:52,285 [main:149] - GENERATING call of type public open fun get(index: kotlin.Int): kotlin.Char defined in kotlin.String[DeserializedSimpleFunctionDescriptor@561306b2]
2021-03-12 12:20:52,365 [main:302] - generating value of type = Int true depth = 0
2021-03-12 12:20:52,365 [main:149] - GENERATING call of type @kotlin.internal.InlineOnly public inline operator fun kotlin.Char.plus(other: kotlin.String): kotlin.String defined in kotlin.text[DeserializedSimpleFunctionDescriptor@5edf6319]
2021-03-12 12:20:52,366 [main:117] - GENERATED CALL = (result).get(1887853449).plus(result)
2021-03-12 12:20:52,366 [main:113] - Case = [public inline fun kotlin.String.filter(predicate: (kotlin.Char) -> kotlin.Boolean): kotlin.String defined in kotlin.text[DeserializedSimpleFunctionDescriptor@37793e23]]
2021-03-12 12:20:52,366 [main:149] - GENERATING call of type public inline fun kotlin.String.filter(predicate: (kotlin.Char) -> kotlin.Boolean): kotlin.String defined in kotlin.text[DeserializedSimpleFunctionDescriptor@37793e23]
2021-03-12 12:20:52,467 [main:302] - generating value of type = Function1<Char, Boolean> false depth = 0
2021-03-12 12:20:52,467 [main:302] - generating value of type = Boolean true depth = 1
2021-03-12 12:20:52,470 [main:117] - GENERATED CALL = (result).filter({a: Char -> true})
2021-03-12 12:20:52,470 [main:61] - replacement of "OK" of type String is (result).get(1445149771).uppercase()
2021-03-12 12:20:52,557 [main:33] - Trying to replace Element(STRING_TEMPLATE) on Element(DOT_QUALIFIED_EXPRESSION)
2021-03-12 12:20:52,558 [main:66] - Compilation checking started
2021-03-12 12:20:52,768 [main:49] - Result = false
Text:
fun box(): String {
    class A {
        val result = (result).get(1445149771).uppercase()
    }

    return (::A)().result
}


2021-03-12 12:20:52,875 [main:41] - AFTER TRY 0 res = fun box(): String {
    class A {
        val result = "OK"
    }

    return (::A)().result
}
2021-03-12 12:20:53,040 [main:112] - generating klass A text = class A {
        val result = "OK"
    }
2021-03-12 12:20:53,194 [main:43] - Try №0
2021-03-12 12:20:55,142 [main:70] - Trying to insert fun fu0(): String {
        var prope1 = 0
        if (run { prope1++; this }::prope0.isInitialized) return "Fail 1"

        prope0 = "A"
        if (!run { prope1++; this }::prope0.isInitialized) return "Fail 3"

        return if (prope1 == 2) "OK" else "Fail: state=$prope1"
    }
2021-03-12 12:20:55,282 [main:66] - Compilation checking started
2021-03-12 12:20:56,004 [main:104] - Trying to change 34 nodes
2021-03-12 12:20:56,004 [main:108] - replacing (!run { prope1++; this }::prope0.isInitialized, Boolean)
2021-03-12 12:20:56,006 [main:50] - replacing !run { prope1++; this }::prope0.isInitialized Boolean
2021-03-12 12:20:56,007 [main:54] - Getting value of type Boolean
2021-03-12 12:20:56,116 [main:302] - generating value of type = Boolean true depth = 0
2021-03-12 12:20:56,116 [main:58] - GENERATED VALUE OF TYPE Boolean = false
2021-03-12 12:20:56,116 [main:61] - GENERATED IS CALL =false
2021-03-12 12:20:56,119 [main:67] - randomType = Kla0
2021-03-12 12:20:56,228 [main:302] - generating value of type = Kla0 false depth = 0
2021-03-12 12:20:56,229 [main:112] - generating klass Kla0 text = class Kla0 {
    lateinit var prope0: String

    fun fu0(): String {
        val result = "OK"
var prope1 = 0
        if (run { prope1++; this }::prope0.isInitialized) return "Fail 1"

        prope0 = "A"
        if (!run { prope1++; this }::prope0.isInitialized) return "Fail 3"

        return if (prope1 == 2) "OK" else "Fail: state=$prope1"
    }
}
2021-03-12 12:20:56,248 [main:149] - GENERATING call of type public open fun equals(other: kotlin.Any?): kotlin.Boolean defined in Kla0[DeserializedSimpleFunctionDescriptor@3800d089]
2021-03-12 12:20:56,365 [main:302] - generating value of type = Any false depth = 0
2021-03-12 12:20:56,366 [main:149] - GENERATING call of type public final infix fun xor(other: kotlin.Boolean): kotlin.Boolean defined in kotlin.Boolean[DeserializedSimpleFunctionDescriptor@8fd65c4]
2021-03-12 12:20:56,465 [main:302] - generating value of type = Boolean true depth = 0
2021-03-12 12:20:56,466 [main:78] - Generated call from random type = (Kla0()).equals("envhk").xor(false)
2021-03-12 12:20:56,468 [main:106] - GETTING Boolean from A
2021-03-12 12:20:56,480 [main:113] - Case = [public open fun equals(other: kotlin.Any?): kotlin.Boolean defined in box.A[DeserializedSimpleFunctionDescriptor@7597bf6e], public final infix fun xor(other: kotlin.Boolean): kotlin.Boolean defined in kotlin.Boolean[DeserializedSimpleFunctionDescriptor@8fd65c4]]
2021-03-12 12:20:56,480 [main:149] - GENERATING call of type public open fun equals(other: kotlin.Any?): kotlin.Boolean defined in box.A[DeserializedSimpleFunctionDescriptor@7597bf6e]
2021-03-12 12:20:56,648 [main:302] - generating value of type = Any false depth = 0
2021-03-12 12:20:56,649 [main:149] - GENERATING call of type public final infix fun xor(other: kotlin.Boolean): kotlin.Boolean defined in kotlin.Boolean[DeserializedSimpleFunctionDescriptor@8fd65c4]
2021-03-12 12:20:56,762 [main:302] - generating value of type = Boolean true depth = 0
2021-03-12 12:20:56,764 [main:117] - GENERATED CALL = ((::A)()).equals("jksjq").xor(true)
2021-03-12 12:20:56,764 [main:113] - Case = [public final val result: kotlin.String defined in box.A[PropertyDescriptorImpl@3fc406ef], public fun kotlin.String.matches(regex: kotlin.String): kotlin.Boolean defined in kotlin.text[DeserializedSimpleFunctionDescriptor@940bdd7]]
2021-03-12 12:20:56,764 [main:149] - GENERATING call of type public fun kotlin.String.matches(regex: kotlin.String): kotlin.Boolean defined in kotlin.text[DeserializedSimpleFunctionDescriptor@940bdd7]
2021-03-12 12:20:56,863 [main:302] - generating value of type = String true depth = 0
2021-03-12 12:20:56,864 [main:117] - GENERATED CALL = ((::A)()).result.matches("rrovp")
2021-03-12 12:20:56,864 [main:113] - Case = [public open fun equals(other: kotlin.Any?): kotlin.Boolean defined in box.A[DeserializedSimpleFunctionDescriptor@7597bf6e], public final operator fun not(): kotlin.Boolean defined in kotlin.Boolean[DeserializedSimpleFunctionDescriptor@6b0b6001]]
2021-03-12 12:20:56,864 [main:149] - GENERATING call of type public open fun equals(other: kotlin.Any?): kotlin.Boolean defined in box.A[DeserializedSimpleFunctionDescriptor@7597bf6e]
2021-03-12 12:20:56,961 [main:302] - generating value of type = Any false depth = 0
2021-03-12 12:20:56,962 [main:149] - GENERATING call of type public final operator fun not(): kotlin.Boolean defined in kotlin.Boolean[DeserializedSimpleFunctionDescriptor@6b0b6001]
2021-03-12 12:20:56,962 [main:117] - GENERATED CALL = ((::A)()).equals("ytjyd").not()
2021-03-12 12:20:56,962 [main:113] - Case = [public final val result: kotlin.String defined in box.A[PropertyDescriptorImpl@3fc406ef], public fun kotlin.String.endsWith(suffix: kotlin.String, ignoreCase: kotlin.Boolean = ...): kotlin.Boolean defined in kotlin.text[DeserializedSimpleFunctionDescriptor@1ed53511]]
2021-03-12 12:20:56,963 [main:149] - GENERATING call of type public fun kotlin.String.endsWith(suffix: kotlin.String, ignoreCase: kotlin.Boolean = ...): kotlin.Boolean defined in kotlin.text[DeserializedSimpleFunctionDescriptor@1ed53511]
2021-03-12 12:20:57,065 [main:302] - generating value of type = Boolean true depth = 0
2021-03-12 12:20:57,066 [main:113] - Case = [public final val result: kotlin.String defined in box.A[PropertyDescriptorImpl@3fc406ef], @kotlin.Deprecated @kotlin.DeprecatedSinceKotlin @kotlin.internal.InlineOnly public inline fun kotlin.String.toBoolean(): kotlin.Boolean defined in kotlin.text[DeserializedSimpleFunctionDescriptor@7db3d12]]
2021-03-12 12:20:57,067 [main:149] - GENERATING call of type @kotlin.Deprecated @kotlin.DeprecatedSinceKotlin @kotlin.internal.InlineOnly public inline fun kotlin.String.toBoolean(): kotlin.Boolean defined in kotlin.text[DeserializedSimpleFunctionDescriptor@7db3d12]
2021-03-12 12:20:57,067 [main:117] - GENERATED CALL = ((::A)()).result.toBoolean()
2021-03-12 12:20:57,067 [main:113] - Case = [public final val result: kotlin.String defined in box.A[PropertyDescriptorImpl@3fc406ef], public open fun equals(other: kotlin.Any?): kotlin.Boolean defined in kotlin.String[DeserializedSimpleFunctionDescriptor@8196ff1]]
2021-03-12 12:20:57,067 [main:149] - GENERATING call of type public open fun equals(other: kotlin.Any?): kotlin.Boolean defined in kotlin.String[DeserializedSimpleFunctionDescriptor@8196ff1]
2021-03-12 12:20:57,195 [main:302] - generating value of type = Any false depth = 0
2021-03-12 12:20:57,196 [main:117] - GENERATED CALL = ((::A)()).result.equals("fcnlc")
2021-03-12 12:20:57,196 [main:113] - Case = [public final val result: kotlin.String defined in box.A[PropertyDescriptorImpl@3fc406ef], public fun kotlin.String.startsWith(prefix: kotlin.String, ignoreCase: kotlin.Boolean = ...): kotlin.Boolean defined in kotlin.text[DeserializedSimpleFunctionDescriptor@76e179ec]]
2021-03-12 12:20:57,196 [main:149] - GENERATING call of type public fun kotlin.String.startsWith(prefix: kotlin.String, ignoreCase: kotlin.Boolean = ...): kotlin.Boolean defined in kotlin.text[DeserializedSimpleFunctionDescriptor@76e179ec]
2021-03-12 12:20:57,313 [main:302] - generating value of type = String true depth = 0
2021-03-12 12:20:57,414 [main:302] - generating value of type = Boolean true depth = 0
2021-03-12 12:20:57,416 [main:117] - GENERATED CALL = ((::A)()).result.startsWith("ckhdz", false)
2021-03-12 12:20:57,416 [main:113] - Case = [public open fun equals(other: kotlin.Any?): kotlin.Boolean defined in box.A[DeserializedSimpleFunctionDescriptor@7597bf6e], public open fun equals(other: kotlin.Any?): kotlin.Boolean defined in kotlin.Boolean[DeserializedSimpleFunctionDescriptor@700a2863]]
2021-03-12 12:20:57,416 [main:149] - GENERATING call of type public open fun equals(other: kotlin.Any?): kotlin.Boolean defined in box.A[DeserializedSimpleFunctionDescriptor@7597bf6e]
2021-03-12 12:20:57,514 [main:302] - generating value of type = Any false depth = 0
2021-03-12 12:20:57,514 [main:149] - GENERATING call of type public open fun equals(other: kotlin.Any?): kotlin.Boolean defined in kotlin.Boolean[DeserializedSimpleFunctionDescriptor@700a2863]
2021-03-12 12:20:57,618 [main:302] - generating value of type = Any false depth = 0
2021-03-12 12:20:57,619 [main:117] - GENERATED CALL = ((::A)()).equals("kdyqi").equals("lnhbp")
2021-03-12 12:20:57,619 [main:113] - Case = [public open fun equals(other: kotlin.Any?): kotlin.Boolean defined in box.A[DeserializedSimpleFunctionDescriptor@7597bf6e]]
2021-03-12 12:20:57,619 [main:149] - GENERATING call of type public open fun equals(other: kotlin.Any?): kotlin.Boolean defined in box.A[DeserializedSimpleFunctionDescriptor@7597bf6e]
2021-03-12 12:20:57,751 [main:302] - generating value of type = Any false depth = 0
2021-03-12 12:20:57,751 [main:117] - GENERATED CALL = ((::A)()).equals("uqmhg")
2021-03-12 12:20:57,751 [main:113] - Case = [public open fun equals(other: kotlin.Any?): kotlin.Boolean defined in box.A[DeserializedSimpleFunctionDescriptor@7597bf6e], public final infix fun and(other: kotlin.Boolean): kotlin.Boolean defined in kotlin.Boolean[DeserializedSimpleFunctionDescriptor@18f7f928]]
2021-03-12 12:20:57,752 [main:149] - GENERATING call of type public open fun equals(other: kotlin.Any?): kotlin.Boolean defined in box.A[DeserializedSimpleFunctionDescriptor@7597bf6e]
2021-03-12 12:20:57,875 [main:302] - generating value of type = Any false depth = 0
2021-03-12 12:20:57,876 [main:149] - GENERATING call of type public final infix fun and(other: kotlin.Boolean): kotlin.Boolean defined in kotlin.Boolean[DeserializedSimpleFunctionDescriptor@18f7f928]
2021-03-12 12:20:57,985 [main:302] - generating value of type = Boolean true depth = 0
2021-03-12 12:20:57,985 [main:117] - GENERATED CALL = ((::A)()).equals("lshdf").and(false)
2021-03-12 12:20:57,986 [main:115] - replacement of !run { prope1++; this }::prope0.isInitialized of type Boolean is ((::A)()).equals("ytjyd").not()
2021-03-12 12:20:58,086 [main:33] - Trying to replace Element(PREFIX_EXPRESSION) on Element(DOT_QUALIFIED_EXPRESSION)
2021-03-12 12:20:58,087 [main:66] - Compilation checking started
2021-03-12 12:20:58,322 [main:49] - Result = false
Text:
fun box(): String {
    class A {
        val result = "OK"
    }

    return (::A)().result
}

class Kla0 {
    lateinit var prope0: String

    fun fu0(): String {
        val result = "OK"
var prope1 = 0
        if (run { prope1++; this }::prope0.isInitialized) return "Fail 1"

        prope0 = "A"
        if (((::A)()).equals("ytjyd").not()) return "Fail 3"

        return if (prope1 == 2) "OK" else "Fail: state=$prope1"
    }
}

fun box441(): String {
    return Kla0().fu0()
}


2021-03-12 12:20:58,323 [main:108] - replacing ("A", String)
2021-03-12 12:20:58,323 [main:50] - replacing "A" String
2021-03-12 12:20:58,324 [main:54] - Getting value of type String
2021-03-12 12:20:58,418 [main:302] - generating value of type = String true depth = 0
2021-03-12 12:20:58,419 [main:58] - GENERATED VALUE OF TYPE String = "xqmyf"
2021-03-12 12:20:58,420 [main:61] - GENERATED IS CALL =false
2021-03-12 12:20:58,641 [main:67] - randomType = HashMap<UByte, Kla0>
2021-03-12 12:20:58,736 [main:302] - generating value of type = HashMap<UByte, Kla0> false depth = 0
2021-03-12 12:20:58,838 [main:43] - GENERATING CALL OF fun <K, V> hashMapOf(pairs: Pair<UByte, Kla0>): HashMap<UByte, Kla0> = TODO()
2021-03-12 12:20:58,840 [main:61] - WITHOUT TYPE PARAMS = fun <K, V> hashMapOf(pairs: Pair<UByte, Kla0>): HashMap<UByte, Kla0> = TODO()
2021-03-12 12:20:58,954 [main:302] - generating value of type = Pair<UByte, Kla0> false depth = 3
2021-03-12 12:20:59,059 [main:43] - GENERATING CALL OF fun <A, B> Pair(first: UByte, second: Kla0): Pair<UByte, Kla0> = TODO()
2021-03-12 12:20:59,061 [main:61] - WITHOUT TYPE PARAMS = fun <A, B> Pair(first: UByte, second: Kla0): Pair<UByte, Kla0> = TODO()
2021-03-12 12:20:59,160 [main:302] - generating value of type = UByte true depth = 6
2021-03-12 12:20:59,160 [main:302] - generating value of type = Kla0 false depth = 6
2021-03-12 12:20:59,160 [main:112] - generating klass Kla0 text = class Kla0 {
    lateinit var prope0: String

    fun fu0(): String {
        val result = "OK"
var prope1 = 0
        if (run { prope1++; this }::prope0.isInitialized) return "Fail 1"

        prope0 = "A"
        if (!run { prope1++; this }::prope0.isInitialized) return "Fail 3"

        return if (prope1 == 2) "OK" else "Fail: state=$prope1"
    }
}
2021-03-12 12:20:59,161 [main:95] - GENERATED = Pair<UByte, Kla0>(62.toUByte(), Kla0())
2021-03-12 12:20:59,161 [main:95] - GENERATED = hashMapOf<UByte, Kla0>(Pair<UByte, Kla0>(62.toUByte(), Kla0()))
2021-03-12 12:20:59,337 [main:149] - GENERATING call of type @kotlin.SinceKotlin public fun kotlin.Int.toString(radix: kotlin.Int): kotlin.String defined in kotlin.text[DeserializedSimpleFunctionDescriptor@18087347]
2021-03-12 12:20:59,436 [main:302] - generating value of type = Int true depth = 0
2021-03-12 12:20:59,437 [main:78] - Generated call from random type = (hashMapOf<UByte, Kla0>(Pair<UByte, Kla0>(62.toUByte(), Kla0()))).size.toString(-1248404118)
2021-03-12 12:20:59,437 [main:115] - replacement of "A" of type String is (hashMapOf<UByte, Kla0>(Pair<UByte, Kla0>(62.toUByte(), Kla0()))).size.toString(-1248404118)
2021-03-12 12:20:59,538 [main:33] - Trying to replace Element(STRING_TEMPLATE) on Element(DOT_QUALIFIED_EXPRESSION)
2021-03-12 12:20:59,538 [main:66] - Compilation checking started
2021-03-12 12:21:00,028 [main:53] - Result = true
Text:
fun box(): String {
    class A {
        val result = "OK"
    }

    return (::A)().result
}

class Kla0 {
    lateinit var prope0: String

    fun fu0(): String {
        val result = "OK"
var prope1 = 0
        if (run { prope1++; this }::prope0.isInitialized) return "Fail 1"

        prope0 = (hashMapOf<UByte, Kla0>(Pair<UByte, Kla0>(62.toUByte(), Kla0()))).size.toString(-1248404118)
        if (!run { prope1++; this }::prope0.isInitialized) return "Fail 3"

        return if (prope1 == 2) "OK" else "Fail: state=$prope1"
    }
}

fun box441(): String {
    return Kla0().fu0()
}


2021-03-12 12:21:00,029 [main:108] - replacing (prope1, Int)
2021-03-12 12:21:00,029 [main:50] - replacing prope1 Int
2021-03-12 12:21:00,029 [main:54] - Getting value of type Int
2021-03-12 12:21:00,149 [main:302] - generating value of type = Int true depth = 0
2021-03-12 12:21:00,149 [main:58] - GENERATED VALUE OF TYPE Int = -1112142322
2021-03-12 12:21:00,149 [main:61] - GENERATED IS CALL =false
2021-03-12 12:21:00,151 [main:67] - randomType = Kla0
2021-03-12 12:21:00,261 [main:302] - generating value of type = Kla0 false depth = 0
2021-03-12 12:21:00,261 [main:112] - generating klass Kla0 text = class Kla0 {
    lateinit var prope0: String

    fun fu0(): String {
        val result = "OK"
var prope1 = 0
        if (run { prope1++; this }::prope0.isInitialized) return "Fail 1"

        prope0 = (hashMapOf<UByte, Kla0>(Pair<UByte, Kla0>(62.toUByte(), Kla0()))).size.toString(-1248404118)
        if (!run { prope1++; this }::prope0.isInitialized) return "Fail 3"

        return if (prope1 == 2) "OK" else "Fail: state=$prope1"
    }
}
2021-03-12 12:21:00,271 [main:78] - Generated call from random type = (Kla0()).prope0.length
2021-03-12 12:21:00,271 [main:115] - replacement of prope1 of type Int is (Kla0()).prope0.length
2021-03-12 12:21:00,378 [main:33] - Trying to replace Element(REFERENCE_EXPRESSION) on Element(DOT_QUALIFIED_EXPRESSION)
2021-03-12 12:21:00,379 [main:66] - Compilation checking started
2021-03-12 12:21:00,720 [main:49] - Result = false
Text:
fun box(): String {
    class A {
        val result = "OK"
    }

    return (::A)().result
}

class Kla0 {
    lateinit var prope0: String

    fun fu0(): String {
        val result = "OK"
var prope1 = 0
        if (run { prope1++; this }::prope0.isInitialized) return "Fail 1"

        prope0 = (hashMapOf<UByte, Kla0>(Pair<UByte, Kla0>(62.toUByte(), Kla0()))).size.toString(-1248404118)
        if (!run { (Kla0()).prope0.length++; this }::prope0.isInitialized) return "Fail 3"

        return if (prope1 == 2) "OK" else "Fail: state=$prope1"
    }
}

fun box441(): String {
    return Kla0().fu0()
}


2021-03-12 12:21:00,722 [main:108] - replacing (prope0, String)
2021-03-12 12:21:00,722 [main:50] - replacing prope0 String
2021-03-12 12:21:00,722 [main:54] - Getting value of type String
2021-03-12 12:21:00,831 [main:302] - generating value of type = String true depth = 0
2021-03-12 12:21:00,832 [main:58] - GENERATED VALUE OF TYPE String = "tvnjh"
2021-03-12 12:21:00,832 [main:61] - GENERATED IS CALL =false
2021-03-12 12:21:00,833 [main:67] - randomType = Boolean
2021-03-12 12:21:00,945 [main:302] - generating value of type = Boolean true depth = 0
2021-03-12 12:21:00,965 [main:149] - GENERATING call of type public open fun compareTo(other: kotlin.Boolean): kotlin.Int defined in kotlin.Boolean[DeserializedSimpleFunctionDescriptor@37c5cf61]
2021-03-12 12:21:01,084 [main:302] - generating value of type = Boolean true depth = 0
2021-03-12 12:21:01,084 [main:149] - GENERATING call of type @kotlin.SinceKotlin public fun kotlin.Int.toString(radix: kotlin.Int): kotlin.String defined in kotlin.text[DeserializedSimpleFunctionDescriptor@18087347]
2021-03-12 12:21:01,197 [main:302] - generating value of type = Int true depth = 0
2021-03-12 12:21:01,199 [main:78] - Generated call from random type = (true).compareTo(true).toString(802671851)
2021-03-12 12:21:01,201 [main:106] - GETTING String from KFunction0<A>
2021-03-12 12:21:01,250 [main:113] - Case = [public expect abstract val name: kotlin.String defined in kotlin.reflect.KFunction0[DeserializedPropertyDescriptor@2c1d6d75], @kotlin.SinceKotlin @kotlin.ExperimentalStdlibApi @kotlin.internal.InlineOnly public inline fun kotlin.String.lowercase(): kotlin.String defined in kotlin.text[DeserializedSimpleFunctionDescriptor@79802b71]]
2021-03-12 12:21:01,250 [main:149] - GENERATING call of type @kotlin.SinceKotlin @kotlin.ExperimentalStdlibApi @kotlin.internal.InlineOnly public inline fun kotlin.String.lowercase(): kotlin.String defined in kotlin.text[DeserializedSimpleFunctionDescriptor@79802b71]
2021-03-12 12:21:01,251 [main:117] - GENERATED CALL = (::A).name.lowercase()
2021-03-12 12:21:01,251 [main:113] - Case = [public expect abstract val name: kotlin.String defined in kotlin.reflect.KFunction0[DeserializedPropertyDescriptor@2c1d6d75], public fun kotlin.String.prependIndent(indent: kotlin.String = ...): kotlin.String defined in kotlin.text[DeserializedSimpleFunctionDescriptor@3a5e0538]]
2021-03-12 12:21:01,251 [main:149] - GENERATING call of type public fun kotlin.String.prependIndent(indent: kotlin.String = ...): kotlin.String defined in kotlin.text[DeserializedSimpleFunctionDescriptor@3a5e0538]
2021-03-12 12:21:01,252 [main:113] - Case = [public expect abstract val name: kotlin.String defined in kotlin.reflect.KFunction0[DeserializedPropertyDescriptor@2c1d6d75], public final operator fun plus(other: kotlin.Any?): kotlin.String defined in kotlin.String[DeserializedSimpleFunctionDescriptor@5bdd3b29]]
2021-03-12 12:21:01,252 [main:149] - GENERATING call of type public final operator fun plus(other: kotlin.Any?): kotlin.String defined in kotlin.String[DeserializedSimpleFunctionDescriptor@5bdd3b29]
2021-03-12 12:21:01,358 [main:302] - generating value of type = Any false depth = 0
2021-03-12 12:21:01,359 [main:117] - GENERATED CALL = (::A).name.plus("qgdzz")
2021-03-12 12:21:01,360 [main:113] - Case = [public expect abstract val name: kotlin.String defined in kotlin.reflect.KFunction0[DeserializedPropertyDescriptor@2c1d6d75], public fun kotlin.String.replaceBeforeLast(delimiter: kotlin.Char, replacement: kotlin.String, missingDelimiterValue: kotlin.String = ...): kotlin.String defined in kotlin.text[DeserializedSimpleFunctionDescriptor@7b5c2b4]]
2021-03-12 12:21:01,360 [main:149] - GENERATING call of type public fun kotlin.String.replaceBeforeLast(delimiter: kotlin.Char, replacement: kotlin.String, missingDelimiterValue: kotlin.String = ...): kotlin.String defined in kotlin.text[DeserializedSimpleFunctionDescriptor@7b5c2b4]
2021-03-12 12:21:01,462 [main:302] - generating value of type = Char true depth = 0
