2021-03-12 10:07:41,148 [main:24] - Name = /home/stepanov/Kotlin/bbfgradle/tmp/arrays/parametersToString.kt
2021-03-12 10:07:45,539 [main:53] - Start to mutate
2021-03-12 10:07:45,540 [main:54] - BEFORE = import kotlin.test.*

fun Int.foo(s: String) {}

class A {
    fun bar() {}
}

fun baz(name: String) {}

fun box(): String {
    assertEquals(
            listOf("extension receiver parameter of ${Int::foo}", "parameter #1 s of ${Int::foo}"),
            Int::foo.parameters.map(Any::toString)
    )

    assertEquals(
            listOf("instance parameter of ${A::bar}"),
            A::bar.parameters.map(Any::toString)
    )

    assertEquals(
            listOf("parameter #0 name of ${::baz}"),
            ::baz.parameters.map(Any::toString)
    )

    return "OK"
}
2021-03-12 10:07:46,633 [main:40] - Mutation of tmp/tmp0.kt started
2021-03-12 10:07:47,008 [main:19] - Cur transformation AddDefaultValueToArg
2021-03-12 10:07:52,053 [main:19] - Cur transformation LocalTCE
2021-03-12 10:08:04,590 [main:19] - Cur transformation AddReificationToTypeParam
2021-03-12 10:08:04,599 [main:19] - Cur transformation TCETransformation
